{"C:\\Users\\akran\\WORK\\Pilates-Studio\\config\\businessRules.config.js": {"path":"C:\\Users\\akran\\WORK\\Pilates-Studio\\config\\businessRules.config.js","statementMap":{"0":{"start":{"line":4,"column":0},"end":{"line":163,"column":2}},"1":{"start":{"line":155,"column":4},"end":{"line":159,"column":5}},"2":{"start":{"line":156,"column":6},"end":{"line":158,"column":7}},"3":{"start":{"line":157,"column":8},"end":{"line":157,"column":21}},"4":{"start":{"line":161,"column":4},"end":{"line":161,"column":34}}},"fnMap":{"0":{"name":"(anonymous_0)","decl":{"start":{"line":153,"column":2},"end":{"line":153,"column":3}},"loc":{"start":{"line":153,"column":26},"end":{"line":162,"column":3}},"line":153}},"branchMap":{"0":{"loc":{"start":{"line":63,"column":17},"end":{"line":63,"column":81}},"type":"cond-expr","locations":[{"start":{"line":63,"column":57},"end":{"line":63,"column":69}},{"start":{"line":63,"column":72},"end":{"line":63,"column":81}}],"line":63},"1":{"loc":{"start":{"line":155,"column":4},"end":{"line":159,"column":5}},"type":"if","locations":[{"start":{"line":155,"column":4},"end":{"line":159,"column":5}},{"start":{},"end":{}}],"line":155},"2":{"loc":{"start":{"line":155,"column":8},"end":{"line":155,"column":88}},"type":"binary-expr","locations":[{"start":{"line":155,"column":8},"end":{"line":155,"column":45}},{"start":{"line":155,"column":49},"end":{"line":155,"column":88}}],"line":155},"3":{"loc":{"start":{"line":156,"column":6},"end":{"line":158,"column":7}},"type":"if","locations":[{"start":{"line":156,"column":6},"end":{"line":158,"column":7}},{"start":{},"end":{}}],"line":156},"4":{"loc":{"start":{"line":156,"column":10},"end":{"line":156,"column":75}},"type":"binary-expr","locations":[{"start":{"line":156,"column":10},"end":{"line":156,"column":33}},{"start":{"line":156,"column":37},"end":{"line":156,"column":75}}],"line":156}},"s":{"0":1,"1":0,"2":0,"3":0,"4":0},"f":{"0":0},"b":{"0":[0,1],"1":[0,0],"2":[0,0],"3":[0,0],"4":[0,0]},"inputSourceMap":null,"_coverageSchema":"1a1c01bbd47fc00a2c39e90264f33305004495a9","hash":"cb637e729ebe6e2f6b5c761c83884a6c0d699835"}
,"C:\\Users\\akran\\WORK\\Pilates-Studio\\config\\environment.js": {"path":"C:\\Users\\akran\\WORK\\Pilates-Studio\\config\\environment.js","statementMap":{"0":{"start":{"line":2,"column":22},"end":{"line":2,"column":59}},"1":{"start":{"line":3,"column":18},"end":{"line":3,"column":54}},"2":{"start":{"line":6,"column":19},"end":{"line":13,"column":1}},"3":{"start":{"line":7,"column":2},"end":{"line":11,"column":3}},"4":{"start":{"line":8,"column":4},"end":{"line":10,"column":55}},"5":{"start":{"line":12,"column":2},"end":{"line":12,"column":82}},"6":{"start":{"line":15,"column":23},"end":{"line":22,"column":1}},"7":{"start":{"line":16,"column":2},"end":{"line":20,"column":3}},"8":{"start":{"line":17,"column":4},"end":{"line":19,"column":72}},"9":{"start":{"line":21,"column":2},"end":{"line":21,"column":61}},"10":{"start":{"line":24,"column":16},"end":{"line":24,"column":28}},"11":{"start":{"line":25,"column":20},"end":{"line":25,"column":36}},"12":{"start":{"line":27,"column":0},"end":{"line":75,"column":2}},"13":{"start":{"line":68,"column":4},"end":{"line":68,"column":19}},"14":{"start":{"line":73,"column":4},"end":{"line":73,"column":23}}},"fnMap":{"0":{"name":"(anonymous_0)","decl":{"start":{"line":6,"column":19},"end":{"line":6,"column":20}},"loc":{"start":{"line":6,"column":25},"end":{"line":13,"column":1}},"line":6},"1":{"name":"(anonymous_1)","decl":{"start":{"line":15,"column":23},"end":{"line":15,"column":24}},"loc":{"start":{"line":15,"column":29},"end":{"line":22,"column":1}},"line":15},"2":{"name":"(anonymous_2)","decl":{"start":{"line":67,"column":2},"end":{"line":67,"column":3}},"loc":{"start":{"line":67,"column":14},"end":{"line":69,"column":3}},"line":67},"3":{"name":"(anonymous_3)","decl":{"start":{"line":72,"column":2},"end":{"line":72,"column":3}},"loc":{"start":{"line":72,"column":19},"end":{"line":74,"column":3}},"line":72}},"branchMap":{"0":{"loc":{"start":{"line":7,"column":2},"end":{"line":11,"column":3}},"type":"if","locations":[{"start":{"line":7,"column":2},"end":{"line":11,"column":3}},{"start":{},"end":{}}],"line":7},"1":{"loc":{"start":{"line":7,"column":6},"end":{"line":7,"column":56}},"type":"binary-expr","locations":[{"start":{"line":7,"column":6},"end":{"line":7,"column":15}},{"start":{"line":7,"column":19},"end":{"line":7,"column":56}}],"line":7},"2":{"loc":{"start":{"line":8,"column":11},"end":{"line":10,"column":54}},"type":"cond-expr","locations":[{"start":{"line":9,"column":8},"end":{"line":9,"column":54}},{"start":{"line":10,"column":8},"end":{"line":10,"column":54}}],"line":8},"3":{"loc":{"start":{"line":10,"column":8},"end":{"line":10,"column":54}},"type":"binary-expr","locations":[{"start":{"line":10,"column":8},"end":{"line":10,"column":28}},{"start":{"line":10,"column":32},"end":{"line":10,"column":54}}],"line":10},"4":{"loc":{"start":{"line":12,"column":9},"end":{"line":12,"column":81}},"type":"binary-expr","locations":[{"start":{"line":12,"column":9},"end":{"line":12,"column":30}},{"start":{"line":12,"column":34},"end":{"line":12,"column":54}},{"start":{"line":12,"column":58},"end":{"line":12,"column":81}}],"line":12},"5":{"loc":{"start":{"line":16,"column":2},"end":{"line":20,"column":3}},"type":"if","locations":[{"start":{"line":16,"column":2},"end":{"line":20,"column":3}},{"start":{},"end":{}}],"line":16},"6":{"loc":{"start":{"line":16,"column":6},"end":{"line":16,"column":56}},"type":"binary-expr","locations":[{"start":{"line":16,"column":6},"end":{"line":16,"column":15}},{"start":{"line":16,"column":19},"end":{"line":16,"column":56}}],"line":16},"7":{"loc":{"start":{"line":17,"column":11},"end":{"line":19,"column":71}},"type":"cond-expr","locations":[{"start":{"line":18,"column":8},"end":{"line":18,"column":54}},{"start":{"line":19,"column":8},"end":{"line":19,"column":71}}],"line":17},"8":{"loc":{"start":{"line":19,"column":8},"end":{"line":19,"column":71}},"type":"binary-expr","locations":[{"start":{"line":19,"column":8},"end":{"line":19,"column":32}},{"start":{"line":19,"column":36},"end":{"line":19,"column":71}}],"line":19},"9":{"loc":{"start":{"line":21,"column":9},"end":{"line":21,"column":60}},"type":"binary-expr","locations":[{"start":{"line":21,"column":9},"end":{"line":21,"column":33}},{"start":{"line":21,"column":37},"end":{"line":21,"column":60}}],"line":21},"10":{"loc":{"start":{"line":50,"column":9},"end":{"line":50,"column":106}},"type":"binary-expr","locations":[{"start":{"line":50,"column":9},"end":{"line":50,"column":33}},{"start":{"line":50,"column":37},"end":{"line":50,"column":60}},{"start":{"line":50,"column":64},"end":{"line":50,"column":106}}],"line":50},"11":{"loc":{"start":{"line":62,"column":13},"end":{"line":62,"column":50}},"type":"binary-expr","locations":[{"start":{"line":62,"column":13},"end":{"line":62,"column":33}},{"start":{"line":62,"column":37},"end":{"line":62,"column":50}}],"line":62},"12":{"loc":{"start":{"line":63,"column":10},"end":{"line":63,"column":34}},"type":"binary-expr","locations":[{"start":{"line":63,"column":10},"end":{"line":63,"column":26}},{"start":{"line":63,"column":30},"end":{"line":63,"column":34}}],"line":63}},"s":{"0":1,"1":1,"2":1,"3":1,"4":0,"5":1,"6":1,"7":1,"8":0,"9":1,"10":1,"11":1,"12":1,"13":0,"14":0},"f":{"0":1,"1":1,"2":0,"3":0},"b":{"0":[0,1],"1":[1,1],"2":[0,0],"3":[0,0],"4":[1,1,1],"5":[0,1],"6":[1,1],"7":[0,0],"8":[0,0],"9":[1,0],"10":[1,1,0],"11":[1,0],"12":[1,0]},"inputSourceMap":null,"_coverageSchema":"1a1c01bbd47fc00a2c39e90264f33305004495a9","hash":"6d3f769bf4541f721b301c54806ca3aab6e18ded"}
,"C:\\Users\\akran\\WORK\\Pilates-Studio\\controllers\\classSessions.controller.js": {"path":"C:\\Users\\akran\\WORK\\Pilates-Studio\\controllers\\classSessions.controller.js","statementMap":{"0":{"start":{"line":1,"column":21},"end":{"line":1,"column":62}},"1":{"start":{"line":2,"column":18},"end":{"line":2,"column":56}},"2":{"start":{"line":3,"column":19},"end":{"line":3,"column":58}},"3":{"start":{"line":4,"column":17},"end":{"line":4,"column":36}},"4":{"start":{"line":7,"column":0},"end":{"line":157,"column":2}},"5":{"start":{"line":8,"column":4},"end":{"line":156,"column":5}},"6":{"start":{"line":9,"column":51},"end":{"line":9,"column":60}},"7":{"start":{"line":12,"column":20},"end":{"line":12,"column":30}},"8":{"start":{"line":14,"column":21},"end":{"line":17,"column":9}},"9":{"start":{"line":20,"column":8},"end":{"line":52,"column":9}},"10":{"start":{"line":22,"column":31},"end":{"line":22,"column":45}},"11":{"start":{"line":23,"column":12},"end":{"line":23,"column":44}},"12":{"start":{"line":26,"column":26},"end":{"line":26,"column":36}},"13":{"start":{"line":27,"column":12},"end":{"line":27,"column":39}},"14":{"start":{"line":28,"column":28},"end":{"line":28,"column":68}},"15":{"start":{"line":32,"column":32},"end":{"line":32,"column":58}},"16":{"start":{"line":36,"column":32},"end":{"line":36,"column":52}},"17":{"start":{"line":37,"column":12},"end":{"line":37,"column":59}},"18":{"start":{"line":38,"column":12},"end":{"line":38,"column":45}},"19":{"start":{"line":40,"column":12},"end":{"line":43,"column":14}},"20":{"start":{"line":45,"column":12},"end":{"line":51,"column":15}},"21":{"start":{"line":55,"column":8},"end":{"line":64,"column":9}},"22":{"start":{"line":56,"column":33},"end":{"line":56,"column":61}},"23":{"start":{"line":57,"column":31},"end":{"line":57,"column":67}},"24":{"start":{"line":60,"column":12},"end":{"line":63,"column":14}},"25":{"start":{"line":67,"column":8},"end":{"line":69,"column":9}},"26":{"start":{"line":68,"column":12},"end":{"line":68,"column":45}},"27":{"start":{"line":71,"column":25},"end":{"line":74,"column":34}},"28":{"start":{"line":78,"column":31},"end":{"line":78,"column":39}},"29":{"start":{"line":79,"column":8},"end":{"line":95,"column":9}},"30":{"start":{"line":80,"column":34},"end":{"line":80,"column":48}},"31":{"start":{"line":81,"column":12},"end":{"line":92,"column":15}},"32":{"start":{"line":82,"column":37},"end":{"line":82,"column":63}},"33":{"start":{"line":84,"column":33},"end":{"line":86,"column":89}},"34":{"start":{"line":89,"column":33},"end":{"line":89,"column":51}},"35":{"start":{"line":91,"column":16},"end":{"line":91,"column":44}},"36":{"start":{"line":94,"column":12},"end":{"line":94,"column":117}},"37":{"start":{"line":98,"column":31},"end":{"line":98,"column":33}},"38":{"start":{"line":100,"column":8},"end":{"line":131,"column":11}},"39":{"start":{"line":102,"column":30},"end":{"line":102,"column":56}},"40":{"start":{"line":103,"column":25},"end":{"line":103,"column":48}},"41":{"start":{"line":104,"column":26},"end":{"line":104,"column":75}},"42":{"start":{"line":105,"column":24},"end":{"line":105,"column":68}},"43":{"start":{"line":106,"column":28},"end":{"line":106,"column":53}},"44":{"start":{"line":108,"column":12},"end":{"line":110,"column":13}},"45":{"start":{"line":109,"column":16},"end":{"line":109,"column":45}},"46":{"start":{"line":113,"column":32},"end":{"line":113,"column":58}},"47":{"start":{"line":114,"column":27},"end":{"line":114,"column":45}},"48":{"start":{"line":116,"column":12},"end":{"line":130,"column":15}},"49":{"start":{"line":134,"column":8},"end":{"line":138,"column":11}},"50":{"start":{"line":135,"column":12},"end":{"line":137,"column":14}},"51":{"start":{"line":136,"column":16},"end":{"line":136,"column":59}},"52":{"start":{"line":140,"column":8},"end":{"line":148,"column":11}},"53":{"start":{"line":150,"column":8},"end":{"line":150,"column":65}},"54":{"start":{"line":151,"column":8},"end":{"line":155,"column":11}},"55":{"start":{"line":160,"column":0},"end":{"line":231,"column":2}},"56":{"start":{"line":161,"column":4},"end":{"line":230,"column":5}},"57":{"start":{"line":162,"column":83},"end":{"line":162,"column":92}},"58":{"start":{"line":164,"column":21},"end":{"line":164,"column":23}},"59":{"start":{"line":167,"column":8},"end":{"line":180,"column":9}},"60":{"start":{"line":168,"column":31},"end":{"line":168,"column":45}},"61":{"start":{"line":169,"column":12},"end":{"line":169,"column":44}},"62":{"start":{"line":172,"column":32},"end":{"line":172,"column":52}},"63":{"start":{"line":173,"column":12},"end":{"line":173,"column":59}},"64":{"start":{"line":174,"column":12},"end":{"line":174,"column":45}},"65":{"start":{"line":176,"column":12},"end":{"line":179,"column":14}},"66":{"start":{"line":183,"column":8},"end":{"line":187,"column":9}},"67":{"start":{"line":184,"column":12},"end":{"line":184,"column":33}},"68":{"start":{"line":185,"column":12},"end":{"line":185,"column":70}},"69":{"start":{"line":185,"column":27},"end":{"line":185,"column":70}},"70":{"start":{"line":186,"column":12},"end":{"line":186,"column":66}},"71":{"start":{"line":186,"column":25},"end":{"line":186,"column":66}},"72":{"start":{"line":190,"column":8},"end":{"line":192,"column":9}},"73":{"start":{"line":191,"column":12},"end":{"line":191,"column":45}},"74":{"start":{"line":195,"column":8},"end":{"line":197,"column":9}},"75":{"start":{"line":196,"column":12},"end":{"line":196,"column":47}},"76":{"start":{"line":200,"column":8},"end":{"line":202,"column":9}},"77":{"start":{"line":201,"column":12},"end":{"line":201,"column":68}},"78":{"start":{"line":204,"column":25},"end":{"line":207,"column":34}},"79":{"start":{"line":210,"column":31},"end":{"line":210,"column":39}},"80":{"start":{"line":211,"column":8},"end":{"line":219,"column":9}},"81":{"start":{"line":212,"column":34},"end":{"line":212,"column":48}},"82":{"start":{"line":213,"column":12},"end":{"line":218,"column":15}},"83":{"start":{"line":214,"column":37},"end":{"line":214,"column":63}},"84":{"start":{"line":215,"column":16},"end":{"line":217,"column":82}},"85":{"start":{"line":221,"column":8},"end":{"line":227,"column":11}},"86":{"start":{"line":229,"column":8},"end":{"line":229,"column":53}},"87":{"start":{"line":234,"column":0},"end":{"line":257,"column":2}},"88":{"start":{"line":235,"column":4},"end":{"line":256,"column":5}},"89":{"start":{"line":236,"column":24},"end":{"line":238,"column":82}},"90":{"start":{"line":240,"column":8},"end":{"line":242,"column":9}},"91":{"start":{"line":241,"column":12},"end":{"line":241,"column":78}},"92":{"start":{"line":245,"column":28},"end":{"line":245,"column":46}},"93":{"start":{"line":246,"column":8},"end":{"line":246,"column":78}},"94":{"start":{"line":247,"column":8},"end":{"line":247,"column":71}},"95":{"start":{"line":248,"column":8},"end":{"line":248,"column":59}},"96":{"start":{"line":250,"column":8},"end":{"line":253,"column":11}},"97":{"start":{"line":255,"column":8},"end":{"line":255,"column":53}},"98":{"start":{"line":260,"column":0},"end":{"line":335,"column":2}},"99":{"start":{"line":261,"column":4},"end":{"line":334,"column":5}},"100":{"start":{"line":262,"column":66},"end":{"line":262,"column":74}},"101":{"start":{"line":265,"column":8},"end":{"line":273,"column":9}},"102":{"start":{"line":266,"column":12},"end":{"line":272,"column":15}},"103":{"start":{"line":276,"column":26},"end":{"line":276,"column":63}},"104":{"start":{"line":277,"column":8},"end":{"line":279,"column":9}},"105":{"start":{"line":278,"column":12},"end":{"line":278,"column":75}},"106":{"start":{"line":282,"column":8},"end":{"line":287,"column":9}},"107":{"start":{"line":283,"column":31},"end":{"line":283,"column":70}},"108":{"start":{"line":284,"column":12},"end":{"line":286,"column":13}},"109":{"start":{"line":285,"column":16},"end":{"line":285,"column":79}},"110":{"start":{"line":290,"column":28},"end":{"line":290,"column":46}},"111":{"start":{"line":291,"column":31},"end":{"line":291,"column":79}},"112":{"start":{"line":293,"column":35},"end":{"line":298,"column":10}},"113":{"start":{"line":300,"column":8},"end":{"line":304,"column":9}},"114":{"start":{"line":301,"column":12},"end":{"line":303,"column":15}},"115":{"start":{"line":306,"column":24},"end":{"line":312,"column":10}},"116":{"start":{"line":314,"column":33},"end":{"line":316,"column":49}},"117":{"start":{"line":318,"column":8},"end":{"line":321,"column":11}},"118":{"start":{"line":323,"column":8},"end":{"line":332,"column":9}},"119":{"start":{"line":324,"column":27},"end":{"line":324,"column":29}},"120":{"start":{"line":325,"column":12},"end":{"line":327,"column":15}},"121":{"start":{"line":326,"column":16},"end":{"line":326,"column":54}},"122":{"start":{"line":328,"column":12},"end":{"line":331,"column":15}},"123":{"start":{"line":333,"column":8},"end":{"line":333,"column":53}},"124":{"start":{"line":338,"column":0},"end":{"line":378,"column":2}},"125":{"start":{"line":339,"column":4},"end":{"line":377,"column":5}},"126":{"start":{"line":340,"column":43},"end":{"line":340,"column":51}},"127":{"start":{"line":341,"column":26},"end":{"line":341,"column":39}},"128":{"start":{"line":343,"column":24},"end":{"line":343,"column":62}},"129":{"start":{"line":344,"column":8},"end":{"line":346,"column":9}},"130":{"start":{"line":345,"column":12},"end":{"line":345,"column":78}},"131":{"start":{"line":349,"column":8},"end":{"line":353,"column":9}},"132":{"start":{"line":350,"column":12},"end":{"line":352,"column":15}},"133":{"start":{"line":356,"column":8},"end":{"line":361,"column":9}},"134":{"start":{"line":357,"column":31},"end":{"line":357,"column":70}},"135":{"start":{"line":358,"column":12},"end":{"line":360,"column":13}},"136":{"start":{"line":359,"column":16},"end":{"line":359,"column":79}},"137":{"start":{"line":363,"column":31},"end":{"line":369,"column":45}},"138":{"start":{"line":371,"column":8},"end":{"line":374,"column":11}},"139":{"start":{"line":376,"column":8},"end":{"line":376,"column":53}},"140":{"start":{"line":381,"column":0},"end":{"line":416,"column":2}},"141":{"start":{"line":382,"column":28},"end":{"line":382,"column":57}},"142":{"start":{"line":383,"column":4},"end":{"line":383,"column":39}},"143":{"start":{"line":385,"column":4},"end":{"line":415,"column":5}},"144":{"start":{"line":386,"column":26},"end":{"line":386,"column":39}},"145":{"start":{"line":388,"column":29},"end":{"line":388,"column":92}},"146":{"start":{"line":389,"column":8},"end":{"line":392,"column":9}},"147":{"start":{"line":390,"column":12},"end":{"line":390,"column":53}},"148":{"start":{"line":391,"column":12},"end":{"line":391,"column":78}},"149":{"start":{"line":395,"column":8},"end":{"line":400,"column":9}},"150":{"start":{"line":396,"column":12},"end":{"line":396,"column":53}},"151":{"start":{"line":397,"column":12},"end":{"line":399,"column":15}},"152":{"start":{"line":402,"column":8},"end":{"line":402,"column":81}},"153":{"start":{"line":404,"column":8},"end":{"line":404,"column":50}},"154":{"start":{"line":406,"column":8},"end":{"line":409,"column":11}},"155":{"start":{"line":411,"column":8},"end":{"line":411,"column":49}},"156":{"start":{"line":412,"column":8},"end":{"line":412,"column":53}},"157":{"start":{"line":414,"column":8},"end":{"line":414,"column":37}}},"fnMap":{"0":{"name":"(anonymous_0)","decl":{"start":{"line":7,"column":31},"end":{"line":7,"column":32}},"loc":{"start":{"line":7,"column":51},"end":{"line":157,"column":1}},"line":7},"1":{"name":"(anonymous_1)","decl":{"start":{"line":81,"column":47},"end":{"line":81,"column":48}},"loc":{"start":{"line":81,"column":58},"end":{"line":92,"column":13}},"line":81},"2":{"name":"(anonymous_2)","decl":{"start":{"line":100,"column":33},"end":{"line":100,"column":34}},"loc":{"start":{"line":100,"column":44},"end":{"line":131,"column":9}},"line":100},"3":{"name":"(anonymous_3)","decl":{"start":{"line":134,"column":44},"end":{"line":134,"column":45}},"loc":{"start":{"line":134,"column":55},"end":{"line":138,"column":9}},"line":134},"4":{"name":"(anonymous_4)","decl":{"start":{"line":135,"column":41},"end":{"line":135,"column":42}},"loc":{"start":{"line":136,"column":16},"end":{"line":136,"column":59}},"line":136},"5":{"name":"(anonymous_5)","decl":{"start":{"line":160,"column":30},"end":{"line":160,"column":31}},"loc":{"start":{"line":160,"column":50},"end":{"line":231,"column":1}},"line":160},"6":{"name":"(anonymous_6)","decl":{"start":{"line":213,"column":47},"end":{"line":213,"column":48}},"loc":{"start":{"line":213,"column":58},"end":{"line":218,"column":13}},"line":213},"7":{"name":"(anonymous_7)","decl":{"start":{"line":234,"column":30},"end":{"line":234,"column":31}},"loc":{"start":{"line":234,"column":50},"end":{"line":257,"column":1}},"line":234},"8":{"name":"(anonymous_8)","decl":{"start":{"line":260,"column":29},"end":{"line":260,"column":30}},"loc":{"start":{"line":260,"column":49},"end":{"line":335,"column":1}},"line":260},"9":{"name":"(anonymous_9)","decl":{"start":{"line":325,"column":44},"end":{"line":325,"column":45}},"loc":{"start":{"line":325,"column":51},"end":{"line":327,"column":13}},"line":325},"10":{"name":"(anonymous_10)","decl":{"start":{"line":338,"column":29},"end":{"line":338,"column":30}},"loc":{"start":{"line":338,"column":49},"end":{"line":378,"column":1}},"line":338},"11":{"name":"(anonymous_11)","decl":{"start":{"line":381,"column":29},"end":{"line":381,"column":30}},"loc":{"start":{"line":381,"column":49},"end":{"line":416,"column":1}},"line":381}},"branchMap":{"0":{"loc":{"start":{"line":20,"column":8},"end":{"line":52,"column":9}},"type":"if","locations":[{"start":{"line":20,"column":8},"end":{"line":52,"column":9}},{"start":{},"end":{}}],"line":20},"1":{"loc":{"start":{"line":32,"column":32},"end":{"line":32,"column":58}},"type":"cond-expr","locations":[{"start":{"line":32,"column":42},"end":{"line":32,"column":45}},{"start":{"line":32,"column":48},"end":{"line":32,"column":58}}],"line":32},"2":{"loc":{"start":{"line":55,"column":8},"end":{"line":64,"column":9}},"type":"if","locations":[{"start":{"line":55,"column":8},"end":{"line":64,"column":9}},{"start":{},"end":{}}],"line":55},"3":{"loc":{"start":{"line":55,"column":12},"end":{"line":55,"column":25}},"type":"binary-expr","locations":[{"start":{"line":55,"column":12},"end":{"line":55,"column":17}},{"start":{"line":55,"column":21},"end":{"line":55,"column":25}}],"line":55},"4":{"loc":{"start":{"line":67,"column":8},"end":{"line":69,"column":9}},"type":"if","locations":[{"start":{"line":67,"column":8},"end":{"line":69,"column":9}},{"start":{},"end":{}}],"line":67},"5":{"loc":{"start":{"line":79,"column":8},"end":{"line":95,"column":9}},"type":"if","locations":[{"start":{"line":79,"column":8},"end":{"line":95,"column":9}},{"start":{},"end":{}}],"line":79},"6":{"loc":{"start":{"line":84,"column":33},"end":{"line":86,"column":89}},"type":"binary-expr","locations":[{"start":{"line":84,"column":33},"end":{"line":84,"column":83}},{"start":{"line":85,"column":31},"end":{"line":85,"column":83}},{"start":{"line":86,"column":31},"end":{"line":86,"column":89}}],"line":84},"7":{"loc":{"start":{"line":91,"column":23},"end":{"line":91,"column":43}},"type":"binary-expr","locations":[{"start":{"line":91,"column":23},"end":{"line":91,"column":31}},{"start":{"line":91,"column":35},"end":{"line":91,"column":43}}],"line":91},"8":{"loc":{"start":{"line":108,"column":12},"end":{"line":110,"column":13}},"type":"if","locations":[{"start":{"line":108,"column":12},"end":{"line":110,"column":13}},{"start":{},"end":{}}],"line":108},"9":{"loc":{"start":{"line":167,"column":8},"end":{"line":180,"column":9}},"type":"if","locations":[{"start":{"line":167,"column":8},"end":{"line":180,"column":9}},{"start":{},"end":{}}],"line":167},"10":{"loc":{"start":{"line":183,"column":8},"end":{"line":187,"column":9}},"type":"if","locations":[{"start":{"line":183,"column":8},"end":{"line":187,"column":9}},{"start":{},"end":{}}],"line":183},"11":{"loc":{"start":{"line":183,"column":12},"end":{"line":183,"column":32}},"type":"binary-expr","locations":[{"start":{"line":183,"column":12},"end":{"line":183,"column":21}},{"start":{"line":183,"column":25},"end":{"line":183,"column":32}}],"line":183},"12":{"loc":{"start":{"line":185,"column":12},"end":{"line":185,"column":70}},"type":"if","locations":[{"start":{"line":185,"column":12},"end":{"line":185,"column":70}},{"start":{},"end":{}}],"line":185},"13":{"loc":{"start":{"line":186,"column":12},"end":{"line":186,"column":66}},"type":"if","locations":[{"start":{"line":186,"column":12},"end":{"line":186,"column":66}},{"start":{},"end":{}}],"line":186},"14":{"loc":{"start":{"line":190,"column":8},"end":{"line":192,"column":9}},"type":"if","locations":[{"start":{"line":190,"column":8},"end":{"line":192,"column":9}},{"start":{},"end":{}}],"line":190},"15":{"loc":{"start":{"line":195,"column":8},"end":{"line":197,"column":9}},"type":"if","locations":[{"start":{"line":195,"column":8},"end":{"line":197,"column":9}},{"start":{},"end":{}}],"line":195},"16":{"loc":{"start":{"line":200,"column":8},"end":{"line":202,"column":9}},"type":"if","locations":[{"start":{"line":200,"column":8},"end":{"line":202,"column":9}},{"start":{},"end":{}}],"line":200},"17":{"loc":{"start":{"line":211,"column":8},"end":{"line":219,"column":9}},"type":"if","locations":[{"start":{"line":211,"column":8},"end":{"line":219,"column":9}},{"start":{},"end":{}}],"line":211},"18":{"loc":{"start":{"line":215,"column":23},"end":{"line":217,"column":81}},"type":"binary-expr","locations":[{"start":{"line":215,"column":23},"end":{"line":215,"column":73}},{"start":{"line":216,"column":23},"end":{"line":216,"column":75}},{"start":{"line":217,"column":23},"end":{"line":217,"column":81}}],"line":215},"19":{"loc":{"start":{"line":240,"column":8},"end":{"line":242,"column":9}},"type":"if","locations":[{"start":{"line":240,"column":8},"end":{"line":242,"column":9}},{"start":{},"end":{}}],"line":240},"20":{"loc":{"start":{"line":265,"column":8},"end":{"line":273,"column":9}},"type":"if","locations":[{"start":{"line":265,"column":8},"end":{"line":273,"column":9}},{"start":{},"end":{}}],"line":265},"21":{"loc":{"start":{"line":265,"column":12},"end":{"line":265,"column":37}},"type":"binary-expr","locations":[{"start":{"line":265,"column":12},"end":{"line":265,"column":24}},{"start":{"line":265,"column":28},"end":{"line":265,"column":37}}],"line":265},"22":{"loc":{"start":{"line":269,"column":33},"end":{"line":269,"column":84}},"type":"cond-expr","locations":[{"start":{"line":269,"column":48},"end":{"line":269,"column":72}},{"start":{"line":269,"column":75},"end":{"line":269,"column":84}}],"line":269},"23":{"loc":{"start":{"line":270,"column":30},"end":{"line":270,"column":78}},"type":"cond-expr","locations":[{"start":{"line":270,"column":42},"end":{"line":270,"column":66}},{"start":{"line":270,"column":69},"end":{"line":270,"column":78}}],"line":270},"24":{"loc":{"start":{"line":277,"column":8},"end":{"line":279,"column":9}},"type":"if","locations":[{"start":{"line":277,"column":8},"end":{"line":279,"column":9}},{"start":{},"end":{}}],"line":277},"25":{"loc":{"start":{"line":282,"column":8},"end":{"line":287,"column":9}},"type":"if","locations":[{"start":{"line":282,"column":8},"end":{"line":287,"column":9}},{"start":{},"end":{}}],"line":282},"26":{"loc":{"start":{"line":284,"column":12},"end":{"line":286,"column":13}},"type":"if","locations":[{"start":{"line":284,"column":12},"end":{"line":286,"column":13}},{"start":{},"end":{}}],"line":284},"27":{"loc":{"start":{"line":300,"column":8},"end":{"line":304,"column":9}},"type":"if","locations":[{"start":{"line":300,"column":8},"end":{"line":304,"column":9}},{"start":{},"end":{}}],"line":300},"28":{"loc":{"start":{"line":309,"column":22},"end":{"line":309,"column":59}},"type":"binary-expr","locations":[{"start":{"line":309,"column":22},"end":{"line":309,"column":30}},{"start":{"line":309,"column":34},"end":{"line":309,"column":59}}],"line":309},"29":{"loc":{"start":{"line":323,"column":8},"end":{"line":332,"column":9}},"type":"if","locations":[{"start":{"line":323,"column":8},"end":{"line":332,"column":9}},{"start":{},"end":{}}],"line":323},"30":{"loc":{"start":{"line":344,"column":8},"end":{"line":346,"column":9}},"type":"if","locations":[{"start":{"line":344,"column":8},"end":{"line":346,"column":9}},{"start":{},"end":{}}],"line":344},"31":{"loc":{"start":{"line":349,"column":8},"end":{"line":353,"column":9}},"type":"if","locations":[{"start":{"line":349,"column":8},"end":{"line":353,"column":9}},{"start":{},"end":{}}],"line":349},"32":{"loc":{"start":{"line":349,"column":12},"end":{"line":349,"column":56}},"type":"binary-expr","locations":[{"start":{"line":349,"column":12},"end":{"line":349,"column":20}},{"start":{"line":349,"column":24},"end":{"line":349,"column":56}}],"line":349},"33":{"loc":{"start":{"line":356,"column":8},"end":{"line":361,"column":9}},"type":"if","locations":[{"start":{"line":356,"column":8},"end":{"line":361,"column":9}},{"start":{},"end":{}}],"line":356},"34":{"loc":{"start":{"line":358,"column":12},"end":{"line":360,"column":13}},"type":"if","locations":[{"start":{"line":358,"column":12},"end":{"line":360,"column":13}},{"start":{},"end":{}}],"line":358},"35":{"loc":{"start":{"line":389,"column":8},"end":{"line":392,"column":9}},"type":"if","locations":[{"start":{"line":389,"column":8},"end":{"line":392,"column":9}},{"start":{},"end":{}}],"line":389},"36":{"loc":{"start":{"line":395,"column":8},"end":{"line":400,"column":9}},"type":"if","locations":[{"start":{"line":395,"column":8},"end":{"line":400,"column":9}},{"start":{},"end":{}}],"line":395}},"s":{"0":1,"1":1,"2":1,"3":1,"4":1,"5":0,"6":0,"7":0,"8":0,"9":0,"10":0,"11":0,"12":0,"13":0,"14":0,"15":0,"16":0,"17":0,"18":0,"19":0,"20":0,"21":0,"22":0,"23":0,"24":0,"25":0,"26":0,"27":0,"28":0,"29":0,"30":0,"31":0,"32":0,"33":0,"34":0,"35":0,"36":0,"37":0,"38":0,"39":0,"40":0,"41":0,"42":0,"43":0,"44":0,"45":0,"46":0,"47":0,"48":0,"49":0,"50":0,"51":0,"52":0,"53":0,"54":0,"55":1,"56":0,"57":0,"58":0,"59":0,"60":0,"61":0,"62":0,"63":0,"64":0,"65":0,"66":0,"67":0,"68":0,"69":0,"70":0,"71":0,"72":0,"73":0,"74":0,"75":0,"76":0,"77":0,"78":0,"79":0,"80":0,"81":0,"82":0,"83":0,"84":0,"85":0,"86":0,"87":1,"88":0,"89":0,"90":0,"91":0,"92":0,"93":0,"94":0,"95":0,"96":0,"97":0,"98":1,"99":0,"100":0,"101":0,"102":0,"103":0,"104":0,"105":0,"106":0,"107":0,"108":0,"109":0,"110":0,"111":0,"112":0,"113":0,"114":0,"115":0,"116":0,"117":0,"118":0,"119":0,"120":0,"121":0,"122":0,"123":0,"124":1,"125":0,"126":0,"127":0,"128":0,"129":0,"130":0,"131":0,"132":0,"133":0,"134":0,"135":0,"136":0,"137":0,"138":0,"139":0,"140":1,"141":0,"142":0,"143":0,"144":0,"145":0,"146":0,"147":0,"148":0,"149":0,"150":0,"151":0,"152":0,"153":0,"154":0,"155":0,"156":0,"157":0},"f":{"0":0,"1":0,"2":0,"3":0,"4":0,"5":0,"6":0,"7":0,"8":0,"9":0,"10":0,"11":0},"b":{"0":[0,0],"1":[0,0],"2":[0,0],"3":[0,0],"4":[0,0],"5":[0,0],"6":[0,0,0],"7":[0,0],"8":[0,0],"9":[0,0],"10":[0,0],"11":[0,0],"12":[0,0],"13":[0,0],"14":[0,0],"15":[0,0],"16":[0,0],"17":[0,0],"18":[0,0,0],"19":[0,0],"20":[0,0],"21":[0,0],"22":[0,0],"23":[0,0],"24":[0,0],"25":[0,0],"26":[0,0],"27":[0,0],"28":[0,0],"29":[0,0],"30":[0,0],"31":[0,0],"32":[0,0],"33":[0,0],"34":[0,0],"35":[0,0],"36":[0,0]},"inputSourceMap":null,"_coverageSchema":"1a1c01bbd47fc00a2c39e90264f33305004495a9","hash":"4bc470b35b5b04f168dc3f55b3450a37b8466e6a"}
,"C:\\Users\\akran\\WORK\\Pilates-Studio\\controllers\\classTypes.controller.js": {"path":"C:\\Users\\akran\\WORK\\Pilates-Studio\\controllers\\classTypes.controller.js","statementMap":{"0":{"start":{"line":1,"column":18},"end":{"line":1,"column":56}},"1":{"start":{"line":4,"column":0},"end":{"line":33,"column":2}},"2":{"start":{"line":5,"column":4},"end":{"line":32,"column":5}},"3":{"start":{"line":6,"column":34},"end":{"line":6,"column":43}},"4":{"start":{"line":8,"column":21},"end":{"line":8,"column":23}},"5":{"start":{"line":10,"column":8},"end":{"line":12,"column":9}},"6":{"start":{"line":11,"column":12},"end":{"line":11,"column":33}},"7":{"start":{"line":14,"column":8},"end":{"line":19,"column":9}},"8":{"start":{"line":15,"column":12},"end":{"line":18,"column":14}},"9":{"start":{"line":21,"column":27},"end":{"line":21,"column":73}},"10":{"start":{"line":23,"column":8},"end":{"line":29,"column":11}},"11":{"start":{"line":31,"column":8},"end":{"line":31,"column":53}},"12":{"start":{"line":36,"column":0},"end":{"line":51,"column":2}},"13":{"start":{"line":37,"column":4},"end":{"line":50,"column":5}},"14":{"start":{"line":38,"column":26},"end":{"line":38,"column":65}},"15":{"start":{"line":40,"column":8},"end":{"line":42,"column":9}},"16":{"start":{"line":41,"column":12},"end":{"line":41,"column":75}},"17":{"start":{"line":44,"column":8},"end":{"line":47,"column":11}},"18":{"start":{"line":49,"column":8},"end":{"line":49,"column":53}},"19":{"start":{"line":54,"column":0},"end":{"line":115,"column":2}},"20":{"start":{"line":55,"column":4},"end":{"line":114,"column":5}},"21":{"start":{"line":56,"column":67},"end":{"line":56,"column":75}},"22":{"start":{"line":59,"column":8},"end":{"line":67,"column":9}},"23":{"start":{"line":60,"column":12},"end":{"line":66,"column":15}},"24":{"start":{"line":70,"column":34},"end":{"line":70,"column":63}},"25":{"start":{"line":71,"column":8},"end":{"line":75,"column":9}},"26":{"start":{"line":72,"column":12},"end":{"line":74,"column":15}},"27":{"start":{"line":78,"column":28},"end":{"line":78,"column":68}},"28":{"start":{"line":79,"column":8},"end":{"line":83,"column":9}},"29":{"start":{"line":80,"column":12},"end":{"line":82,"column":15}},"30":{"start":{"line":85,"column":26},"end":{"line":91,"column":10}},"31":{"start":{"line":93,"column":8},"end":{"line":96,"column":11}},"32":{"start":{"line":98,"column":8},"end":{"line":107,"column":9}},"33":{"start":{"line":99,"column":27},"end":{"line":99,"column":29}},"34":{"start":{"line":100,"column":12},"end":{"line":102,"column":15}},"35":{"start":{"line":101,"column":16},"end":{"line":101,"column":54}},"36":{"start":{"line":103,"column":12},"end":{"line":106,"column":15}},"37":{"start":{"line":108,"column":8},"end":{"line":112,"column":9}},"38":{"start":{"line":109,"column":12},"end":{"line":111,"column":15}},"39":{"start":{"line":113,"column":8},"end":{"line":113,"column":53}},"40":{"start":{"line":118,"column":0},"end":{"line":159,"column":2}},"41":{"start":{"line":119,"column":4},"end":{"line":158,"column":5}},"42":{"start":{"line":120,"column":26},"end":{"line":120,"column":34}},"43":{"start":{"line":123,"column":8},"end":{"line":130,"column":9}},"44":{"start":{"line":124,"column":32},"end":{"line":124,"column":72}},"45":{"start":{"line":125,"column":12},"end":{"line":129,"column":13}},"46":{"start":{"line":126,"column":16},"end":{"line":128,"column":19}},"47":{"start":{"line":132,"column":26},"end":{"line":136,"column":9}},"48":{"start":{"line":138,"column":8},"end":{"line":140,"column":9}},"49":{"start":{"line":139,"column":12},"end":{"line":139,"column":75}},"50":{"start":{"line":142,"column":8},"end":{"line":145,"column":11}},"51":{"start":{"line":147,"column":8},"end":{"line":156,"column":9}},"52":{"start":{"line":148,"column":27},"end":{"line":148,"column":29}},"53":{"start":{"line":149,"column":12},"end":{"line":151,"column":15}},"54":{"start":{"line":150,"column":16},"end":{"line":150,"column":54}},"55":{"start":{"line":152,"column":12},"end":{"line":155,"column":15}},"56":{"start":{"line":157,"column":8},"end":{"line":157,"column":53}},"57":{"start":{"line":162,"column":0},"end":{"line":189,"column":2}},"58":{"start":{"line":163,"column":4},"end":{"line":188,"column":5}},"59":{"start":{"line":165,"column":29},"end":{"line":165,"column":69}},"60":{"start":{"line":166,"column":34},"end":{"line":168,"column":10}},"61":{"start":{"line":170,"column":8},"end":{"line":174,"column":9}},"62":{"start":{"line":171,"column":12},"end":{"line":173,"column":15}},"63":{"start":{"line":176,"column":26},"end":{"line":176,"column":74}},"64":{"start":{"line":178,"column":8},"end":{"line":180,"column":9}},"65":{"start":{"line":179,"column":12},"end":{"line":179,"column":75}},"66":{"start":{"line":182,"column":8},"end":{"line":185,"column":11}},"67":{"start":{"line":187,"column":8},"end":{"line":187,"column":53}},"68":{"start":{"line":192,"column":0},"end":{"line":216,"column":2}},"69":{"start":{"line":193,"column":4},"end":{"line":215,"column":5}},"70":{"start":{"line":194,"column":26},"end":{"line":194,"column":36}},"71":{"start":{"line":196,"column":28},"end":{"line":196,"column":68}},"72":{"start":{"line":197,"column":8},"end":{"line":201,"column":9}},"73":{"start":{"line":198,"column":12},"end":{"line":200,"column":15}},"74":{"start":{"line":203,"column":27},"end":{"line":203,"column":76}},"75":{"start":{"line":205,"column":8},"end":{"line":212,"column":11}},"76":{"start":{"line":214,"column":8},"end":{"line":214,"column":53}}},"fnMap":{"0":{"name":"(anonymous_0)","decl":{"start":{"line":4,"column":27},"end":{"line":4,"column":28}},"loc":{"start":{"line":4,"column":47},"end":{"line":33,"column":1}},"line":4},"1":{"name":"(anonymous_1)","decl":{"start":{"line":36,"column":27},"end":{"line":36,"column":28}},"loc":{"start":{"line":36,"column":47},"end":{"line":51,"column":1}},"line":36},"2":{"name":"(anonymous_2)","decl":{"start":{"line":54,"column":26},"end":{"line":54,"column":27}},"loc":{"start":{"line":54,"column":46},"end":{"line":115,"column":1}},"line":54},"3":{"name":"(anonymous_3)","decl":{"start":{"line":100,"column":44},"end":{"line":100,"column":45}},"loc":{"start":{"line":100,"column":51},"end":{"line":102,"column":13}},"line":100},"4":{"name":"(anonymous_4)","decl":{"start":{"line":118,"column":26},"end":{"line":118,"column":27}},"loc":{"start":{"line":118,"column":46},"end":{"line":159,"column":1}},"line":118},"5":{"name":"(anonymous_5)","decl":{"start":{"line":149,"column":44},"end":{"line":149,"column":45}},"loc":{"start":{"line":149,"column":51},"end":{"line":151,"column":13}},"line":149},"6":{"name":"(anonymous_6)","decl":{"start":{"line":162,"column":26},"end":{"line":162,"column":27}},"loc":{"start":{"line":162,"column":46},"end":{"line":189,"column":1}},"line":162},"7":{"name":"(anonymous_7)","decl":{"start":{"line":192,"column":31},"end":{"line":192,"column":32}},"loc":{"start":{"line":192,"column":51},"end":{"line":216,"column":1}},"line":192}},"branchMap":{"0":{"loc":{"start":{"line":10,"column":8},"end":{"line":12,"column":9}},"type":"if","locations":[{"start":{"line":10,"column":8},"end":{"line":12,"column":9}},{"start":{},"end":{}}],"line":10},"1":{"loc":{"start":{"line":14,"column":8},"end":{"line":19,"column":9}},"type":"if","locations":[{"start":{"line":14,"column":8},"end":{"line":19,"column":9}},{"start":{},"end":{}}],"line":14},"2":{"loc":{"start":{"line":40,"column":8},"end":{"line":42,"column":9}},"type":"if","locations":[{"start":{"line":40,"column":8},"end":{"line":42,"column":9}},{"start":{},"end":{}}],"line":40},"3":{"loc":{"start":{"line":59,"column":8},"end":{"line":67,"column":9}},"type":"if","locations":[{"start":{"line":59,"column":8},"end":{"line":67,"column":9}},{"start":{},"end":{}}],"line":59},"4":{"loc":{"start":{"line":59,"column":12},"end":{"line":59,"column":25}},"type":"binary-expr","locations":[{"start":{"line":59,"column":12},"end":{"line":59,"column":16}},{"start":{"line":59,"column":20},"end":{"line":59,"column":25}}],"line":59},"5":{"loc":{"start":{"line":63,"column":25},"end":{"line":63,"column":71}},"type":"cond-expr","locations":[{"start":{"line":63,"column":32},"end":{"line":63,"column":59}},{"start":{"line":63,"column":62},"end":{"line":63,"column":71}}],"line":63},"6":{"loc":{"start":{"line":64,"column":26},"end":{"line":64,"column":64}},"type":"cond-expr","locations":[{"start":{"line":64,"column":34},"end":{"line":64,"column":52}},{"start":{"line":64,"column":55},"end":{"line":64,"column":64}}],"line":64},"7":{"loc":{"start":{"line":71,"column":8},"end":{"line":75,"column":9}},"type":"if","locations":[{"start":{"line":71,"column":8},"end":{"line":75,"column":9}},{"start":{},"end":{}}],"line":71},"8":{"loc":{"start":{"line":79,"column":8},"end":{"line":83,"column":9}},"type":"if","locations":[{"start":{"line":79,"column":8},"end":{"line":83,"column":9}},{"start":{},"end":{}}],"line":79},"9":{"loc":{"start":{"line":79,"column":12},"end":{"line":79,"column":49}},"type":"binary-expr","locations":[{"start":{"line":79,"column":12},"end":{"line":79,"column":17}},{"start":{"line":79,"column":21},"end":{"line":79,"column":49}}],"line":79},"10":{"loc":{"start":{"line":90,"column":29},"end":{"line":90,"column":49}},"type":"binary-expr","locations":[{"start":{"line":90,"column":29},"end":{"line":90,"column":44}},{"start":{"line":90,"column":48},"end":{"line":90,"column":49}}],"line":90},"11":{"loc":{"start":{"line":98,"column":8},"end":{"line":107,"column":9}},"type":"if","locations":[{"start":{"line":98,"column":8},"end":{"line":107,"column":9}},{"start":{},"end":{}}],"line":98},"12":{"loc":{"start":{"line":108,"column":8},"end":{"line":112,"column":9}},"type":"if","locations":[{"start":{"line":108,"column":8},"end":{"line":112,"column":9}},{"start":{},"end":{}}],"line":108},"13":{"loc":{"start":{"line":123,"column":8},"end":{"line":130,"column":9}},"type":"if","locations":[{"start":{"line":123,"column":8},"end":{"line":130,"column":9}},{"start":{},"end":{}}],"line":123},"14":{"loc":{"start":{"line":125,"column":12},"end":{"line":129,"column":13}},"type":"if","locations":[{"start":{"line":125,"column":12},"end":{"line":129,"column":13}},{"start":{},"end":{}}],"line":125},"15":{"loc":{"start":{"line":138,"column":8},"end":{"line":140,"column":9}},"type":"if","locations":[{"start":{"line":138,"column":8},"end":{"line":140,"column":9}},{"start":{},"end":{}}],"line":138},"16":{"loc":{"start":{"line":147,"column":8},"end":{"line":156,"column":9}},"type":"if","locations":[{"start":{"line":147,"column":8},"end":{"line":156,"column":9}},{"start":{},"end":{}}],"line":147},"17":{"loc":{"start":{"line":170,"column":8},"end":{"line":174,"column":9}},"type":"if","locations":[{"start":{"line":170,"column":8},"end":{"line":174,"column":9}},{"start":{},"end":{}}],"line":170},"18":{"loc":{"start":{"line":178,"column":8},"end":{"line":180,"column":9}},"type":"if","locations":[{"start":{"line":178,"column":8},"end":{"line":180,"column":9}},{"start":{},"end":{}}],"line":178},"19":{"loc":{"start":{"line":197,"column":8},"end":{"line":201,"column":9}},"type":"if","locations":[{"start":{"line":197,"column":8},"end":{"line":201,"column":9}},{"start":{},"end":{}}],"line":197}},"s":{"0":1,"1":1,"2":0,"3":0,"4":0,"5":0,"6":0,"7":0,"8":0,"9":0,"10":0,"11":0,"12":1,"13":0,"14":0,"15":0,"16":0,"17":0,"18":0,"19":1,"20":0,"21":0,"22":0,"23":0,"24":0,"25":0,"26":0,"27":0,"28":0,"29":0,"30":0,"31":0,"32":0,"33":0,"34":0,"35":0,"36":0,"37":0,"38":0,"39":0,"40":1,"41":0,"42":0,"43":0,"44":0,"45":0,"46":0,"47":0,"48":0,"49":0,"50":0,"51":0,"52":0,"53":0,"54":0,"55":0,"56":0,"57":1,"58":0,"59":0,"60":0,"61":0,"62":0,"63":0,"64":0,"65":0,"66":0,"67":0,"68":1,"69":0,"70":0,"71":0,"72":0,"73":0,"74":0,"75":0,"76":0},"f":{"0":0,"1":0,"2":0,"3":0,"4":0,"5":0,"6":0,"7":0},"b":{"0":[0,0],"1":[0,0],"2":[0,0],"3":[0,0],"4":[0,0],"5":[0,0],"6":[0,0],"7":[0,0],"8":[0,0],"9":[0,0],"10":[0,0],"11":[0,0],"12":[0,0],"13":[0,0],"14":[0,0],"15":[0,0],"16":[0,0],"17":[0,0],"18":[0,0],"19":[0,0]},"inputSourceMap":null,"_coverageSchema":"1a1c01bbd47fc00a2c39e90264f33305004495a9","hash":"5c6335928a96398a9cac0074d83eff4663f9965c"}
,"C:\\Users\\akran\\WORK\\Pilates-Studio\\controllers\\instructors.controller.js": {"path":"C:\\Users\\akran\\WORK\\Pilates-Studio\\controllers\\instructors.controller.js","statementMap":{"0":{"start":{"line":1,"column":19},"end":{"line":1,"column":58}},"1":{"start":{"line":4,"column":0},"end":{"line":46,"column":2}},"2":{"start":{"line":5,"column":4},"end":{"line":45,"column":5}},"3":{"start":{"line":6,"column":64},"end":{"line":6,"column":73}},"4":{"start":{"line":8,"column":21},"end":{"line":8,"column":23}},"5":{"start":{"line":10,"column":8},"end":{"line":16,"column":9}},"6":{"start":{"line":11,"column":12},"end":{"line":15,"column":14}},"7":{"start":{"line":18,"column":8},"end":{"line":20,"column":9}},"8":{"start":{"line":19,"column":12},"end":{"line":19,"column":61}},"9":{"start":{"line":22,"column":21},"end":{"line":22,"column":39}},"10":{"start":{"line":24,"column":28},"end":{"line":27,"column":35}},"11":{"start":{"line":29,"column":22},"end":{"line":29,"column":61}},"12":{"start":{"line":31,"column":8},"end":{"line":42,"column":11}},"13":{"start":{"line":44,"column":8},"end":{"line":44,"column":53}},"14":{"start":{"line":49,"column":0},"end":{"line":64,"column":2}},"15":{"start":{"line":50,"column":4},"end":{"line":63,"column":5}},"16":{"start":{"line":51,"column":27},"end":{"line":51,"column":67}},"17":{"start":{"line":53,"column":8},"end":{"line":55,"column":9}},"18":{"start":{"line":54,"column":12},"end":{"line":54,"column":75}},"19":{"start":{"line":57,"column":8},"end":{"line":60,"column":11}},"20":{"start":{"line":62,"column":8},"end":{"line":62,"column":53}},"21":{"start":{"line":67,"column":0},"end":{"line":116,"column":2}},"22":{"start":{"line":68,"column":4},"end":{"line":115,"column":5}},"23":{"start":{"line":69,"column":65},"end":{"line":69,"column":73}},"24":{"start":{"line":72,"column":8},"end":{"line":80,"column":9}},"25":{"start":{"line":73,"column":12},"end":{"line":79,"column":15}},"26":{"start":{"line":83,"column":8},"end":{"line":87,"column":9}},"27":{"start":{"line":84,"column":12},"end":{"line":86,"column":15}},"28":{"start":{"line":89,"column":27},"end":{"line":97,"column":10}},"29":{"start":{"line":99,"column":8},"end":{"line":102,"column":11}},"30":{"start":{"line":104,"column":8},"end":{"line":113,"column":9}},"31":{"start":{"line":105,"column":27},"end":{"line":105,"column":29}},"32":{"start":{"line":106,"column":12},"end":{"line":108,"column":15}},"33":{"start":{"line":107,"column":16},"end":{"line":107,"column":54}},"34":{"start":{"line":109,"column":12},"end":{"line":112,"column":15}},"35":{"start":{"line":114,"column":8},"end":{"line":114,"column":53}},"36":{"start":{"line":119,"column":0},"end":{"line":164,"column":2}},"37":{"start":{"line":120,"column":4},"end":{"line":163,"column":5}},"38":{"start":{"line":121,"column":41},"end":{"line":121,"column":49}},"39":{"start":{"line":124,"column":8},"end":{"line":128,"column":9}},"40":{"start":{"line":125,"column":12},"end":{"line":127,"column":15}},"41":{"start":{"line":131,"column":8},"end":{"line":135,"column":9}},"42":{"start":{"line":132,"column":12},"end":{"line":134,"column":15}},"43":{"start":{"line":137,"column":27},"end":{"line":141,"column":9}},"44":{"start":{"line":143,"column":8},"end":{"line":145,"column":9}},"45":{"start":{"line":144,"column":12},"end":{"line":144,"column":75}},"46":{"start":{"line":147,"column":8},"end":{"line":150,"column":11}},"47":{"start":{"line":152,"column":8},"end":{"line":161,"column":9}},"48":{"start":{"line":153,"column":27},"end":{"line":153,"column":29}},"49":{"start":{"line":154,"column":12},"end":{"line":156,"column":15}},"50":{"start":{"line":155,"column":16},"end":{"line":155,"column":54}},"51":{"start":{"line":157,"column":12},"end":{"line":160,"column":15}},"52":{"start":{"line":162,"column":8},"end":{"line":162,"column":53}},"53":{"start":{"line":167,"column":0},"end":{"line":195,"column":2}},"54":{"start":{"line":168,"column":4},"end":{"line":194,"column":5}},"55":{"start":{"line":170,"column":29},"end":{"line":170,"column":69}},"56":{"start":{"line":171,"column":33},"end":{"line":174,"column":10}},"57":{"start":{"line":176,"column":8},"end":{"line":180,"column":9}},"58":{"start":{"line":177,"column":12},"end":{"line":179,"column":15}},"59":{"start":{"line":182,"column":27},"end":{"line":182,"column":76}},"60":{"start":{"line":184,"column":8},"end":{"line":186,"column":9}},"61":{"start":{"line":185,"column":12},"end":{"line":185,"column":75}},"62":{"start":{"line":188,"column":8},"end":{"line":191,"column":11}},"63":{"start":{"line":193,"column":8},"end":{"line":193,"column":53}},"64":{"start":{"line":198,"column":0},"end":{"line":245,"column":2}},"65":{"start":{"line":199,"column":4},"end":{"line":244,"column":5}},"66":{"start":{"line":200,"column":39},"end":{"line":200,"column":48}},"67":{"start":{"line":201,"column":29},"end":{"line":201,"column":42}},"68":{"start":{"line":204,"column":27},"end":{"line":204,"column":66}},"69":{"start":{"line":205,"column":8},"end":{"line":207,"column":9}},"70":{"start":{"line":206,"column":12},"end":{"line":206,"column":75}},"71":{"start":{"line":210,"column":25},"end":{"line":210,"column":41}},"72":{"start":{"line":212,"column":8},"end":{"line":223,"column":9}},"73":{"start":{"line":213,"column":12},"end":{"line":213,"column":37}},"74":{"start":{"line":214,"column":12},"end":{"line":216,"column":13}},"75":{"start":{"line":215,"column":16},"end":{"line":215,"column":63}},"76":{"start":{"line":217,"column":12},"end":{"line":219,"column":13}},"77":{"start":{"line":218,"column":16},"end":{"line":218,"column":61}},"78":{"start":{"line":222,"column":12},"end":{"line":222,"column":55}},"79":{"start":{"line":225,"column":29},"end":{"line":225,"column":69}},"80":{"start":{"line":226,"column":25},"end":{"line":228,"column":34}},"81":{"start":{"line":230,"column":8},"end":{"line":241,"column":11}},"82":{"start":{"line":243,"column":8},"end":{"line":243,"column":53}},"83":{"start":{"line":248,"column":0},"end":{"line":279,"column":2}},"84":{"start":{"line":249,"column":4},"end":{"line":278,"column":5}},"85":{"start":{"line":250,"column":34},"end":{"line":250,"column":42}},"86":{"start":{"line":252,"column":8},"end":{"line":254,"column":9}},"87":{"start":{"line":253,"column":12},"end":{"line":253,"column":80}},"88":{"start":{"line":256,"column":27},"end":{"line":256,"column":67}},"89":{"start":{"line":258,"column":8},"end":{"line":260,"column":9}},"90":{"start":{"line":259,"column":12},"end":{"line":259,"column":75}},"91":{"start":{"line":263,"column":8},"end":{"line":267,"column":9}},"92":{"start":{"line":264,"column":12},"end":{"line":266,"column":15}},"93":{"start":{"line":269,"column":8},"end":{"line":269,"column":54}},"94":{"start":{"line":270,"column":8},"end":{"line":270,"column":32}},"95":{"start":{"line":272,"column":8},"end":{"line":275,"column":11}},"96":{"start":{"line":277,"column":8},"end":{"line":277,"column":53}},"97":{"start":{"line":282,"column":0},"end":{"line":310,"column":2}},"98":{"start":{"line":283,"column":4},"end":{"line":309,"column":5}},"99":{"start":{"line":284,"column":34},"end":{"line":284,"column":42}},"100":{"start":{"line":286,"column":8},"end":{"line":288,"column":9}},"101":{"start":{"line":287,"column":12},"end":{"line":287,"column":80}},"102":{"start":{"line":290,"column":27},"end":{"line":290,"column":67}},"103":{"start":{"line":292,"column":8},"end":{"line":294,"column":9}},"104":{"start":{"line":293,"column":12},"end":{"line":293,"column":75}},"105":{"start":{"line":297,"column":8},"end":{"line":299,"column":10}},"106":{"start":{"line":298,"column":20},"end":{"line":298,"column":42}},"107":{"start":{"line":301,"column":8},"end":{"line":301,"column":32}},"108":{"start":{"line":303,"column":8},"end":{"line":306,"column":11}},"109":{"start":{"line":308,"column":8},"end":{"line":308,"column":53}}},"fnMap":{"0":{"name":"(anonymous_0)","decl":{"start":{"line":4,"column":28},"end":{"line":4,"column":29}},"loc":{"start":{"line":4,"column":48},"end":{"line":46,"column":1}},"line":4},"1":{"name":"(anonymous_1)","decl":{"start":{"line":49,"column":28},"end":{"line":49,"column":29}},"loc":{"start":{"line":49,"column":48},"end":{"line":64,"column":1}},"line":49},"2":{"name":"(anonymous_2)","decl":{"start":{"line":67,"column":27},"end":{"line":67,"column":28}},"loc":{"start":{"line":67,"column":47},"end":{"line":116,"column":1}},"line":67},"3":{"name":"(anonymous_3)","decl":{"start":{"line":106,"column":44},"end":{"line":106,"column":45}},"loc":{"start":{"line":106,"column":51},"end":{"line":108,"column":13}},"line":106},"4":{"name":"(anonymous_4)","decl":{"start":{"line":119,"column":27},"end":{"line":119,"column":28}},"loc":{"start":{"line":119,"column":47},"end":{"line":164,"column":1}},"line":119},"5":{"name":"(anonymous_5)","decl":{"start":{"line":154,"column":44},"end":{"line":154,"column":45}},"loc":{"start":{"line":154,"column":51},"end":{"line":156,"column":13}},"line":154},"6":{"name":"(anonymous_6)","decl":{"start":{"line":167,"column":27},"end":{"line":167,"column":28}},"loc":{"start":{"line":167,"column":47},"end":{"line":195,"column":1}},"line":167},"7":{"name":"(anonymous_7)","decl":{"start":{"line":198,"column":32},"end":{"line":198,"column":33}},"loc":{"start":{"line":198,"column":52},"end":{"line":245,"column":1}},"line":198},"8":{"name":"(anonymous_8)","decl":{"start":{"line":248,"column":27},"end":{"line":248,"column":28}},"loc":{"start":{"line":248,"column":47},"end":{"line":279,"column":1}},"line":248},"9":{"name":"(anonymous_9)","decl":{"start":{"line":282,"column":30},"end":{"line":282,"column":31}},"loc":{"start":{"line":282,"column":50},"end":{"line":310,"column":1}},"line":282},"10":{"name":"(anonymous_10)","decl":{"start":{"line":298,"column":12},"end":{"line":298,"column":13}},"loc":{"start":{"line":298,"column":20},"end":{"line":298,"column":42}},"line":298}},"branchMap":{"0":{"loc":{"start":{"line":6,"column":39},"end":{"line":6,"column":47}},"type":"default-arg","locations":[{"start":{"line":6,"column":46},"end":{"line":6,"column":47}}],"line":6},"1":{"loc":{"start":{"line":6,"column":49},"end":{"line":6,"column":59}},"type":"default-arg","locations":[{"start":{"line":6,"column":57},"end":{"line":6,"column":59}}],"line":6},"2":{"loc":{"start":{"line":10,"column":8},"end":{"line":16,"column":9}},"type":"if","locations":[{"start":{"line":10,"column":8},"end":{"line":16,"column":9}},{"start":{},"end":{}}],"line":10},"3":{"loc":{"start":{"line":18,"column":8},"end":{"line":20,"column":9}},"type":"if","locations":[{"start":{"line":18,"column":8},"end":{"line":20,"column":9}},{"start":{},"end":{}}],"line":18},"4":{"loc":{"start":{"line":53,"column":8},"end":{"line":55,"column":9}},"type":"if","locations":[{"start":{"line":53,"column":8},"end":{"line":55,"column":9}},{"start":{},"end":{}}],"line":53},"5":{"loc":{"start":{"line":72,"column":8},"end":{"line":80,"column":9}},"type":"if","locations":[{"start":{"line":72,"column":8},"end":{"line":80,"column":9}},{"start":{},"end":{}}],"line":72},"6":{"loc":{"start":{"line":72,"column":12},"end":{"line":72,"column":46}},"type":"binary-expr","locations":[{"start":{"line":72,"column":12},"end":{"line":72,"column":17}},{"start":{"line":72,"column":21},"end":{"line":72,"column":32}},{"start":{"line":72,"column":36},"end":{"line":72,"column":46}}],"line":72},"7":{"loc":{"start":{"line":76,"column":34},"end":{"line":76,"column":85}},"type":"cond-expr","locations":[{"start":{"line":76,"column":49},"end":{"line":76,"column":73}},{"start":{"line":76,"column":76},"end":{"line":76,"column":85}}],"line":76},"8":{"loc":{"start":{"line":77,"column":33},"end":{"line":77,"column":82}},"type":"cond-expr","locations":[{"start":{"line":77,"column":47},"end":{"line":77,"column":70}},{"start":{"line":77,"column":73},"end":{"line":77,"column":82}}],"line":77},"9":{"loc":{"start":{"line":83,"column":8},"end":{"line":87,"column":9}},"type":"if","locations":[{"start":{"line":83,"column":8},"end":{"line":87,"column":9}},{"start":{},"end":{}}],"line":83},"10":{"loc":{"start":{"line":83,"column":12},"end":{"line":83,"column":60}},"type":"binary-expr","locations":[{"start":{"line":83,"column":12},"end":{"line":83,"column":26}},{"start":{"line":83,"column":30},"end":{"line":83,"column":60}}],"line":83},"11":{"loc":{"start":{"line":95,"column":28},"end":{"line":95,"column":48}},"type":"binary-expr","locations":[{"start":{"line":95,"column":28},"end":{"line":95,"column":42}},{"start":{"line":95,"column":46},"end":{"line":95,"column":48}}],"line":95},"12":{"loc":{"start":{"line":104,"column":8},"end":{"line":113,"column":9}},"type":"if","locations":[{"start":{"line":104,"column":8},"end":{"line":113,"column":9}},{"start":{},"end":{}}],"line":104},"13":{"loc":{"start":{"line":124,"column":8},"end":{"line":128,"column":9}},"type":"if","locations":[{"start":{"line":124,"column":8},"end":{"line":128,"column":9}},{"start":{},"end":{}}],"line":124},"14":{"loc":{"start":{"line":124,"column":12},"end":{"line":124,"column":47}},"type":"binary-expr","locations":[{"start":{"line":124,"column":12},"end":{"line":124,"column":16}},{"start":{"line":124,"column":21},"end":{"line":124,"column":32}},{"start":{"line":124,"column":36},"end":{"line":124,"column":46}}],"line":124},"15":{"loc":{"start":{"line":131,"column":8},"end":{"line":135,"column":9}},"type":"if","locations":[{"start":{"line":131,"column":8},"end":{"line":135,"column":9}},{"start":{},"end":{}}],"line":131},"16":{"loc":{"start":{"line":131,"column":12},"end":{"line":131,"column":60}},"type":"binary-expr","locations":[{"start":{"line":131,"column":12},"end":{"line":131,"column":26}},{"start":{"line":131,"column":30},"end":{"line":131,"column":60}}],"line":131},"17":{"loc":{"start":{"line":143,"column":8},"end":{"line":145,"column":9}},"type":"if","locations":[{"start":{"line":143,"column":8},"end":{"line":145,"column":9}},{"start":{},"end":{}}],"line":143},"18":{"loc":{"start":{"line":152,"column":8},"end":{"line":161,"column":9}},"type":"if","locations":[{"start":{"line":152,"column":8},"end":{"line":161,"column":9}},{"start":{},"end":{}}],"line":152},"19":{"loc":{"start":{"line":176,"column":8},"end":{"line":180,"column":9}},"type":"if","locations":[{"start":{"line":176,"column":8},"end":{"line":180,"column":9}},{"start":{},"end":{}}],"line":176},"20":{"loc":{"start":{"line":184,"column":8},"end":{"line":186,"column":9}},"type":"if","locations":[{"start":{"line":184,"column":8},"end":{"line":186,"column":9}},{"start":{},"end":{}}],"line":184},"21":{"loc":{"start":{"line":205,"column":8},"end":{"line":207,"column":9}},"type":"if","locations":[{"start":{"line":205,"column":8},"end":{"line":207,"column":9}},{"start":{},"end":{}}],"line":205},"22":{"loc":{"start":{"line":212,"column":8},"end":{"line":223,"column":9}},"type":"if","locations":[{"start":{"line":212,"column":8},"end":{"line":223,"column":9}},{"start":{"line":220,"column":15},"end":{"line":223,"column":9}}],"line":212},"23":{"loc":{"start":{"line":212,"column":12},"end":{"line":212,"column":32}},"type":"binary-expr","locations":[{"start":{"line":212,"column":12},"end":{"line":212,"column":21}},{"start":{"line":212,"column":25},"end":{"line":212,"column":32}}],"line":212},"24":{"loc":{"start":{"line":214,"column":12},"end":{"line":216,"column":13}},"type":"if","locations":[{"start":{"line":214,"column":12},"end":{"line":216,"column":13}},{"start":{},"end":{}}],"line":214},"25":{"loc":{"start":{"line":217,"column":12},"end":{"line":219,"column":13}},"type":"if","locations":[{"start":{"line":217,"column":12},"end":{"line":219,"column":13}},{"start":{},"end":{}}],"line":217},"26":{"loc":{"start":{"line":252,"column":8},"end":{"line":254,"column":9}},"type":"if","locations":[{"start":{"line":252,"column":8},"end":{"line":254,"column":9}},{"start":{},"end":{}}],"line":252},"27":{"loc":{"start":{"line":258,"column":8},"end":{"line":260,"column":9}},"type":"if","locations":[{"start":{"line":258,"column":8},"end":{"line":260,"column":9}},{"start":{},"end":{}}],"line":258},"28":{"loc":{"start":{"line":263,"column":8},"end":{"line":267,"column":9}},"type":"if","locations":[{"start":{"line":263,"column":8},"end":{"line":267,"column":9}},{"start":{},"end":{}}],"line":263},"29":{"loc":{"start":{"line":286,"column":8},"end":{"line":288,"column":9}},"type":"if","locations":[{"start":{"line":286,"column":8},"end":{"line":288,"column":9}},{"start":{},"end":{}}],"line":286},"30":{"loc":{"start":{"line":292,"column":8},"end":{"line":294,"column":9}},"type":"if","locations":[{"start":{"line":292,"column":8},"end":{"line":294,"column":9}},{"start":{},"end":{}}],"line":292}},"s":{"0":1,"1":1,"2":0,"3":0,"4":0,"5":0,"6":0,"7":0,"8":0,"9":0,"10":0,"11":0,"12":0,"13":0,"14":1,"15":0,"16":0,"17":0,"18":0,"19":0,"20":0,"21":1,"22":0,"23":0,"24":0,"25":0,"26":0,"27":0,"28":0,"29":0,"30":0,"31":0,"32":0,"33":0,"34":0,"35":0,"36":1,"37":0,"38":0,"39":0,"40":0,"41":0,"42":0,"43":0,"44":0,"45":0,"46":0,"47":0,"48":0,"49":0,"50":0,"51":0,"52":0,"53":1,"54":0,"55":0,"56":0,"57":0,"58":0,"59":0,"60":0,"61":0,"62":0,"63":0,"64":1,"65":0,"66":0,"67":0,"68":0,"69":0,"70":0,"71":0,"72":0,"73":0,"74":0,"75":0,"76":0,"77":0,"78":0,"79":0,"80":0,"81":0,"82":0,"83":1,"84":0,"85":0,"86":0,"87":0,"88":0,"89":0,"90":0,"91":0,"92":0,"93":0,"94":0,"95":0,"96":0,"97":1,"98":0,"99":0,"100":0,"101":0,"102":0,"103":0,"104":0,"105":0,"106":0,"107":0,"108":0,"109":0},"f":{"0":0,"1":0,"2":0,"3":0,"4":0,"5":0,"6":0,"7":0,"8":0,"9":0,"10":0},"b":{"0":[0],"1":[0],"2":[0,0],"3":[0,0],"4":[0,0],"5":[0,0],"6":[0,0,0],"7":[0,0],"8":[0,0],"9":[0,0],"10":[0,0],"11":[0,0],"12":[0,0],"13":[0,0],"14":[0,0,0],"15":[0,0],"16":[0,0],"17":[0,0],"18":[0,0],"19":[0,0],"20":[0,0],"21":[0,0],"22":[0,0],"23":[0,0],"24":[0,0],"25":[0,0],"26":[0,0],"27":[0,0],"28":[0,0],"29":[0,0],"30":[0,0]},"inputSourceMap":null,"_coverageSchema":"1a1c01bbd47fc00a2c39e90264f33305004495a9","hash":"1e201f4c97927b66516686a46f02946a5e1c85ae"}
,"C:\\Users\\akran\\WORK\\Pilates-Studio\\controllers\\packages.controller.js": {"path":"C:\\Users\\akran\\WORK\\Pilates-Studio\\controllers\\packages.controller.js","statementMap":{"0":{"start":{"line":1,"column":16},"end":{"line":1,"column":52}},"1":{"start":{"line":4,"column":0},"end":{"line":41,"column":2}},"2":{"start":{"line":5,"column":4},"end":{"line":40,"column":5}},"3":{"start":{"line":6,"column":96},"end":{"line":6,"column":105}},"4":{"start":{"line":8,"column":21},"end":{"line":8,"column":23}},"5":{"start":{"line":11,"column":8},"end":{"line":15,"column":9}},"6":{"start":{"line":12,"column":12},"end":{"line":12,"column":36}},"7":{"start":{"line":13,"column":12},"end":{"line":13,"column":75}},"8":{"start":{"line":13,"column":28},"end":{"line":13,"column":75}},"9":{"start":{"line":14,"column":12},"end":{"line":14,"column":75}},"10":{"start":{"line":14,"column":28},"end":{"line":14,"column":75}},"11":{"start":{"line":18,"column":8},"end":{"line":22,"column":9}},"12":{"start":{"line":19,"column":12},"end":{"line":19,"column":30}},"13":{"start":{"line":20,"column":12},"end":{"line":20,"column":67}},"14":{"start":{"line":20,"column":26},"end":{"line":20,"column":67}},"15":{"start":{"line":21,"column":12},"end":{"line":21,"column":67}},"16":{"start":{"line":21,"column":26},"end":{"line":21,"column":67}},"17":{"start":{"line":25,"column":26},"end":{"line":25,"column":51}},"18":{"start":{"line":26,"column":24},"end":{"line":26,"column":26}},"19":{"start":{"line":27,"column":8},"end":{"line":27,"column":36}},"20":{"start":{"line":29,"column":25},"end":{"line":29,"column":65}},"21":{"start":{"line":31,"column":8},"end":{"line":37,"column":11}},"22":{"start":{"line":39,"column":8},"end":{"line":39,"column":53}},"23":{"start":{"line":44,"column":0},"end":{"line":58,"column":2}},"24":{"start":{"line":45,"column":4},"end":{"line":57,"column":5}},"25":{"start":{"line":46,"column":29},"end":{"line":46,"column":66}},"26":{"start":{"line":48,"column":8},"end":{"line":49,"column":9}},"27":{"start":{"line":48,"column":40},"end":{"line":48,"column":100}},"28":{"start":{"line":51,"column":8},"end":{"line":54,"column":11}},"29":{"start":{"line":56,"column":8},"end":{"line":56,"column":53}},"30":{"start":{"line":61,"column":0},"end":{"line":130,"column":2}},"31":{"start":{"line":62,"column":4},"end":{"line":129,"column":5}},"32":{"start":{"line":63,"column":61},"end":{"line":63,"column":69}},"33":{"start":{"line":66,"column":8},"end":{"line":77,"column":9}},"34":{"start":{"line":67,"column":12},"end":{"line":76,"column":15}},"35":{"start":{"line":80,"column":8},"end":{"line":82,"column":9}},"36":{"start":{"line":81,"column":12},"end":{"line":81,"column":90}},"37":{"start":{"line":84,"column":8},"end":{"line":86,"column":9}},"38":{"start":{"line":85,"column":12},"end":{"line":85,"column":88}},"39":{"start":{"line":88,"column":8},"end":{"line":90,"column":9}},"40":{"start":{"line":89,"column":12},"end":{"line":89,"column":83}},"41":{"start":{"line":93,"column":32},"end":{"line":93,"column":59}},"42":{"start":{"line":94,"column":8},"end":{"line":98,"column":9}},"43":{"start":{"line":95,"column":12},"end":{"line":97,"column":15}},"44":{"start":{"line":100,"column":29},"end":{"line":106,"column":10}},"45":{"start":{"line":108,"column":8},"end":{"line":111,"column":11}},"46":{"start":{"line":113,"column":8},"end":{"line":122,"column":9}},"47":{"start":{"line":114,"column":27},"end":{"line":114,"column":29}},"48":{"start":{"line":115,"column":12},"end":{"line":117,"column":15}},"49":{"start":{"line":116,"column":16},"end":{"line":116,"column":54}},"50":{"start":{"line":118,"column":12},"end":{"line":121,"column":15}},"51":{"start":{"line":123,"column":8},"end":{"line":127,"column":9}},"52":{"start":{"line":124,"column":12},"end":{"line":126,"column":15}},"53":{"start":{"line":128,"column":8},"end":{"line":128,"column":53}},"54":{"start":{"line":133,"column":0},"end":{"line":177,"column":2}},"55":{"start":{"line":134,"column":4},"end":{"line":176,"column":5}},"56":{"start":{"line":135,"column":50},"end":{"line":135,"column":58}},"57":{"start":{"line":138,"column":8},"end":{"line":140,"column":9}},"58":{"start":{"line":139,"column":12},"end":{"line":139,"column":90}},"59":{"start":{"line":142,"column":8},"end":{"line":144,"column":9}},"60":{"start":{"line":143,"column":12},"end":{"line":143,"column":88}},"61":{"start":{"line":146,"column":8},"end":{"line":148,"column":9}},"62":{"start":{"line":147,"column":12},"end":{"line":147,"column":83}},"63":{"start":{"line":150,"column":29},"end":{"line":154,"column":9}},"64":{"start":{"line":156,"column":8},"end":{"line":158,"column":9}},"65":{"start":{"line":157,"column":12},"end":{"line":157,"column":72}},"66":{"start":{"line":160,"column":8},"end":{"line":163,"column":11}},"67":{"start":{"line":165,"column":8},"end":{"line":174,"column":9}},"68":{"start":{"line":166,"column":27},"end":{"line":166,"column":29}},"69":{"start":{"line":167,"column":12},"end":{"line":169,"column":15}},"70":{"start":{"line":168,"column":16},"end":{"line":168,"column":54}},"71":{"start":{"line":170,"column":12},"end":{"line":173,"column":15}},"72":{"start":{"line":175,"column":8},"end":{"line":175,"column":53}},"73":{"start":{"line":180,"column":0},"end":{"line":207,"column":2}},"74":{"start":{"line":181,"column":4},"end":{"line":206,"column":5}},"75":{"start":{"line":183,"column":25},"end":{"line":183,"column":61}},"76":{"start":{"line":184,"column":38},"end":{"line":186,"column":10}},"77":{"start":{"line":188,"column":8},"end":{"line":192,"column":9}},"78":{"start":{"line":189,"column":12},"end":{"line":191,"column":15}},"79":{"start":{"line":194,"column":29},"end":{"line":194,"column":75}},"80":{"start":{"line":196,"column":8},"end":{"line":198,"column":9}},"81":{"start":{"line":197,"column":12},"end":{"line":197,"column":72}},"82":{"start":{"line":200,"column":8},"end":{"line":203,"column":11}},"83":{"start":{"line":205,"column":8},"end":{"line":205,"column":53}},"84":{"start":{"line":210,"column":0},"end":{"line":258,"column":2}},"85":{"start":{"line":211,"column":4},"end":{"line":257,"column":5}},"86":{"start":{"line":212,"column":26},"end":{"line":212,"column":39}},"87":{"start":{"line":214,"column":29},"end":{"line":214,"column":62}},"88":{"start":{"line":215,"column":8},"end":{"line":217,"column":9}},"89":{"start":{"line":216,"column":12},"end":{"line":216,"column":72}},"90":{"start":{"line":220,"column":25},"end":{"line":220,"column":61}},"91":{"start":{"line":222,"column":31},"end":{"line":222,"column":75}},"92":{"start":{"line":223,"column":32},"end":{"line":227,"column":10}},"93":{"start":{"line":229,"column":33},"end":{"line":232,"column":10}},"94":{"start":{"line":234,"column":35},"end":{"line":237,"column":10}},"95":{"start":{"line":240,"column":29},"end":{"line":240,"column":64}},"96":{"start":{"line":242,"column":8},"end":{"line":254,"column":11}},"97":{"start":{"line":256,"column":8},"end":{"line":256,"column":53}},"98":{"start":{"line":261,"column":0},"end":{"line":294,"column":2}},"99":{"start":{"line":262,"column":4},"end":{"line":293,"column":5}},"100":{"start":{"line":263,"column":29},"end":{"line":263,"column":38}},"101":{"start":{"line":265,"column":8},"end":{"line":269,"column":9}},"102":{"start":{"line":266,"column":12},"end":{"line":268,"column":15}},"103":{"start":{"line":271,"column":21},"end":{"line":271,"column":23}},"104":{"start":{"line":272,"column":8},"end":{"line":272,"column":62}},"105":{"start":{"line":272,"column":17},"end":{"line":272,"column":62}},"106":{"start":{"line":273,"column":8},"end":{"line":279,"column":9}},"107":{"start":{"line":274,"column":12},"end":{"line":278,"column":13}},"108":{"start":{"line":275,"column":16},"end":{"line":275,"column":56}},"109":{"start":{"line":277,"column":16},"end":{"line":277,"column":61}},"110":{"start":{"line":281,"column":25},"end":{"line":281,"column":76}},"111":{"start":{"line":283,"column":8},"end":{"line":290,"column":11}},"112":{"start":{"line":292,"column":8},"end":{"line":292,"column":53}},"113":{"start":{"line":297,"column":0},"end":{"line":330,"column":2}},"114":{"start":{"line":298,"column":4},"end":{"line":329,"column":5}},"115":{"start":{"line":299,"column":29},"end":{"line":299,"column":38}},"116":{"start":{"line":301,"column":8},"end":{"line":305,"column":9}},"117":{"start":{"line":302,"column":12},"end":{"line":304,"column":15}},"118":{"start":{"line":307,"column":21},"end":{"line":307,"column":23}},"119":{"start":{"line":308,"column":8},"end":{"line":308,"column":58}},"120":{"start":{"line":308,"column":17},"end":{"line":308,"column":58}},"121":{"start":{"line":309,"column":8},"end":{"line":315,"column":9}},"122":{"start":{"line":310,"column":12},"end":{"line":314,"column":13}},"123":{"start":{"line":311,"column":16},"end":{"line":311,"column":52}},"124":{"start":{"line":313,"column":16},"end":{"line":313,"column":57}},"125":{"start":{"line":317,"column":25},"end":{"line":317,"column":70}},"126":{"start":{"line":319,"column":8},"end":{"line":326,"column":11}},"127":{"start":{"line":328,"column":8},"end":{"line":328,"column":53}}},"fnMap":{"0":{"name":"(anonymous_0)","decl":{"start":{"line":4,"column":25},"end":{"line":4,"column":26}},"loc":{"start":{"line":4,"column":45},"end":{"line":41,"column":1}},"line":4},"1":{"name":"(anonymous_1)","decl":{"start":{"line":44,"column":25},"end":{"line":44,"column":26}},"loc":{"start":{"line":44,"column":45},"end":{"line":58,"column":1}},"line":44},"2":{"name":"(anonymous_2)","decl":{"start":{"line":61,"column":24},"end":{"line":61,"column":25}},"loc":{"start":{"line":61,"column":44},"end":{"line":130,"column":1}},"line":61},"3":{"name":"(anonymous_3)","decl":{"start":{"line":115,"column":44},"end":{"line":115,"column":45}},"loc":{"start":{"line":115,"column":51},"end":{"line":117,"column":13}},"line":115},"4":{"name":"(anonymous_4)","decl":{"start":{"line":133,"column":24},"end":{"line":133,"column":25}},"loc":{"start":{"line":133,"column":44},"end":{"line":177,"column":1}},"line":133},"5":{"name":"(anonymous_5)","decl":{"start":{"line":167,"column":44},"end":{"line":167,"column":45}},"loc":{"start":{"line":167,"column":51},"end":{"line":169,"column":13}},"line":167},"6":{"name":"(anonymous_6)","decl":{"start":{"line":180,"column":24},"end":{"line":180,"column":25}},"loc":{"start":{"line":180,"column":44},"end":{"line":207,"column":1}},"line":180},"7":{"name":"(anonymous_7)","decl":{"start":{"line":210,"column":26},"end":{"line":210,"column":27}},"loc":{"start":{"line":210,"column":46},"end":{"line":258,"column":1}},"line":210},"8":{"name":"(anonymous_8)","decl":{"start":{"line":261,"column":31},"end":{"line":261,"column":32}},"loc":{"start":{"line":261,"column":51},"end":{"line":294,"column":1}},"line":261},"9":{"name":"(anonymous_9)","decl":{"start":{"line":297,"column":29},"end":{"line":297,"column":30}},"loc":{"start":{"line":297,"column":49},"end":{"line":330,"column":1}},"line":297}},"branchMap":{"0":{"loc":{"start":{"line":6,"column":16},"end":{"line":6,"column":32}},"type":"default-arg","locations":[{"start":{"line":6,"column":25},"end":{"line":6,"column":32}}],"line":6},"1":{"loc":{"start":{"line":6,"column":34},"end":{"line":6,"column":47}},"type":"default-arg","locations":[{"start":{"line":6,"column":42},"end":{"line":6,"column":47}}],"line":6},"2":{"loc":{"start":{"line":11,"column":8},"end":{"line":15,"column":9}},"type":"if","locations":[{"start":{"line":11,"column":8},"end":{"line":15,"column":9}},{"start":{},"end":{}}],"line":11},"3":{"loc":{"start":{"line":11,"column":12},"end":{"line":11,"column":36}},"type":"binary-expr","locations":[{"start":{"line":11,"column":12},"end":{"line":11,"column":22}},{"start":{"line":11,"column":26},"end":{"line":11,"column":36}}],"line":11},"4":{"loc":{"start":{"line":13,"column":12},"end":{"line":13,"column":75}},"type":"if","locations":[{"start":{"line":13,"column":12},"end":{"line":13,"column":75}},{"start":{},"end":{}}],"line":13},"5":{"loc":{"start":{"line":14,"column":12},"end":{"line":14,"column":75}},"type":"if","locations":[{"start":{"line":14,"column":12},"end":{"line":14,"column":75}},{"start":{},"end":{}}],"line":14},"6":{"loc":{"start":{"line":18,"column":8},"end":{"line":22,"column":9}},"type":"if","locations":[{"start":{"line":18,"column":8},"end":{"line":22,"column":9}},{"start":{},"end":{}}],"line":18},"7":{"loc":{"start":{"line":18,"column":12},"end":{"line":18,"column":32}},"type":"binary-expr","locations":[{"start":{"line":18,"column":12},"end":{"line":18,"column":20}},{"start":{"line":18,"column":24},"end":{"line":18,"column":32}}],"line":18},"8":{"loc":{"start":{"line":20,"column":12},"end":{"line":20,"column":67}},"type":"if","locations":[{"start":{"line":20,"column":12},"end":{"line":20,"column":67}},{"start":{},"end":{}}],"line":20},"9":{"loc":{"start":{"line":21,"column":12},"end":{"line":21,"column":67}},"type":"if","locations":[{"start":{"line":21,"column":12},"end":{"line":21,"column":67}},{"start":{},"end":{}}],"line":21},"10":{"loc":{"start":{"line":25,"column":26},"end":{"line":25,"column":51}},"type":"cond-expr","locations":[{"start":{"line":25,"column":45},"end":{"line":25,"column":47}},{"start":{"line":25,"column":50},"end":{"line":25,"column":51}}],"line":25},"11":{"loc":{"start":{"line":48,"column":8},"end":{"line":49,"column":9}},"type":"if","locations":[{"start":{"line":48,"column":8},"end":{"line":49,"column":9}},{"start":{},"end":{}}],"line":48},"12":{"loc":{"start":{"line":66,"column":8},"end":{"line":77,"column":9}},"type":"if","locations":[{"start":{"line":66,"column":8},"end":{"line":77,"column":9}},{"start":{},"end":{}}],"line":66},"13":{"loc":{"start":{"line":66,"column":12},"end":{"line":66,"column":65}},"type":"binary-expr","locations":[{"start":{"line":66,"column":12},"end":{"line":66,"column":16}},{"start":{"line":66,"column":20},"end":{"line":66,"column":25}},{"start":{"line":66,"column":29},"end":{"line":66,"column":41}},{"start":{"line":66,"column":45},"end":{"line":66,"column":55}},{"start":{"line":66,"column":59},"end":{"line":66,"column":65}}],"line":66},"14":{"loc":{"start":{"line":70,"column":25},"end":{"line":70,"column":68}},"type":"cond-expr","locations":[{"start":{"line":70,"column":32},"end":{"line":70,"column":56}},{"start":{"line":70,"column":59},"end":{"line":70,"column":68}}],"line":70},"15":{"loc":{"start":{"line":71,"column":26},"end":{"line":71,"column":64}},"type":"cond-expr","locations":[{"start":{"line":71,"column":34},"end":{"line":71,"column":52}},{"start":{"line":71,"column":55},"end":{"line":71,"column":64}}],"line":71},"16":{"loc":{"start":{"line":72,"column":33},"end":{"line":72,"column":86}},"type":"cond-expr","locations":[{"start":{"line":72,"column":48},"end":{"line":72,"column":74}},{"start":{"line":72,"column":77},"end":{"line":72,"column":86}}],"line":72},"17":{"loc":{"start":{"line":73,"column":31},"end":{"line":73,"column":80}},"type":"cond-expr","locations":[{"start":{"line":73,"column":44},"end":{"line":73,"column":68}},{"start":{"line":73,"column":71},"end":{"line":73,"column":80}}],"line":73},"18":{"loc":{"start":{"line":74,"column":27},"end":{"line":74,"column":67}},"type":"cond-expr","locations":[{"start":{"line":74,"column":36},"end":{"line":74,"column":55}},{"start":{"line":74,"column":58},"end":{"line":74,"column":67}}],"line":74},"19":{"loc":{"start":{"line":80,"column":8},"end":{"line":82,"column":9}},"type":"if","locations":[{"start":{"line":80,"column":8},"end":{"line":82,"column":9}},{"start":{},"end":{}}],"line":80},"20":{"loc":{"start":{"line":84,"column":8},"end":{"line":86,"column":9}},"type":"if","locations":[{"start":{"line":84,"column":8},"end":{"line":86,"column":9}},{"start":{},"end":{}}],"line":84},"21":{"loc":{"start":{"line":88,"column":8},"end":{"line":90,"column":9}},"type":"if","locations":[{"start":{"line":88,"column":8},"end":{"line":90,"column":9}},{"start":{},"end":{}}],"line":88},"22":{"loc":{"start":{"line":94,"column":8},"end":{"line":98,"column":9}},"type":"if","locations":[{"start":{"line":94,"column":8},"end":{"line":98,"column":9}},{"start":{},"end":{}}],"line":94},"23":{"loc":{"start":{"line":113,"column":8},"end":{"line":122,"column":9}},"type":"if","locations":[{"start":{"line":113,"column":8},"end":{"line":122,"column":9}},{"start":{},"end":{}}],"line":113},"24":{"loc":{"start":{"line":123,"column":8},"end":{"line":127,"column":9}},"type":"if","locations":[{"start":{"line":123,"column":8},"end":{"line":127,"column":9}},{"start":{},"end":{}}],"line":123},"25":{"loc":{"start":{"line":138,"column":8},"end":{"line":140,"column":9}},"type":"if","locations":[{"start":{"line":138,"column":8},"end":{"line":140,"column":9}},{"start":{},"end":{}}],"line":138},"26":{"loc":{"start":{"line":138,"column":12},"end":{"line":138,"column":43}},"type":"binary-expr","locations":[{"start":{"line":138,"column":12},"end":{"line":138,"column":23}},{"start":{"line":138,"column":27},"end":{"line":138,"column":43}}],"line":138},"27":{"loc":{"start":{"line":142,"column":8},"end":{"line":144,"column":9}},"type":"if","locations":[{"start":{"line":142,"column":8},"end":{"line":144,"column":9}},{"start":{},"end":{}}],"line":142},"28":{"loc":{"start":{"line":142,"column":12},"end":{"line":142,"column":39}},"type":"binary-expr","locations":[{"start":{"line":142,"column":12},"end":{"line":142,"column":21}},{"start":{"line":142,"column":25},"end":{"line":142,"column":39}}],"line":142},"29":{"loc":{"start":{"line":146,"column":8},"end":{"line":148,"column":9}},"type":"if","locations":[{"start":{"line":146,"column":8},"end":{"line":148,"column":9}},{"start":{},"end":{}}],"line":146},"30":{"loc":{"start":{"line":146,"column":12},"end":{"line":146,"column":31}},"type":"binary-expr","locations":[{"start":{"line":146,"column":12},"end":{"line":146,"column":17}},{"start":{"line":146,"column":21},"end":{"line":146,"column":31}}],"line":146},"31":{"loc":{"start":{"line":156,"column":8},"end":{"line":158,"column":9}},"type":"if","locations":[{"start":{"line":156,"column":8},"end":{"line":158,"column":9}},{"start":{},"end":{}}],"line":156},"32":{"loc":{"start":{"line":165,"column":8},"end":{"line":174,"column":9}},"type":"if","locations":[{"start":{"line":165,"column":8},"end":{"line":174,"column":9}},{"start":{},"end":{}}],"line":165},"33":{"loc":{"start":{"line":188,"column":8},"end":{"line":192,"column":9}},"type":"if","locations":[{"start":{"line":188,"column":8},"end":{"line":192,"column":9}},{"start":{},"end":{}}],"line":188},"34":{"loc":{"start":{"line":196,"column":8},"end":{"line":198,"column":9}},"type":"if","locations":[{"start":{"line":196,"column":8},"end":{"line":198,"column":9}},{"start":{},"end":{}}],"line":196},"35":{"loc":{"start":{"line":215,"column":8},"end":{"line":217,"column":9}},"type":"if","locations":[{"start":{"line":215,"column":8},"end":{"line":217,"column":9}},{"start":{},"end":{}}],"line":215},"36":{"loc":{"start":{"line":265,"column":8}
[...]
"27":{"start":{"line":80,"column":4},"end":{"line":82,"column":5}},"28":{"start":{"line":81,"column":8},"end":{"line":81,"column":72}},"29":{"start":{"line":83,"column":4},"end":{"line":83,"column":11}},"30":{"start":{"line":86,"column":0},"end":{"line":86,"column":24}}},"fnMap":{"0":{"name":"(anonymous_0)","decl":{"start":{"line":26,"column":55},"end":{"line":26,"column":56}},"loc":{"start":{"line":26,"column":75},"end":{"line":49,"column":1}},"line":26},"1":{"name":"validateUserAccess","decl":{"start":{"line":62,"column":9},"end":{"line":62,"column":27}},"loc":{"start":{"line":62,"column":44},"end":{"line":76,"column":1}},"line":62},"2":{"name":"requireAdmin","decl":{"start":{"line":79,"column":9},"end":{"line":79,"column":21}},"loc":{"start":{"line":79,"column":38},"end":{"line":84,"column":1}},"line":79}},"branchMap":{"0":{"loc":{"start":{"line":39,"column":22},"end":{"line":43,"column":20}},"type":"cond-expr","locations":[{"start":{"line":39,"column":38},"end":{"line":43,"column":13}},{"start":{"line":43,"column":16},"end":{"line":43,"column":20}}],"line":39},"1":{"loc":{"start":{"line":66,"column":4},"end":{"line":68,"column":5}},"type":"if","locations":[{"start":{"line":66,"column":4},"end":{"line":68,"column":5}},{"start":{},"end":{}}],"line":66},"2":{"loc":{"start":{"line":71,"column":4},"end":{"line":73,"column":5}},"type":"if","locations":[{"start":{"line":71,"column":4},"end":{"line":73,"column":5}},{"start":{},"end":{}}],"line":71},"3":{"loc":{"start":{"line":80,"column":4},"end":{"line":82,"column":5}},"type":"if","locations":[{"start":{"line":80,"column":4},"end":{"line":82,"column":5}},{"start":{},"end":{}}],"line":80}},"s":{"0":1,"1":1,"2":1,"3":1,"4":1,"5":1,"6":1,"7":1,"8":1,"9":1,"10":1,"11":0,"12":0,"13":0,"14":0,"15":0,"16":0,"17":0,"18":1,"19":1,"20":1,"21":0,"22":0,"23":0,"24":0,"25":0,"26":0,"27":0,"28":0,"29":0,"30":1},"f":{"0":0,"1":0,"2":0},"b":{"0":[0,0],"1":[0,0],"2":[0,0],"3":[0,0]},"inputSourceMap":null,"_coverageSchema":"1a1c01bbd47fc00a2c39e90264f33305004495a9","hash":"66b4695a7a78839136643118a436e473e3fdd925"}
,"C:\\Users\\akran\\WORK\\Pilates-Studio\\routes\\reservations.routes.js": {"path":"C:\\Users\\akran\\WORK\\Pilates-Studio\\routes\\reservations.routes.js","statementMap":{"0":{"start":{"line":1,"column":16},"end":{"line":1,"column":34}},"1":{"start":{"line":2,"column":15},"end":{"line":2,"column":31}},"2":{"start":{"line":3,"column":31},"end":{"line":3,"column":80}},"3":{"start":{"line":4,"column":24},"end":{"line":4,"column":64}},"4":{"start":{"line":7,"column":0},"end":{"line":7,"column":24}},"5":{"start":{"line":11,"column":0},"end":{"line":11,"column":92}},"6":{"start":{"line":14,"column":0},"end":{"line":14,"column":59}},"7":{"start":{"line":17,"column":0},"end":{"line":17,"column":64}},"8":{"start":{"line":20,"column":0},"end":{"line":20,"column":62}},"9":{"start":{"line":24,"column":0},"end":{"line":24,"column":107}},"10":{"start":{"line":28,"column":0},"end":{"line":28,"column":73}},"11":{"start":{"line":32,"column":28},"end":{"line":32,"column":45}},"12":{"start":{"line":35,"column":4},"end":{"line":37,"column":5}},"13":{"start":{"line":36,"column":8},"end":{"line":36,"column":22}},"14":{"start":{"line":40,"column":4},"end":{"line":42,"column":5}},"15":{"start":{"line":41,"column":8},"end":{"line":41,"column":101}},"16":{"start":{"line":44,"column":4},"end":{"line":44,"column":11}},"17":{"start":{"line":49,"column":4},"end":{"line":51,"column":5}},"18":{"start":{"line":50,"column":8},"end":{"line":50,"column":86}},"19":{"start":{"line":52,"column":4},"end":{"line":52,"column":11}},"20":{"start":{"line":57,"column":4},"end":{"line":59,"column":5}},"21":{"start":{"line":58,"column":8},"end":{"line":58,"column":72}},"22":{"start":{"line":60,"column":4},"end":{"line":60,"column":11}},"23":{"start":{"line":64,"column":0},"end":{"line":64,"column":103}},"24":{"start":{"line":66,"column":0},"end":{"line":66,"column":24}}},"fnMap":{"0":{"name":"validateUserAccess","decl":{"start":{"line":31,"column":9},"end":{"line":31,"column":27}},"loc":{"start":{"line":31,"column":44},"end":{"line":45,"column":1}},"line":31},"1":{"name":"requireInstructorOrAdmin","decl":{"start":{"line":48,"column":9},"end":{"line":48,"column":33}},"loc":{"start":{"line":48,"column":50},"end":{"line":53,"column":1}},"line":48},"2":{"name":"requireAdmin","decl":{"start":{"line":56,"column":9},"end":{"line":56,"column":21}},"loc":{"start":{"line":56,"column":38},"end":{"line":61,"column":1}},"line":56}},"branchMap":{"0":{"loc":{"start":{"line":35,"column":4},"end":{"line":37,"column":5}},"type":"if","locations":[{"start":{"line":35,"column":4},"end":{"line":37,"column":5}},{"start":{},"end":{}}],"line":35},"1":{"loc":{"start":{"line":40,"column":4},"end":{"line":42,"column":5}},"type":"if","locations":[{"start":{"line":40,"column":4},"end":{"line":42,"column":5}},{"start":{},"end":{}}],"line":40},"2":{"loc":{"start":{"line":49,"column":4},"end":{"line":51,"column":5}},"type":"if","locations":[{"start":{"line":49,"column":4},"end":{"line":51,"column":5}},{"start":{},"end":{}}],"line":49},"3":{"loc":{"start":{"line":49,"column":8},"end":{"line":49,"column":67}},"type":"binary-expr","locations":[{"start":{"line":49,"column":8},"end":{"line":49,"column":33}},{"start":{"line":49,"column":37},"end":{"line":49,"column":67}}],"line":49},"4":{"loc":{"start":{"line":57,"column":4},"end":{"line":59,"column":5}},"type":"if","locations":[{"start":{"line":57,"column":4},"end":{"line":59,"column":5}},{"start":{},"end":{}}],"line":57}},"s":{"0":1,"1":1,"2":1,"3":1,"4":1,"5":1,"6":1,"7":1,"8":1,"9":1,"10":1,"11":0,"12":0,"13":0,"14":0,"15":0,"16":0,"17":0,"18":0,"19":0,"20":0,"21":0,"22":0,"23":1,"24":1},"f":{"0":0,"1":0,"2":0},"b":{"0":[0,0],"1":[0,0],"2":[0,0],"3":[0,0],"4":[0,0]},"inputSourceMap":null,"_coverageSchema":"1a1c01bbd47fc00a2c39e90264f33305004495a9","hash":"f77a08b23718245a04df259d64927aa5cdce9099"}
,"C:\\Users\\akran\\WORK\\Pilates-Studio\\routes\\user.routes.js": {"path":"C:\\Users\\akran\\WORK\\Pilates-Studio\\routes\\user.routes.js","statementMap":{"0":{"start":{"line":1,"column":16},"end":{"line":1,"column":34}},"1":{"start":{"line":2,"column":15},"end":{"line":2,"column":31}},"2":{"start":{"line":3,"column":23},"end":{"line":3,"column":64}},"3":{"start":{"line":4,"column":24},"end":{"line":4,"column":64}},"4":{"start":{"line":5,"column":18},"end":{"line":5,"column":47}},"5":{"start":{"line":8,"column":21},"end":{"line":14,"column":2}},"6":{"start":{"line":16,"column":24},"end":{"line":20,"column":2}},"7":{"start":{"line":24,"column":0},"end":{"line":24,"column":69}},"8":{"start":{"line":27,"column":0},"end":{"line":27,"column":62}},"9":{"start":{"line":30,"column":0},"end":{"line":30,"column":59}},"10":{"start":{"line":33,"column":0},"end":{"line":33,"column":24}},"11":{"start":{"line":36,"column":0},"end":{"line":36,"column":67}},"12":{"start":{"line":39,"column":0},"end":{"line":39,"column":66}},"13":{"start":{"line":42,"column":0},"end":{"line":42,"column":82}},"14":{"start":{"line":45,"column":0},"end":{"line":45,"column":86}},"15":{"start":{"line":49,"column":0},"end":{"line":49,"column":58}},"16":{"start":{"line":52,"column":0},"end":{"line":52,"column":63}},"17":{"start":{"line":55,"column":0},"end":{"line":55,"column":70}},"18":{"start":{"line":59,"column":28},"end":{"line":59,"column":41}},"19":{"start":{"line":62,"column":4},"end":{"line":64,"column":5}},"20":{"start":{"line":63,"column":8},"end":{"line":63,"column":22}},"21":{"start":{"line":67,"column":4},"end":{"line":69,"column":5}},"22":{"start":{"line":68,"column":8},"end":{"line":68,"column":93}},"23":{"start":{"line":71,"column":4},"end":{"line":71,"column":11}},"24":{"start":{"line":76,"column":4},"end":{"line":78,"column":5}},"25":{"start":{"line":77,"column":8},"end":{"line":77,"column":72}},"26":{"start":{"line":79,"column":4},"end":{"line":79,"column":11}},"27":{"start":{"line":82,"column":0},"end":{"line":82,"column":24}}},"fnMap":{"0":{"name":"validateUserAccess","decl":{"start":{"line":58,"column":9},"end":{"line":58,"column":27}},"loc":{"start":{"line":58,"column":44},"end":{"line":72,"column":1}},"line":58},"1":{"name":"requireAdmin","decl":{"start":{"line":75,"column":9},"end":{"line":75,"column":21}},"loc":{"start":{"line":75,"column":38},"end":{"line":80,"column":1}},"line":75}},"branchMap":{"0":{"loc":{"start":{"line":62,"column":4},"end":{"line":64,"column":5}},"type":"if","locations":[{"start":{"line":62,"column":4},"end":{"line":64,"column":5}},{"start":{},"end":{}}],"line":62},"1":{"loc":{"start":{"line":67,"column":4},"end":{"line":69,"column":5}},"type":"if","locations":[{"start":{"line":67,"column":4},"end":{"line":69,"column":5}},{"start":{},"end":{}}],"line":67},"2":{"loc":{"start":{"line":76,"column":4},"end":{"line":78,"column":5}},"type":"if","locations":[{"start":{"line":76,"column":4},"end":{"line":78,"column":5}},{"start":{},"end":{}}],"line":76}},"s":{"0":1,"1":1,"2":1,"3":1,"4":1,"5":1,"6":1,"7":1,"8":1,"9":1,"10":1,"11":1,"12":1,"13":1,"14":1,"15":1,"16":1,"17":1,"18":0,"19":0,"20":0,"21":0,"22":0,"23":0,"24":0,"25":0,"26":0,"27":1},"f":{"0":0,"1":0},"b":{"0":[0,0],"1":[0,0],"2":[0,0]},"inputSourceMap":null,"_coverageSchema":"1a1c01bbd47fc00a2c39e90264f33305004495a9","hash":"a115083aa8f5f22c547f9c96e60fac7fdf6c46e4"}
,"C:\\Users\\akran\\WORK\\Pilates-Studio\\schemas\\classSessions.model.js": {"path":"C:\\Users\\akran\\WORK\\Pilates-Studio\\schemas\\classSessions.model.js","statementMap":{"0":{"start":{"line":1,"column":17},"end":{"line":1,"column":36}},"1":{"start":{"line":2,"column":33},"end":{"line":2,"column":41}},"2":{"start":{"line":4,"column":28},"end":{"line":27,"column":4}},"3":{"start":{"line":29,"column":0},"end":{"line":29,"column":69}}},"fnMap":{},"branchMap":{},"s":{"0":1,"1":1,"2":1,"3":1},"f":{},"b":{},"inputSourceMap":null,"_coverageSchema":"1a1c01bbd47fc00a2c39e90264f33305004495a9","hash":"358e793669a4d8c5bcde28c2f9cd157ba3221585"}
,"C:\\Users\\akran\\WORK\\Pilates-Studio\\schemas\\classTypes.model.js": {"path":"C:\\Users\\akran\\WORK\\Pilates-Studio\\schemas\\classTypes.model.js","statementMap":{"0":{"start":{"line":1,"column":17},"end":{"line":1,"column":36}},"1":{"start":{"line":3,"column":25},"end":{"line":15,"column":4}},"2":{"start":{"line":17,"column":0},"end":{"line":17,"column":63}}},"fnMap":{},"branchMap":{},"s":{"0":1,"1":1,"2":1},"f":{},"b":{},"inputSourceMap":null,"_coverageSchema":"1a1c01bbd47fc00a2c39e90264f33305004495a9","hash":"02616b6e748febea9ae8170a7ce940ebd495328b"}
,"C:\\Users\\akran\\WORK\\Pilates-Studio\\schemas\\instructors.model.js": {"path":"C:\\Users\\akran\\WORK\\Pilates-Studio\\schemas\\instructors.model.js","statementMap":{"0":{"start":{"line":1,"column":17},"end":{"line":1,"column":36}},"1":{"start":{"line":3,"column":26},"end":{"line":11,"column":4}},"2":{"start":{"line":13,"column":0},"end":{"line":13,"column":65}}},"fnMap":{},"branchMap":{},"s":{"0":1,"1":1,"2":1},"f":{},"b":{},"inputSourceMap":null,"_coverageSchema":"1a1c01bbd47fc00a2c39e90264f33305004495a9","hash":"24455413bbb6f024f34f85c7370cfce42f5d7593"}
,"C:\\Users\\akran\\WORK\\Pilates-Studio\\schemas\\packages.model.js": {"path":"C:\\Users\\akran\\WORK\\Pilates-Studio\\schemas\\packages.model.js","statementMap":{"0":{"start":{"line":1,"column":17},"end":{"line":1,"column":36}},"1":{"start":{"line":4,"column":23},"end":{"line":25,"column":4}},"2":{"start":{"line":27,"column":2},"end":{"line":27,"column":62}}},"fnMap":{},"branchMap":{},"s":{"0":1,"1":1,"2":1},"f":{},"b":{},"inputSourceMap":null,"_coverageSchema":"1a1c01bbd47fc00a2c39e90264f33305004495a9","hash":"ce17859aa0857b69060d54b29d21c5edbe033a01"}
,"C:\\Users\\akran\\WORK\\Pilates-Studio\\schemas\\purchases.model.js": {"path":"C:\\Users\\akran\\WORK\\Pilates-Studio\\schemas\\purchases.model.js","statementMap":{"0":{"start":{"line":1,"column":17},"end":{"line":1,"column":36}},"1":{"start":{"line":2,"column":33},"end":{"line":2,"column":41}},"2":{"start":{"line":5,"column":24},"end":{"line":31,"column":2}},"3":{"start":{"line":33,"column":18},"end":{"line":33,"column":61}},"4":{"start":{"line":34,"column":0},"end":{"line":34,"column":27}}},"fnMap":{},"branchMap":{},"s":{"0":1,"1":1,"2":1,"3":1,"4":1},"f":{},"b":{},"inputSourceMap":null,"_coverageSchema":"1a1c01bbd47fc00a2c39e90264f33305004495a9","hash":"75a5f72328a301e3b1ad3a853310f8b056d29de7"}
,"C:\\Users\\akran\\WORK\\Pilates-Studio\\schemas\\reservations.model.js": {"path":"C:\\Users\\akran\\WORK\\Pilates-Studio\\schemas\\reservations.model.js","statementMap":{"0":{"start":{"line":1,"column":17},"end":{"line":1,"column":36}},"1":{"start":{"line":2,"column":33},"end":{"line":2,"column":41}},"2":{"start":{"line":4,"column":27},"end":{"line":106,"column":2}},"3":{"start":{"line":19,"column":8},"end":{"line":19,"column":48}},"4":{"start":{"line":40,"column":12},"end":{"line":40,"column":57}},"5":{"start":{"line":109,"column":0},"end":{"line":109,"column":54}},"6":{"start":{"line":110,"column":0},"end":{"line":110,"column":54}},"7":{"start":{"line":111,"column":0},"end":{"line":111,"column":67}},"8":{"start":{"line":112,"column":0},"end":{"line":112,"column":54}},"9":{"start":{"line":115,"column":0},"end":{"line":123,"column":3}},"10":{"start":{"line":116,"column":4},"end":{"line":116,"column":66}},"11":{"start":{"line":116,"column":53},"end":{"line":116,"column":66}},"12":{"start":{"line":118,"column":16},"end":{"line":118,"column":26}},"13":{"start":{"line":119,"column":23},"end":{"line":119,"column":56}},"14":{"start":{"line":120,"column":28},"end":{"line":120,"column":65}},"15":{"start":{"line":122,"column":4},"end":{"line":122,"column":32}},"16":{"start":{"line":126,"column":0},"end":{"line":130,"column":2}},"17":{"start":{"line":127,"column":4},"end":{"line":129,"column":58}},"18":{"start":{"line":133,"column":0},"end":{"line":163,"column":2}},"19":{"start":{"line":134,"column":4},"end":{"line":136,"column":5}},"20":{"start":{"line":135,"column":8},"end":{"line":135,"column":72}},"21":{"start":{"line":138,"column":4},"end":{"line":140,"column":5}},"22":{"start":{"line":139,"column":8},"end":{"line":139,"column":74}},"23":{"start":{"line":142,"column":16},"end":{"line":142,"column":26}},"24":{"start":{"line":143,"column":23},"end":{"line":143,"column":56}},"25":{"start":{"line":144,"column":28},"end":{"line":144,"column":65}},"26":{"start":{"line":146,"column":4},"end":{"line":148,"column":5}},"27":{"start":{"line":147,"column":8},"end":{"line":147,"column":72}},"28":{"start":{"line":150,"column":4},"end":{"line":156,"column":5}},"29":{"start":{"line":151,"column":8},"end":{"line":155,"column":10}},"30":{"start":{"line":158,"column":4},"end":{"line":162,"column":6}},"31":{"start":{"line":165,"column":0},"end":{"line":165,"column":58}}},"fnMap":{"0":{"name":"(anonymous_0)","decl":{"start":{"line":18,"column":16},"end":{"line":18,"column":17}},"loc":{"start":{"line":18,"column":27},"end":{"line":20,"column":7}},"line":18},"1":{"name":"(anonymous_1)","decl":{"start":{"line":39,"column":18},"end":{"line":39,"column":19}},"loc":{"start":{"line":39,"column":29},"end":{"line":41,"column":9}},"line":39},"2":{"name":"(anonymous_2)","decl":{"start":{"line":115,"column":47},"end":{"line":115,"column":48}},"loc":{"start":{"line":115,"column":58},"end":{"line":123,"column":1}},"line":115},"3":{"name":"(anonymous_3)","decl":{"start":{"line":126,"column":44},"end":{"line":126,"column":45}},"loc":{"start":{"line":126,"column":55},"end":{"line":130,"column":1}},"line":126},"4":{"name":"(anonymous_4)","decl":{"start":{"line":133,"column":56},"end":{"line":133,"column":57}},"loc":{"start":{"line":133,"column":67},"end":{"line":163,"column":1}},"line":133}},"branchMap":{"0":{"loc":{"start":{"line":116,"column":4},"end":{"line":116,"column":66}},"type":"if","locations":[{"start":{"line":116,"column":4},"end":{"line":116,"column":66}},{"start":{},"end":{}}],"line":116},"1":{"loc":{"start":{"line":116,"column":8},"end":{"line":116,"column":51}},"type":"binary-expr","locations":[{"start":{"line":116,"column":8},"end":{"line":116,"column":23}},{"start":{"line":116,"column":27},"end":{"line":116,"column":51}}],"line":116},"2":{"loc":{"start":{"line":127,"column":11},"end":{"line":129,"column":57}},"type":"binary-expr","locations":[{"start":{"line":127,"column":11},"end":{"line":127,"column":38}},{"start":{"line":128,"column":11},"end":{"line":128,"column":25}},{"start":{"line":129,"column":11},"end":{"line":129,"column":57}}],"line":127},"3":{"loc":{"start":{"line":134,"column":4},"end":{"line":136,"column":5}},"type":"if","locations":[{"start":{"line":134,"column":4},"end":{"line":136,"column":5}},{"start":{},"end":{}}],"line":134},"4":{"loc":{"start":{"line":138,"column":4},"end":{"line":140,"column":5}},"type":"if","locations":[{"start":{"line":138,"column":4},"end":{"line":140,"column":5}},{"start":{},"end":{}}],"line":138},"5":{"loc":{"start":{"line":138,"column":8},"end":{"line":138,"column":51}},"type":"binary-expr","locations":[{"start":{"line":138,"column":8},"end":{"line":138,"column":23}},{"start":{"line":138,"column":27},"end":{"line":138,"column":51}}],"line":138},"6":{"loc":{"start":{"line":146,"column":4},"end":{"line":148,"column":5}},"type":"if","locations":[{"start":{"line":146,"column":4},"end":{"line":148,"column":5}},{"start":{},"end":{}}],"line":146},"7":{"loc":{"start":{"line":150,"column":4},"end":{"line":156,"column":5}},"type":"if","locations":[{"start":{"line":150,"column":4},"end":{"line":156,"column":5}},{"start":{},"end":{}}],"line":150}},"s":{"0":1,"1":1,"2":1,"3":0,"4":0,"5":1,"6":1,"7":1,"8":1,"9":1,"10":0,"11":0,"12":0,"13":0,"14":0,"15":0,"16":1,"17":0,"18":1,"19":0,"20":0,"21":0,"22":0,"23":0,"24":0,"25":0,"26":0,"27":0,"28":0,"29":0,"30":0,"31":1},"f":{"0":0,"1":0,"2":0,"3":0,"4":0},"b":{"0":[0,0],"1":[0,0],"2":[0,0,0],"3":[0,0],"4":[0,0],"5":[0,0],"6":[0,0],"7":[0,0]},"inputSourceMap":null,"_coverageSchema":"1a1c01bbd47fc00a2c39e90264f33305004495a9","hash":"36f384b8565c1aa72221b830400a5548d707b301"}
,"C:\\Users\\akran\\WORK\\Pilates-Studio\\schemas\\user.model.js": {"path":"C:\\Users\\akran\\WORK\\Pilates-Studio\\schemas\\user.model.js","statementMap":{"0":{"start":{"line":1,"column":17},"end":{"line":1,"column":36}},"1":{"start":{"line":2,"column":15},"end":{"line":2,"column":34}},"2":{"start":{"line":3,"column":33},"end":{"line":3,"column":41}},"3":{"start":{"line":6,"column":19},"end":{"line":25,"column":24}},"4":{"start":{"line":28,"column":0},"end":{"line":33,"column":3}},"5":{"start":{"line":29,"column":4},"end":{"line":29,"column":52}},"6":{"start":{"line":29,"column":38},"end":{"line":29,"column":52}},"7":{"start":{"line":30,"column":17},"end":{"line":30,"column":41}},"8":{"start":{"line":31,"column":4},"end":{"line":31,"column":59}},"9":{"start":{"line":32,"column":4},"end":{"line":32,"column":11}},"10":{"start":{"line":36,"column":0},"end":{"line":42,"column":2}},"11":{"start":{"line":37,"column":4},"end":{"line":41,"column":7}},"12":{"start":{"line":38,"column":8},"end":{"line":38,"column":70}},"13":{"start":{"line":40,"column":8},"end":{"line":40,"column":31}},"14":{"start":{"line":44,"column":0},"end":{"line":44,"column":53}}},"fnMap":{"0":{"name":"(anonymous_0)","decl":{"start":{"line":28,"column":23},"end":{"line":28,"column":24}},"loc":{"start":{"line":28,"column":45},"end":{"line":33,"column":1}},"line":28},"1":{"name":"(anonymous_1)","decl":{"start":{"line":36,"column":37},"end":{"line":36,"column":38}},"loc":{"start":{"line":36,"column":71},"end":{"line":42,"column":1}},"line":36}},"branchMap":{"0":{"loc":{"start":{"line":29,"column":4},"end":{"line":29,"column":52}},"type":"if","locations":[{"start":{"line":29,"column":4},"end":{"line":29,"column":52}},{"start":{},"end":{}}],"line":29}},"s":{"0":1,"1":1,"2":1,"3":1,"4":1,"5":0,"6":0,"7":0,"8":0,"9":0,"10":1,"11":0,"12":0,"13":0,"14":1},"f":{"0":0,"1":0},"b":{"0":[0,0]},"inputSourceMap":null,"_coverageSchema":"1a1c01bbd47fc00a2c39e90264f33305004495a9","hash":"62929678161ffee6ad943aa2e86dc1cbaa47cfc3"}
}
