TN:
SF:config\businessRules.config.js
FN:153,(anonymous_0)
FNF:1
FNH:0
FNDA:0,(anonymous_0)
DA:4,1
DA:155,0
DA:156,0
DA:157,0
DA:161,0
LF:5
LH:1
BRDA:63,0,0,0
BRDA:63,0,1,1
BRDA:155,1,0,0
BRDA:155,1,1,0
BRDA:155,2,0,0
BRDA:155,2,1,0
BRDA:156,3,0,0
BRDA:156,3,1,0
BRDA:156,4,0,0
BRDA:156,4,1,0
BRF:10
BRH:1
end_of_record
TN:
SF:config\environment.js
FN:6,(anonymous_0)
FN:15,(anonymous_1)
FN:67,(anonymous_2)
FN:72,(anonymous_3)
FNF:4
FNH:2
FNDA:1,(anonymous_0)
FNDA:1,(anonymous_1)
FNDA:0,(anonymous_2)
FNDA:0,(anonymous_3)
DA:2,1
DA:3,1
DA:6,1
DA:7,1
DA:8,0
DA:12,1
DA:15,1
DA:16,1
DA:17,0
DA:21,1
DA:24,1
DA:25,1
DA:27,1
DA:68,0
DA:73,0
LF:15
LH:11
BRDA:7,0,0,0
BRDA:7,0,1,1
BRDA:7,1,0,1
BRDA:7,1,1,1
BRDA:8,2,0,0
BRDA:8,2,1,0
BRDA:10,3,0,0
BRDA:10,3,1,0
BRDA:12,4,0,1
BRDA:12,4,1,1
BRDA:12,4,2,1
BRDA:16,5,0,0
BRDA:16,5,1,1
BRDA:16,6,0,1
BRDA:16,6,1,1
BRDA:17,7,0,0
BRDA:17,7,1,0
BRDA:19,8,0,0
BRDA:19,8,1,0
BRDA:21,9,0,1
BRDA:21,9,1,0
BRDA:50,10,0,1
BRDA:50,10,1,1
BRDA:50,10,2,0
BRDA:62,11,0,1
BRDA:62,11,1,0
BRDA:63,12,0,1
BRDA:63,12,1,0
BRF:28
BRH:14
end_of_record
TN:
SF:controllers\classSessions.controller.js
FN:7,(anonymous_0)
FN:81,(anonymous_1)
FN:100,(anonymous_2)
FN:134,(anonymous_3)
FN:135,(anonymous_4)
FN:160,(anonymous_5)
FN:213,(anonymous_6)
FN:234,(anonymous_7)
FN:260,(anonymous_8)
FN:325,(anonymous_9)
FN:338,(anonymous_10)
FN:381,(anonymous_11)
FNF:12
FNH:0
FNDA:0,(anonymous_0)
FNDA:0,(anonymous_1)
FNDA:0,(anonymous_2)
FNDA:0,(anonymous_3)
FNDA:0,(anonymous_4)
FNDA:0,(anonymous_5)
FNDA:0,(anonymous_6)
FNDA:0,(anonymous_7)
FNDA:0,(anonymous_8)
FNDA:0,(anonymous_9)
FNDA:0,(anonymous_10)
FNDA:0,(anonymous_11)
DA:1,1
DA:2,1
DA:3,1
DA:4,1
DA:7,1
DA:8,0
DA:9,0
DA:12,0
DA:14,0
DA:20,0
DA:22,0
DA:23,0
DA:26,0
DA:27,0
DA:28,0
DA:32,0
DA:36,0
DA:37,0
DA:38,0
DA:40,0
DA:45,0
DA:55,0
DA:56,0
DA:57,0
DA:60,0
DA:67,0
DA:68,0
DA:71,0
DA:78,0
DA:79,0
DA:80,0
DA:81,0
DA:82,0
DA:84,0
DA:89,0
DA:91,0
DA:94,0
DA:98,0
DA:100,0
DA:102,0
DA:103,0
DA:104,0
DA:105,0
DA:106,0
DA:108,0
DA:109,0
DA:113,0
DA:114,0
DA:116,0
DA:134,0
DA:135,0
DA:136,0
DA:140,0
DA:150,0
DA:151,0
DA:160,1
DA:161,0
DA:162,0
DA:164,0
DA:167,0
DA:168,0
DA:169,0
DA:172,0
DA:173,0
DA:174,0
DA:176,0
DA:183,0
DA:184,0
DA:185,0
DA:186,0
DA:190,0
DA:191,0
DA:195,0
DA:196,0
DA:200,0
DA:201,0
DA:204,0
DA:210,0
DA:211,0
DA:212,0
DA:213,0
DA:214,0
DA:215,0
DA:221,0
DA:229,0
DA:234,1
DA:235,0
DA:236,0
DA:240,0
DA:241,0
DA:245,0
DA:246,0
DA:247,0
DA:248,0
DA:250,0
DA:255,0
DA:260,1
DA:261,0
DA:262,0
DA:265,0
DA:266,0
DA:276,0
DA:277,0
DA:278,0
DA:282,0
DA:283,0
DA:284,0
DA:285,0
DA:290,0
DA:291,0
DA:293,0
DA:300,0
DA:301,0
DA:306,0
DA:314,0
DA:318,0
DA:323,0
DA:324,0
DA:325,0
DA:326,0
DA:328,0
DA:333,0
DA:338,1
DA:339,0
DA:340,0
DA:341,0
DA:343,0
DA:344,0
DA:345,0
DA:349,0
DA:350,0
DA:356,0
DA:357,0
DA:358,0
DA:359,0
DA:363,0
DA:371,0
DA:376,0
DA:381,1
DA:382,0
DA:383,0
DA:385,0
DA:386,0
DA:388,0
DA:389,0
DA:390,0
DA:391,0
DA:395,0
DA:396,0
DA:397,0
DA:402,0
DA:404,0
DA:406,0
DA:411,0
DA:412,0
DA:414,0
LF:156
LH:10
BRDA:20,0,0,0
BRDA:20,0,1,0
BRDA:32,1,0,0
BRDA:32,1,1,0
BRDA:55,2,0,0
BRDA:55,2,1,0
BRDA:55,3,0,0
BRDA:55,3,1,0
BRDA:67,4,0,0
BRDA:67,4,1,0
BRDA:79,5,0,0
BRDA:79,5,1,0
BRDA:84,6,0,0
BRDA:84,6,1,0
BRDA:84,6,2,0
BRDA:91,7,0,0
BRDA:91,7,1,0
BRDA:108,8,0,0
BRDA:108,8,1,0
BRDA:167,9,0,0
BRDA:167,9,1,0
BRDA:183,10,0,0
BRDA:183,10,1,0
BRDA:183,11,0,0
BRDA:183,11,1,0
BRDA:185,12,0,0
BRDA:185,12,1,0
BRDA:186,13,0,0
BRDA:186,13,1,0
BRDA:190,14,0,0
BRDA:190,14,1,0
BRDA:195,15,0,0
BRDA:195,15,1,0
BRDA:200,16,0,0
BRDA:200,16,1,0
BRDA:211,17,0,0
BRDA:211,17,1,0
BRDA:215,18,0,0
BRDA:215,18,1,0
BRDA:215,18,2,0
BRDA:240,19,0,0
BRDA:240,19,1,0
BRDA:265,20,0,0
BRDA:265,20,1,0
BRDA:265,21,0,0
BRDA:265,21,1,0
BRDA:269,22,0,0
BRDA:269,22,1,0
BRDA:270,23,0,0
BRDA:270,23,1,0
BRDA:277,24,0,0
BRDA:277,24,1,0
BRDA:282,25,0,0
BRDA:282,25,1,0
BRDA:284,26,0,0
BRDA:284,26,1,0
BRDA:300,27,0,0
BRDA:300,27,1,0
BRDA:309,28,0,0
BRDA:309,28,1,0
BRDA:323,29,0,0
BRDA:323,29,1,0
BRDA:344,30,0,0
BRDA:344,30,1,0
BRDA:349,31,0,0
BRDA:349,31,1,0
BRDA:349,32,0,0
BRDA:349,32,1,0
BRDA:356,33,0,0
BRDA:356,33,1,0
BRDA:358,34,0,0
BRDA:358,34,1,0
BRDA:389,35,0,0
BRDA:389,35,1,0
BRDA:395,36,0,0
BRDA:395,36,1,0
BRF:76
BRH:0
end_of_record
TN:
SF:controllers\classTypes.controller.js
FN:4,(anonymous_0)
FN:36,(anonymous_1)
FN:54,(anonymous_2)
FN:100,(anonymous_3)
FN:118,(anonymous_4)
FN:149,(anonymous_5)
FN:162,(anonymous_6)
FN:192,(anonymous_7)
FNF:8
FNH:0
FNDA:0,(anonymous_0)
FNDA:0,(anonymous_1)
FNDA:0,(anonymous_2)
FNDA:0,(anonymous_3)
FNDA:0,(anonymous_4)
FNDA:0,(anonymous_5)
FNDA:0,(anonymous_6)
FNDA:0,(anonymous_7)
DA:1,1
DA:4,1
DA:5,0
DA:6,0
DA:8,0
DA:10,0
DA:11,0
DA:14,0
DA:15,0
DA:21,0
DA:23,0
DA:31,0
DA:36,1
DA:37,0
DA:38,0
DA:40,0
DA:41,0
DA:44,0
DA:49,0
DA:54,1
DA:55,0
DA:56,0
DA:59,0
DA:60,0
DA:70,0
DA:71,0
DA:72,0
DA:78,0
DA:79,0
DA:80,0
DA:85,0
DA:93,0
DA:98,0
DA:99,0
DA:100,0
DA:101,0
DA:103,0
DA:108,0
DA:109,0
DA:113,0
DA:118,1
DA:119,0
DA:120,0
DA:123,0
DA:124,0
DA:125,0
DA:126,0
DA:132,0
DA:138,0
DA:139,0
DA:142,0
DA:147,0
DA:148,0
DA:149,0
DA:150,0
DA:152,0
DA:157,0
DA:162,1
DA:163,0
DA:165,0
DA:166,0
DA:170,0
DA:171,0
DA:176,0
DA:178,0
DA:179,0
DA:182,0
DA:187,0
DA:192,1
DA:193,0
DA:194,0
DA:196,0
DA:197,0
DA:198,0
DA:203,0
DA:205,0
DA:214,0
LF:77
LH:7
BRDA:10,0,0,0
BRDA:10,0,1,0
BRDA:14,1,0,0
BRDA:14,1,1,0
BRDA:40,2,0,0
BRDA:40,2,1,0
BRDA:59,3,0,0
BRDA:59,3,1,0
BRDA:59,4,0,0
BRDA:59,4,1,0
BRDA:63,5,0,0
BRDA:63,5,1,0
BRDA:64,6,0,0
BRDA:64,6,1,0
BRDA:71,7,0,0
BRDA:71,7,1,0
BRDA:79,8,0,0
BRDA:79,8,1,0
BRDA:79,9,0,0
BRDA:79,9,1,0
BRDA:90,10,0,0
BRDA:90,10,1,0
BRDA:98,11,0,0
BRDA:98,11,1,0
BRDA:108,12,0,0
BRDA:108,12,1,0
BRDA:123,13,0,0
BRDA:123,13,1,0
BRDA:125,14,0,0
BRDA:125,14,1,0
BRDA:138,15,0,0
BRDA:138,15,1,0
BRDA:147,16,0,0
BRDA:147,16,1,0
BRDA:170,17,0,0
BRDA:170,17,1,0
BRDA:178,18,0,0
BRDA:178,18,1,0
BRDA:197,19,0,0
BRDA:197,19,1,0
BRF:40
BRH:0
end_of_record
TN:
SF:controllers\instructors.controller.js
FN:4,(anonymous_0)
FN:49,(anonymous_1)
FN:67,(anonymous_2)
FN:106,(anonymous_3)
FN:119,(anonymous_4)
FN:154,(anonymous_5)
FN:167,(anonymous_6)
FN:198,(anonymous_7)
FN:248,(anonymous_8)
FN:282,(anonymous_9)
FN:298,(anonymous_10)
FNF:11
FNH:0
FNDA:0,(anonymous_0)
FNDA:0,(anonymous_1)
FNDA:0,(anonymous_2)
FNDA:0,(anonymous_3)
FNDA:0,(anonymous_4)
FNDA:0,(anonymous_5)
FNDA:0,(anonymous_6)
FNDA:0,(anonymous_7)
FNDA:0,(anonymous_8)
FNDA:0,(anonymous_9)
FNDA:0,(anonymous_10)
DA:1,1
DA:4,1
DA:5,0
DA:6,0
DA:8,0
DA:10,0
DA:11,0
DA:18,0
DA:19,0
DA:22,0
DA:24,0
DA:29,0
DA:31,0
DA:44,0
DA:49,1
DA:50,0
DA:51,0
DA:53,0
DA:54,0
DA:57,0
DA:62,0
DA:67,1
DA:68,0
DA:69,0
DA:72,0
DA:73,0
DA:83,0
DA:84,0
DA:89,0
DA:99,0
DA:104,0
DA:105,0
DA:106,0
DA:107,0
DA:109,0
DA:114,0
DA:119,1
DA:120,0
DA:121,0
DA:124,0
DA:125,0
DA:131,0
DA:132,0
DA:137,0
DA:143,0
DA:144,0
DA:147,0
DA:152,0
DA:153,0
DA:154,0
DA:155,0
DA:157,0
DA:162,0
DA:167,1
DA:168,0
DA:170,0
DA:171,0
DA:176,0
DA:177,0
DA:182,0
DA:184,0
DA:185,0
DA:188,0
DA:193,0
DA:198,1
DA:199,0
DA:200,0
DA:201,0
DA:204,0
DA:205,0
DA:206,0
DA:210,0
DA:212,0
DA:213,0
DA:214,0
DA:215,0
DA:217,0
DA:218,0
DA:222,0
DA:225,0
DA:226,0
DA:230,0
DA:243,0
DA:248,1
DA:249,0
DA:250,0
DA:252,0
DA:253,0
DA:256,0
DA:258,0
DA:259,0
DA:263,0
DA:264,0
DA:269,0
DA:270,0
DA:272,0
DA:277,0
DA:282,1
DA:283,0
DA:284,0
DA:286,0
DA:287,0
DA:290,0
DA:292,0
DA:293,0
DA:297,0
DA:298,0
DA:301,0
DA:303,0
DA:308,0
LF:110
LH:9
BRDA:6,0,0,0
BRDA:6,1,0,0
BRDA:10,2,0,0
BRDA:10,2,1,0
BRDA:18,3,0,0
BRDA:18,3,1,0
BRDA:53,4,0,0
BRDA:53,4,1,0
BRDA:72,5,0,0
BRDA:72,5,1,0
BRDA:72,6,0,0
BRDA:72,6,1,0
BRDA:72,6,2,0
BRDA:76,7,0,0
BRDA:76,7,1,0
BRDA:77,8,0,0
BRDA:77,8,1,0
BRDA:83,9,0,0
BRDA:83,9,1,0
BRDA:83,10,0,0
BRDA:83,10,1,0
BRDA:95,11,0,0
BRDA:95,11,1,0
BRDA:104,12,0,0
BRDA:104,12,1,0
BRDA:124,13,0,0
BRDA:124,13,1,0
BRDA:124,14,0,0
BRDA:124,14,1,0
BRDA:124,14,2,0
BRDA:131,15,0,0
BRDA:131,15,1,0
BRDA:131,16,0,0
BRDA:131,16,1,0
BRDA:143,17,0,0
BRDA:143,17,1,0
BRDA:152,18,0,0
BRDA:152,18,1,0
BRDA:176,19,0,0
BRDA:176,19,1,0
BRDA:184,20,0,0
BRDA:184,20,1,0
BRDA:205,21,0,0
BRDA:205,21,1,0
BRDA:212,22,0,0
BRDA:212,22,1,0
BRDA:212,23,0,0
BRDA:212,23,1,0
BRDA:214,24,0,0
BRDA:214,24,1,0
BRDA:217,25,0,0
BRDA:217,25,1,0
BRDA:252,26,0,0
BRDA:252,26,1,0
BRDA:258,27,0,0
BRDA:258,27,1,0
BRDA:263,28,0,0
BRDA:263,28,1,0
BRDA:286,29,0,0
BRDA:286,29,1,0
BRDA:292,30,0,0
BRDA:292,30,1,0
BRF:62
BRH:0
end_of_record
TN:
SF:controllers\packages.controller.js
FN:4,(anonymous_0)
FN:44,(anonymous_1)
FN:61,(anonymous_2)
FN:115,(anonymous_3)
FN:133,(anonymous_4)
FN:167,(anonymous_5)
FN:180,(anonymous_6)
FN:210,(anonymous_7)
FN:261,(anonymous_8)
FN:297,(anonymous_9)
FNF:10
FNH:0
FNDA:0,(anonymous_0)
FNDA:0,(anonymous_1)
FNDA:0,(anonymous_2)
FNDA:0,(anonymous_3)
FNDA:0,(anonymous_4)
FNDA:0,(anonymous_5)
FNDA:0,(anonymous_6)
FNDA:0,(anonymous_7)
FNDA:0,(anonymous_8)
FNDA:0,(anonymous_9)
DA:1,1
DA:4,1
DA:5,0
DA:6,0
DA:8,0
DA:11,0
DA:12,0
DA:13,0
DA:14,0
DA:18,0
DA:19,0
DA:20,0
DA:21,0
DA:25,0
DA:26,0
DA:27,0
DA:29,0
DA:31,0
DA:39,0
DA:44,1
DA:45,0
DA:46,0
DA:48,0
DA:51,0
DA:56,0
DA:61,1
DA:62,0
DA:63,0
DA:66,0
DA:67,0
DA:80,0
DA:81,0
DA:84,0
DA:85,0
DA:88,0
DA:89,0
DA:93,0
DA:94,0
DA:95,0
DA:100,0
DA:108,0
DA:113,0
DA:114,0
DA:115,0
DA:116,0
DA:118,0
DA:123,0
DA:124,0
DA:128,0
DA:133,1
DA:134,0
DA:135,0
DA:138,0
DA:139,0
DA:142,0
DA:143,0
DA:146,0
DA:147,0
DA:150,0
DA:156,0
DA:157,0
DA:160,0
DA:165,0
DA:166,0
DA:167,0
DA:168,0
DA:170,0
DA:175,0
DA:180,1
DA:181,0
DA:183,0
DA:184,0
DA:188,0
DA:189,0
DA:194,0
DA:196,0
DA:197,0
DA:200,0
DA:205,0
DA:210,1
DA:211,0
DA:212,0
DA:214,0
DA:215,0
DA:216,0
DA:220,0
DA:222,0
DA:223,0
DA:229,0
DA:234,0
DA:240,0
DA:242,0
DA:256,0
DA:261,1
DA:262,0
DA:263,0
DA:265,0
DA:266,0
DA:271,0
DA:272,0
DA:273,0
DA:274,0
DA:275,0
DA:277,0
DA:281,0
DA:283,0
DA:292,0
DA:297,1
DA:298,0
DA:299,0
DA:301,0
DA:302,0
DA:307,0
DA:308,0
DA:309,0
DA:310,0
DA:311,0
DA:313,0
DA:317,0
DA:319,0
DA:328,0
LF:121
LH:9
BRDA:6,0,0,0
BRDA:6,1,0,0
BRDA:11,2,0,0
BRDA:11,2,1,0
BRDA:11,3,0,0
BRDA:11,3,1,0
BRDA:13,4,0,0
BRDA:13,4,1,0
BRDA:14,5,0,0
BRDA:14,5,1,0
BRDA:18,6,0,0
BRDA:18,6,1,0
BRDA:18,7,0,0
BRDA:18,7,1,0
BRDA:20,8,0,0
BRDA:20,8,1,0
BRDA:21,9,0,0
BRDA:21,9,1,0
BRDA:25,10,0,0
BRDA:25,10,1,0
BRDA:48,11,0,0
BRDA:48,11,1,0
BRDA:66,12,0,0
BRDA:66,12,1,0
BRDA:66,13,0,0
BRDA:66,13,1,0
BRDA:66,13,2,0
BRDA:66,13,3,0
BRDA:66,13,4,0
BRDA:70,14,0,0
BRDA:70,14,1,0
BRDA:71,15,0,0
BRDA:71,15,1,0
BRDA:72,16,0,0
BRDA:72,16,1,0
BRDA:73,17,0,0
BRDA:73,17,1,0
BRDA:74,18,0,0
BRDA:74,18,1,0
BRDA:80,19,0,0
BRDA:80,19,1,0
BRDA:84,20,0,0
BRDA:84,20,1,0
BRDA:88,21,0,0
BRDA:88,21,1,0
BRDA:94,22,0,0
BRDA:94,22,1,0
BRDA:113,23,0,0
BRDA:113,23,1,0
BRDA:123,24,0,0
BRDA:123,24,1,0
BRDA:138,25,0,0
BRDA:138,25,1,0
BRDA:138,26,0,0
BRDA:138,26,1,0
BRDA:142,27,0,0
BRDA:142,27,1,0
BRDA:142,28,0,0
BRDA:142,28,1,0
BRDA:146,29,0,0
BRDA:146,29,1,0
BRDA:146,30,0,0
BRDA:146,30,1,0
BRDA:156,31,0,0
BRDA:156,31,1,0
BRDA:165,32,0,0
BRDA:165,32,1,0
BRDA:188,33,0,0
BRDA:188,33,1,0
BRDA:196,34,0,0
BRDA:196,34,1,0
BRDA:215,35,0,0
BRDA:215,35,1,0
BRDA:265,36,0,0
BRDA:265,36,1,0
BRDA:265,37,0,0
BRDA:265,37,1,0
BRDA:272,38,0,0
BRDA:272,38,1,0
BRDA:273,39,0,0
BRDA:273,39,1,0
BRDA:274,40,0,0
BRDA:274,40,1,0
BRDA:301,41,0,0
BRDA:301,41,1,0
BRDA:301,42,0,0
BRDA:301,42,1,0
BRDA:308,43,0,0
BRDA:308,43,1,0
BRDA:309,44,0,0
BRDA:309,44,1,0
BRDA:310,45,0,0
BRDA:310,45,1,0
BRF:93
BRH:0
end_of_record
TN:
SF:controllers\payment.controller.js
FN:15,(anonymous_0)
FN:22,(anonymous_1)
FN:51,hasUserPurchasedTrial
FN:65,(anonymous_3)
FN:166,(anonymous_4)
FN:305,(anonymous_5)
FN:322,(anonymous_6)
FN:339,(anonymous_7)
FN:411,(anonymous_8)
FN:425,(anonymous_9)
FN:466,(anonymous_10)
FNF:11
FNH:2
FNDA:1,(anonymous_0)
FNDA:1,(anonymous_1)
FNDA:0,hasUserPurchasedTrial
FNDA:0,(anonymous_3)
FNDA:0,(anonymous_4)
FNDA:0,(anonymous_5)
FNDA:0,(anonymous_6)
FNDA:0,(anonymous_7)
FNDA:0,(anonymous_8)
FNDA:0,(anonymous_9)
FNDA:0,(anonymous_10)
DA:1,1
DA:2,1
DA:3,1
DA:4,1
DA:5,1
DA:6,1
DA:7,1
DA:8,1
DA:9,1
DA:10,1
DA:11,1
DA:12,1
DA:15,1
DA:16,1
DA:17,0
DA:19,1
DA:22,1
DA:23,1
DA:24,0
DA:26,1
DA:29,1
DA:30,1
DA:32,1
DA:33,1
DA:34,1
DA:35,1
DA:36,1
DA:37,1
DA:39,1
DA:47,1
DA:48,1
DA:52,0
DA:53,0
DA:57,0
DA:59,0
DA:60,0
DA:65,1
DA:66,0
DA:67,0
DA:69,0
DA:72,0
DA:73,0
DA:74,0
DA:84,0
DA:87,0
DA:88,0
DA:89,0
DA:92,0
DA:93,0
DA:94,0
DA:95,0
DA:102,0
DA:106,0
DA:107,0
DA:113,0
DA:140,0
DA:141,0
DA:143,0
DA:145,0
DA:146,0
DA:148,0
DA:150,0
DA:155,0
DA:156,0
DA:157,0
DA:166,1
DA:167,0
DA:168,0
DA:170,0
DA:171,0
DA:172,0
DA:174,0
DA:176,0
DA:177,0
DA:178,0
DA:180,0
DA:182,0
DA:183,0
DA:184,0
DA:185,0
DA:188,0
DA:194,0
DA:195,0
DA:196,0
DA:197,0
DA:200,0
DA:201,0
DA:202,0
DA:203,0
DA:204,0
DA:206,0
DA:207,0
DA:208,0
DA:209,0
DA:212,0
DA:223,0
DA:225,0
DA:231,0
DA:232,0
DA:233,0
DA:235,0
DA:237,0
DA:240,0
DA:244,0
DA:245,0
DA:246,0
DA:247,0
DA:251,0
DA:252,0
DA:253,0
DA:254,0
DA:255,0
DA:260,0
DA:269,0
DA:271,0
DA:272,0
DA:273,0
DA:277,0
DA:279,0
DA:280,0
DA:282,0
DA:287,0
DA:288,0
DA:290,0
DA:293,0
DA:295,0
DA:296,0
DA:298,0
DA:300,0
DA:305,1
DA:306,0
DA:307,0
DA:308,0
DA:309,0
DA:310,0
DA:311,0
DA:312,0
DA:316,0
DA:318,0
DA:322,1
DA:323,0
DA:324,0
DA:325,0
DA:326,0
DA:327,0
DA:328,0
DA:329,0
DA:333,0
DA:335,0
DA:339,1
DA:340,0
DA:341,0
DA:343,0
DA:344,0
DA:348,0
DA:349,0
DA:350,0
DA:352,0
DA:353,0
DA:355,0
DA:356,0
DA:360,0
DA:361,0
DA:362,0
DA:366,0
DA:395,0
DA:396,0
DA:402,0
DA:403,0
DA:411,1
DA:412,0
DA:413,0
DA:414,0
DA:416,0
DA:417,0
DA:418,0
DA:422,0
DA:425,0
DA:426,0
DA:427,0
DA:428,0
DA:429,0
DA:433,0
DA:434,0
DA:435,0
DA:439,0
DA:440,0
DA:443,0
DA:444,0
DA:445,0
DA:447,0
DA:449,0
DA:450,0
DA:451,0
DA:452,0
DA:453,0
DA:455,0
DA:458,0
DA:460,0
DA:461,0
DA:466,1
DA:467,0
DA:468,0
DA:470,0
DA:471,0
DA:473,0
DA:485,0
DA:486,0
DA:487,0
DA:488,0
DA:492,0
DA:493,0
DA:494,0
DA:495,0
DA:498,0
DA:499,0
DA:506,0
DA:507,0
DA:508,0
DA:509,0
DA:510,0
DA:511,0
DA:522,0
DA:529,0
DA:530,0
DA:533,0
DA:534,0
DA:535,0
DA:536,0
DA:539,0
DA:540,0
DA:541,0
DA:542,0
DA:545,0
DA:546,0
DA:547,0
DA:549,0
DA:550,0
DA:551,0
DA:555,0
DA:556,0
DA:557,0
DA:558,0
DA:559,0
DA:563,0
DA:569,0
DA:570,0
DA:571,0
DA:572,0
DA:576,0
DA:577,0
DA:578,0
DA:579,0
DA:580,0
DA:582,0
DA:583,0
DA:584,0
DA:585,0
DA:589,0
DA:600,0
DA:603,0
DA:609,0
DA:612,0
DA:613,0
DA:614,0
DA:615,0
DA:618,0
DA:622,0
DA:623,0
DA:624,0
DA:625,0
DA:628,0
DA:629,0
DA:630,0
DA:631,0
DA:632,0
DA:635,0
DA:644,0
DA:645,0
DA:654,0
DA:664,0
DA:667,0
DA:668,0
DA:670,0
DA:671,0
DA:673,0
DA:678,0
DA:680,0
LF:288
LH:36
BRDA:16,0,0,0
BRDA:16,0,1,1
BRDA:17,1,0,0
BRDA:17,1,1,0
BRDA:19,2,0,1
BRDA:19,2,1,1
BRDA:23,3,0,0
BRDA:23,3,1,1
BRDA:24,4,0,0
BRDA:24,4,1,0
BRDA:26,5,0,1
BRDA:26,5,1,0
BRDA:32,6,0,0
BRDA:32,6,1,1
BRDA:73,7,0,0
BRDA:73,7,1,0
BRDA:73,8,0,0
BRDA:73,8,1,0
BRDA:80,9,0,0
BRDA:80,9,1,0
BRDA:87,10,0,0
BRDA:87,10,1,0
BRDA:92,11,0,0
BRDA:92,11,1,0
BRDA:92,12,0,0
BRDA:92,12,1,0
BRDA:94,13,0,0
BRDA:94,13,1,0
BRDA:106,14,0,0
BRDA:106,14,1,0
BRDA:106,15,0,0
BRDA:106,15,1,0
BRDA:119,16,0,0
BRDA:119,16,1,0
BRDA:131,17,0,0
BRDA:131,17,1,0
BRDA:146,18,0,0
BRDA:146,18,1,0
BRDA:148,19,0,0
BRDA:148,19,1,0
BRDA:156,20,0,0
BRDA:156,20,1,0
BRDA:160,21,0,0
BRDA:160,21,1,0
BRDA:174,22,0,0
BRDA:174,22,1,0
BRDA:176,23,0,0
BRDA:176,23,1,0
BRDA:176,24,0,0
BRDA:176,24,1,0
BRDA:176,24,2,0
BRDA:180,25,0,0
BRDA:180,25,1,0
BRDA:182,26,0,0
BRDA:182,26,1,0
BRDA:182,27,0,0
BRDA:182,27,1,0
BRDA:182,27,2,0
BRDA:194,28,0,0
BRDA:194,28,1,0
BRDA:201,29,0,0
BRDA:201,29,1,0
BRDA:206,30,0,0
BRDA:206,30,1,0
BRDA:235,31,0,0
BRDA:235,31,1,0
BRDA:244,32,0,0
BRDA:244,32,1,0
BRDA:252,33,0,0
BRDA:252,33,1,0
BRDA:279,34,0,0
BRDA:279,34,1,0
BRDA:287,35,0,0
BRDA:287,35,1,0
BRDA:295,36,0,0
BRDA:295,36,1,0
BRDA:309,37,0,0
BRDA:309,37,1,0
BRDA:311,38,0,0
BRDA:311,38,1,0
BRDA:326,39,0,0
BRDA:326,39,1,0
BRDA:328,40,0,0
BRDA:328,40,1,0
BRDA:343,41,0,0
BRDA:343,41,1,0
BRDA:343,42,0,0
BRDA:343,42,1,0
BRDA:343,42,2,0
BRDA:343,42,3,0
BRDA:349,43,0,0
BRDA:349,43,1,0
BRDA:352,44,0,0
BRDA:352,44,1,0
BRDA:355,45,0,0
BRDA:355,45,1,0
BRDA:361,46,0,0
BRDA:361,46,1,0
BRDA:398,47,0,0
BRDA:398,47,1,0
BRDA:416,48,0,0
BRDA:416,48,1,0
BRDA:416,49,0,0
BRDA:416,49,1,0
BRDA:427,50,0,0
BRDA:427,50,1,0
BRDA:427,51,0,0
BRDA:427,51,1,0
BRDA:428,52,0,0
BRDA:428,52,1,0
BRDA:429,53,0,0
BRDA:429,53,1,0
BRDA:433,54,0,0
BRDA:433,54,1,0
BRDA:433,55,0,0
BRDA:433,55,1,0
BRDA:440,56,0,0
BRDA:440,56,1,0
BRDA:449,57,0,0
BRDA:449,57,1,0
BRDA:485,58,0,0
BRDA:485,58,1,0
BRDA:485,59,0,0
BRDA:485,59,1,0
BRDA:485,59,2,0
BRDA:485,59,3,0
BRDA:492,60,0,0
BRDA:492,60,1,0
BRDA:492,61,0,0
BRDA:492,61,1,0
BRDA:498,62,0,0
BRDA:498,62,1,0
BRDA:498,63,0,0
BRDA:498,63,1,0
BRDA:498,63,2,0
BRDA:533,64,0,0
BRDA:533,64,1,0
BRDA:539,65,0,0
BRDA:539,65,1,0
BRDA:555,66,0,0
BRDA:555,66,1,0
BRDA:556,67,0,0
BRDA:556,67,1,0
BRDA:556,68,0,0
BRDA:556,68,1,0
BRDA:556,68,2,0
BRDA:569,69,0,0
BRDA:569,69,1,0
BRDA:577,70,0,0
BRDA:577,70,1,0
BRDA:582,71,0,0
BRDA:582,71,1,0
BRDA:612,72,0,0
BRDA:612,72,1,0
BRDA:612,73,0,0
BRDA:612,73,1,0
BRDA:622,74,0,0
BRDA:622,74,1,0
BRDA:629,75,0,0
BRDA:629,75,1,0
BRDA:644,76,0,0
BRDA:644,76,1,0
BRDA:670,77,0,0
BRDA:670,77,1,0
BRF:164
BRH:6
end_of_record
TN:
SF:controllers\purchases.controller.js
FN:10,getPackageDetails
FN:13,(anonymous_1)
FN:17,(anonymous_2)
FN:83,(anonymous_3)
FN:108,(anonymous_4)
FN:174,(anonymous_5)
FN:187,(anonymous_6)
FN:251,(anonymous_7)
FN:288,(anonymous_8)
FN:316,(anonymous_9)
FN:413,(anonymous_10)
FNF:11
FNH:0
FNDA:0,getPackageDetails
FNDA:0,(anonymous_1)
FNDA:0,(anonymous_2)
FNDA:0,(anonymous_3)
FNDA:0,(anonymous_4)
FNDA:0,(anonymous_5)
FNDA:0,(anonymous_6)
FNDA:0,(anonymous_7)
FNDA:0,(anonymous_8)
FNDA:0,(anonymous_9)
FNDA:0,(anonymous_10)
DA:1,1
DA:2,1
DA:3,1
DA:4,1
DA:5,1
DA:6,1
DA:7,1
DA:12,0
DA:13,0
DA:17,1
DA:18,0
DA:19,0
DA:21,0
DA:23,0
DA:24,0
DA:27,0
DA:28,0
DA:32,0
DA:33,0
DA:34,0
DA:36,0
DA:37,0
DA:38,0
DA:40,0
DA:41,0
DA:43,0
DA:44,0
DA:46,0
DA:50,0
DA:54,0
DA:56,0
DA:63,0
DA:65,0
DA:78,0
DA:83,1
DA:84,0
DA:85,0
DA:89,0
DA:90,0
DA:94,0
DA:95,0
DA:98,0
DA:103,0
DA:108,1
DA:109,0
DA:110,0
DA:113,0
DA:114,0
DA:120,0
DA:121,0
DA:129,0
DA:130,0
DA:140,0
DA:141,0
DA:145,0
DA:154,0
DA:155,0
DA:162,0
DA:166,0
DA:172,0
DA:173,0
DA:174,0
DA:175,0
DA:177,0
DA:182,0
DA:187,1
DA:188,0
DA:189,0
DA:190,0
DA:193,0
DA:194,0
DA:197,0
DA:200,0
DA:201,0
DA:202,0
DA:204,0
DA:205,0
DA:206,0
DA:208,0
DA:209,0
DA:211,0
DA:212,0
DA:214,0
DA:218,0
DA:222,0
DA:224,0
DA:230,0
DA:232,0
DA:246,0
DA:251,1
DA:252,0
DA:253,0
DA:259,0
DA:260,0
DA:267,0
DA:269,0
DA:279,0
DA:280,0
DA:288,1
DA:289,0
DA:290,0
DA:292,0
DA:293,0
DA:294,0
DA:298,0
DA:299,0
DA:301,0
DA:305,0
DA:311,0
DA:316,1
DA:317,0
DA:318,0
DA:321,0
DA:322,0
DA:326,0
DA:329,0
DA:334,0
DA:355,0
DA:358,0
DA:391,0
DA:408,0
DA:413,1
DA:414,0
DA:415,0
DA:418,0
DA:419,0
DA:423,0
DA:428,0
DA:433,0
LF:129
LH:15
BRDA:12,0,0,0
BRDA:12,0,1,0
BRDA:19,1,0,0
BRDA:19,2,0,0
BRDA:23,3,0,0
BRDA:23,3,1,0
BRDA:27,4,0,0
BRDA:27,4,1,0
BRDA:32,5,0,0
BRDA:32,5,1,0
BRDA:34,6,0,0
BRDA:34,6,1,0
BRDA:34,6,2,0
BRDA:34,6,3,0
BRDA:89,7,0,0
BRDA:89,7,1,0
BRDA:94,8,0,0
BRDA:94,8,1,0
BRDA:94,9,0,0
BRDA:94,9,1,0
BRDA:113,10,0,0
BRDA:113,10,1,0
BRDA:120,11,0,0
BRDA:120,11,1,0
BRDA:129,12,0,0
BRDA:129,12,1,0
BRDA:129,13,0,0
BRDA:129,13,1,0
BRDA:133,14,0,0
BRDA:133,14,1,0
BRDA:134,15,0,0
BRDA:134,15,1,0
BRDA:140,16,0,0
BRDA:140,16,1,0
BRDA:140,17,0,0
BRDA:140,17,1,0
BRDA:154,18,0,0
BRDA:154,18,1,0
BRDA:172,19,0,0
BRDA:172,19,1,0
BRDA:190,20,0,0
BRDA:190,21,0,0
BRDA:190,22,0,0
BRDA:193,23,0,0
BRDA:193,23,1,0
BRDA:193,24,0,0
BRDA:193,24,1,0
BRDA:200,25,0,0
BRDA:200,25,1,0
BRDA:202,26,0,0
BRDA:202,26,1,0
BRDA:202,26,2,0
BRDA:202,26,3,0
BRDA:259,27,0,0
BRDA:259,27,1,0
BRDA:274,28,0,0
BRDA:274,28,1,0
BRDA:293,29,0,0
BRDA:293,29,1,0
BRDA:355,30,0,0
BRDA:355,30,1,0
BRDA:418,31,0,0
BRDA:418,31,1,0
BRDA:418,32,0,0
BRDA:418,32,1,0
BRF:65
BRH:0
end_of_record
TN:
SF:controllers\reservations.controller.js
FN:16,isWithin8Hours
FN:25,getMinimumBookingHours
FN:41,isWithinBookingDeadline
FN:51,processMercadoPagoRefund
FN:80,(anonymous_4)
FN:104,(anonymous_5)
FN:142,(anonymous_6)
FN:152,(anonymous_7)
FN:165,(anonymous_8)
FN:291,(anonymous_9)
FN:295,(anonymous_10)
FN:431,(anonymous_11)
FN:531,(anonymous_12)
FN:542,(anonymous_13)
FN:548,(anonymous_14)
FN:593,(anonymous_15)
FN:626,(anonymous_16)
FN:658,(anonymous_17)
FNF:18
FNH:0
FNDA:0,isWithin8Hours
FNDA:0,getMinimumBookingHours
FNDA:0,isWithinBookingDeadline
FNDA:0,processMercadoPagoRefund
FNDA:0,(anonymous_4)
FNDA:0,(anonymous_5)
FNDA:0,(anonymous_6)
FNDA:0,(anonymous_7)
FNDA:0,(anonymous_8)
FNDA:0,(anonymous_9)
FNDA:0,(anonymous_10)
FNDA:0,(anonymous_11)
FNDA:0,(anonymous_12)
FNDA:0,(anonymous_13)
FNDA:0,(anonymous_14)
FNDA:0,(anonymous_15)
FNDA:0,(anonymous_16)
FNDA:0,(anonymous_17)
DA:1,1
DA:2,1
DA:3,1
DA:4,1
DA:5,1
DA:6,1
DA:9,1
DA:12,1
DA:17,0
DA:18,0
DA:19,0
DA:20,0
DA:26,0
DA:27,0
DA:29,0
DA:32,0
DA:33,0
DA:36,0
DA:42,0
DA:43,0
DA:44,0
DA:45,0
DA:47,0
DA:52,0
DA:53,0
DA:56,0
DA:58,0
DA:63,0
DA:64,0
DA:71,0
DA:72,0
DA:80,1
DA:81,0
DA:82,0
DA:84,0
DA:86,0
DA:87,0
DA:90,0
DA:91,0
DA:94,0
DA:96,0
DA:97,0
DA:98,0
DA:100,0
DA:104,0
DA:107,0
DA:109,0
DA:123,0
DA:125,0
DA:138,0
DA:142,1
DA:143,0
DA:145,0
DA:146,0
DA:147,0
DA:149,0
DA:150,0
DA:151,0
DA:152,0
DA:154,0
DA:155,0
DA:156,0
DA:158,0
DA:165,1
DA:166,0
DA:167,0
DA:169,0
DA:170,0
DA:173,0
DA:174,0
DA:175,0
DA:179,0
DA:181,0
DA:182,0
DA:183,0
DA:187,0
DA:188,0
DA:189,0
DA:190,0
DA:198,0
DA:199,0
DA:200,0
DA:204,0
DA:205,0
DA:206,0
DA:210,0
DA:216,0
DA:217,0
DA:218,0
DA:222,0
DA:223,0
DA:225,0
DA:226,0
DA:227,0
DA:230,0
DA:231,0
DA:232,0
DA:235,0
DA:236,0
DA:237,0
DA:240,0
DA:241,0
DA:242,0
DA:246,0
DA:247,0
DA:251,0
DA:261,0
DA:264,0
DA:265,0
DA:267,0
DA:270,0
DA:274,0
DA:282,0
DA:283,0
DA:284,0
DA:286,0
DA:291,1
DA:292,0
DA:294,0
DA:295,0
DA:296,0
DA:298,0
DA:299,0
DA:302,0
DA:303,0
DA:304,0
DA:306,0
DA:307,0
DA:309,0
DA:310,0
DA:314,0
DA:315,0
DA:316,0
DA:317,0
DA:324,0
DA:325,0
DA:326,0
DA:328,0
DA:329,0
DA:330,0
DA:332,0
DA:333,0
DA:335,0
DA:336,0
DA:339,0
DA:348,0
DA:350,0
DA:351,0
DA:352,0
DA:354,0
DA:360,0
DA:361,0
DA:362,0
DA:367,0
DA:370,0
DA:371,0
DA:373,0
DA:382,0
DA:391,0
DA:392,0
DA:403,0
DA:408,0
DA:409,0
DA:420,0
DA:424,0
DA:426,0
DA:431,1
DA:432,0
DA:433,0
DA:435,0
DA:436,0
DA:438,0
DA:442,0
DA:443,0
DA:444,0
DA:448,0
DA:449,0
DA:450,0
DA:454,0
DA:455,0
DA:456,0
DA:460,0
DA:462,0
DA:463,0
DA:465,0
DA:467,0
DA:470,0
DA:472,0
DA:477,0
DA:478,0
DA:480,0
DA:481,0
DA:483,0
DA:484,0
DA:490,0
DA:497,0
DA:499,0
DA:503,0
DA:504,0
DA:505,0
DA:506,0
DA:507,0
DA:508,0
DA:510,0
DA:513,0
DA:522,0
DA:523,0
DA:524,0
DA:526,0
DA:531,1
DA:532,0
DA:533,0
DA:534,0
DA:536,0
DA:538,0
DA:539,0
DA:542,0
DA:543,0
DA:544,0
DA:545,0
DA:548,0
DA:549,0
DA:550,0
DA:551,0
DA:552,0
DA:554,0
DA:558,0
DA:560,0
DA:573,0
DA:575,0
DA:589,0
DA:593,1
DA:594,0
DA:595,0
DA:597,0
DA:608,0
DA:609,0
DA:612,0
DA:613,0
DA:616,0
DA:621,0
DA:626,1
DA:627,0
DA:628,0
DA:630,0
DA:634,0
DA:635,0
DA:638,0
DA:643,0
DA:653,0
DA:658,1
DA:659,0
DA:660,0
DA:662,0
DA:664,0
DA:665,0
DA:668,0
DA:669,0
DA:670,0
DA:673,0
DA:676,0
DA:678,0
DA:690,0
LF:263
LH:17
BRDA:10,0,0,1
BRDA:10,0,1,1
BRDA:32,1,0,0
BRDA:32,1,1,0
BRDA:32,2,0,0
BRDA:32,2,1,0
BRDA:51,3,0,0
BRDA:53,4,0,0
BRDA:53,4,1,0
BRDA:56,5,0,0
BRDA:56,5,1,0
BRDA:82,6,0,0
BRDA:82,7,0,0
BRDA:86,8,0,0
BRDA:86,8,1,0
BRDA:90,9,0,0
BRDA:90,9,1,0
BRDA:94,10,0,0
BRDA:94,10,1,0
BRDA:142,11,0,0
BRDA:149,12,0,0
BRDA:149,12,1,0
BRDA:149,13,0,0
BRDA:149,13,1,0
BRDA:155,14,0,0
BRDA:155,14,1,0
BRDA:173,15,0,0
BRDA:173,15,1,0
BRDA:173,16,0,0
BRDA:173,16,1,0
BRDA:181,17,0,0
BRDA:181,17,1,0
BRDA:187,18,0,0
BRDA:187,18,1,0
BRDA:198,19,0,0
BRDA:198,19,1,0
BRDA:204,20,0,0
BRDA:204,20,1,0
BRDA:216,21,0,0
BRDA:216,21,1,0
BRDA:222,22,0,0
BRDA:222,22,1,0
BRDA:222,23,0,0
BRDA:222,23,1,0
BRDA:225,24,0,0
BRDA:225,24,1,0
BRDA:230,25,0,0
BRDA:230,25,1,0
BRDA:235,26,0,0
BRDA:235,26,1,0
BRDA:240,27,0,0
BRDA:240,27,1,0
BRDA:254,28,0,0
BRDA:254,28,1,0
BRDA:256,29,0,0
BRDA:256,29,1,0
BRDA:298,30,0,0
BRDA:298,30,1,0
BRDA:298,31,0,0
BRDA:298,31,1,0
BRDA:298,31,2,0
BRDA:303,32,0,0
BRDA:303,32,1,0
BRDA:306,33,0,0
BRDA:306,33,1,0
BRDA:309,34,0,0
BRDA:309,34,1,0
BRDA:314,35,0,0
BRDA:314,35,1,0
BRDA:316,36,0,0
BRDA:316,36,1,0
BRDA:324,37,0,0
BRDA:324,37,1,0
BRDA:325,38,0,0
BRDA:325,38,1,0
BRDA:329,39,0,0
BRDA:329,39,1,0
BRDA:329,40,0,0
BRDA:329,40,1,0
BRDA:332,41,0,0
BRDA:332,41,1,0
BRDA:335,42,0,0
BRDA:335,42,1,0
BRDA:354,43,0,0
BRDA:354,43,1,0
BRDA:361,44,0,0
BRDA:361,44,1,0
BRDA:371,45,0,0
BRDA:371,45,1,0
BRDA:391,46,0,0
BRDA:391,46,1,0
BRDA:408,47,0,0
BRDA:408,47,1,0
BRDA:442,48,0,0
BRDA:442,48,1,0
BRDA:448,49,0,0
BRDA:448,49,1,0
BRDA:448,50,0,0
BRDA:448,50,1,0
BRDA:454,51,0,0
BRDA:454,51,1,0
BRDA:465,52,0,0
BRDA:465,52,1,0
BRDA:470,53,0,0
BRDA:470,53,1,0
BRDA:470,54,0,0
BRDA:470,54,1,0
BRDA:478,55,0,0
BRDA:478,55,1,0
BRDA:478,56,0,0
BRDA:478,56,1,0
BRDA:481,57,0,0
BRDA:481,57,1,0
BRDA:483,58,0,0
BRDA:483,58,1,0
BRDA:503,59,0,0
BRDA:503,59,1,0
BRDA:505,60,0,0
BRDA:505,60,1,0
BRDA:507,61,0,0
BRDA:507,61,1,0
BRDA:534,62,0,0
BRDA:534,63,0,0
BRDA:534,64,0,0
BRDA:538,65,0,0
BRDA:538,65,1,0
BRDA:544,66,0,0
BRDA:544,66,1,0
BRDA:550,67,0,0
BRDA:550,67,1,0
BRDA:608,68,0,0
BRDA:608,68,1,0
BRDA:612,69,0,0
BRDA:612,69,1,0
BRDA:612,70,0,0
BRDA:612,70,1,0
BRDA:634,71,0,0
BRDA:634,71,1,0
BRDA:664,72,0,0
BRDA:664,72,1,0
BRDA:679,73,0,0
BRDA:679,73,1,0
BRDA:680,74,0,0
BRDA:680,74,1,0
BRDA:684,75,0,0
BRDA:684,75,1,0
BRF:146
BRH:2
end_of_record
TN:
SF:controllers\user.controller.js
FN:8,(anonymous_0)
FN:35,(anonymous_1)
FN:79,(anonymous_2)
FN:118,(anonymous_3)
FN:141,(anonymous_4)
FN:206,isValidEmailDomain
FN:302,(anonymous_6)
FN:318,(anonymous_7)
FN:379,(anonymous_8)
FN:392,(anonymous_9)
FN:440,(anonymous_10)
FN:498,(anonymous_11)
FN:539,(anonymous_12)
FN:577,(anonymous_13)
FN:589,(anonymous_14)
FN:613,(anonymous_15)
FN:698,(anonymous_16)
FNF:17
FNH:0
FNDA:0,(anonymous_0)
FNDA:0,(anonymous_1)
FNDA:0,(anonymous_2)
FNDA:0,(anonymous_3)
FNDA:0,(anonymous_4)
FNDA:0,isValidEmailDomain
FNDA:0,(anonymous_6)
FNDA:0,(anonymous_7)
FNDA:0,(anonymous_8)
FNDA:0,(anonymous_9)
FNDA:0,(anonymous_10)
FNDA:0,(anonymous_11)
FNDA:0,(anonymous_12)
FNDA:0,(anonymous_13)
FNDA:0,(anonymous_14)
FNDA:0,(anonymous_15)
FNDA:0,(anonymous_16)
DA:1,1
DA:2,1
DA:3,1
DA:4,1
DA:5,1
DA:8,1
DA:9,0
DA:10,0
DA:12,0
DA:14,0
DA:15,0
DA:21,0
DA:22,0
DA:25,0
DA:27,0
DA:34,0
DA:35,0
DA:36,0
DA:39,0
DA:46,0
DA:47,0
DA:49,0
DA:55,0
DA:59,0
DA:61,0
DA:74,0
DA:79,1
DA:80,0
DA:81,0
DA:84,0
DA:85,0
DA:88,0
DA:90,0
DA:91,0
DA:95,0
DA:102,0
DA:103,0
DA:105,0
DA:118,0
DA:120,0
DA:131,0
DA:136,0
DA:141,1
DA:142,0
DA:143,0
DA:146,0
DA:147,0
DA:159,0
DA:160,0
DA:161,0
DA:169,0
DA:196,0
DA:207,0
DA:209,0
DA:210,0
DA:214,0
DA:215,0
DA:218,0
DA:222,0
DA:223,0
DA:232,0
DA:233,0
DA:241,0
DA:242,0
DA:243,0
DA:252,0
DA:253,0
DA:254,0
DA:255,0
DA:257,0
DA:258,0
DA:261,0
DA:262,0
DA:271,0
DA:272,0
DA:273,0
DA:282,0
DA:285,0
DA:288,0
DA:290,0
DA:300,0
DA:301,0
DA:302,0
DA:303,0
DA:305,0
DA:310,0
DA:318,1
DA:319,0
DA:320,0
DA:321,0
DA:324,0
DA:325,0
DA:329,0
DA:330,0
DA:334,0
DA:335,0
DA:339,0
DA:340,0
DA:344,0
DA:348,0
DA:349,0
DA:350,0
DA:354,0
DA:358,0
DA:359,0
DA:362,0
DA:368,0
DA:369,0
DA:372,0
DA:377,0
DA:378,0
DA:379,0
DA:380,0
DA:382,0
DA:387,0
DA:392,1
DA:393,0
DA:394,0
DA:397,0
DA:398,0
DA:402,0
DA:408,0
DA:409,0
DA:414,0
DA:419,0
DA:420,0
DA:425,0
DA:426,0
DA:427,0
DA:430,0
DA:435,0
DA:440,1
DA:441,0
DA:443,0
DA:444,0
DA:445,0
DA:448,0
DA:450,0
DA:451,0
DA:452,0
DA:453,0
DA:454,0
DA:457,0
DA:458,0
DA:460,0
DA:461,0
DA:462,0
DA:466,0
DA:469,0
DA:475,0
DA:476,0
DA:488,0
DA:489,0
DA:498,1
DA:499,0
DA:500,0
DA:501,0
DA:502,0
DA:505,0
DA:506,0
DA:507,0
DA:510,0
DA:511,0
DA:514,0
DA:515,0
DA:516,0
DA:520,0
DA:526,0
DA:531,0
DA:534,0
DA:539,1
DA:540,0
DA:541,0
DA:544,0
DA:545,0
DA:546,0
DA:550,0
DA:559,0
DA:577,0
DA:580,0
DA:586,0
DA:589,0
DA:591,0
DA:608,0
DA:613,1
DA:614,0
DA:615,0
DA:616,0
DA:623,0
DA:629,0
DA:658,0
DA:659,0
DA:661,0
DA:679,0
DA:693,0
DA:698,1
DA:699,0
DA:700,0
DA:701,0
DA:704,0
DA:705,0
DA:708,0
DA:709,0
DA:714,0
DA:715,0
DA:720,0
DA:721,0
DA:722,0
DA:726,0
DA:727,0
DA:728,0
DA:729,0
DA:734,0
DA:735,0
DA:737,0
DA:742,0
LF:216
LH:15
BRDA:10,0,0,0
BRDA:10,1,0,0
BRDA:10,2,0,0
BRDA:14,3,0,0
BRDA:14,3,1,0
BRDA:21,4,0,0
BRDA:21,4,1,0
BRDA:34,5,0,0
BRDA:34,5,1,0
BRDA:84,6,0,0
BRDA:84,6,1,0
BRDA:84,7,0,0
BRDA:84,7,1,0
BRDA:90,8,0,0
BRDA:90,8,1,0
BRDA:146,9,0,0
BRDA:146,9,1,0
BRDA:146,10,0,0
BRDA:146,10,1,0
BRDA:146,10,2,0
BRDA:146,10,3,0
BRDA:150,11,0,0
BRDA:150,11,1,0
BRDA:151,12,0,0
BRDA:151,12,1,0
BRDA:152,13,0,0
BRDA:152,13,1,0
BRDA:153,14,0,0
BRDA:153,14,1,0
BRDA:160,15,0,0
BRDA:160,15,1,0
BRDA:209,16,0,0
BRDA:209,16,1,0
BRDA:214,17,0,0
BRDA:214,17,1,0
BRDA:214,18,0,0
BRDA:214,18,1,0
BRDA:222,19,0,0
BRDA:222,19,1,0
BRDA:232,20,0,0
BRDA:232,20,1,0
BRDA:242,21,0,0
BRDA:242,21,1,0
BRDA:257,22,0,0
BRDA:257,22,1,0
BRDA:257,23,0,0
BRDA:257,23,1,0
BRDA:257,23,2,0
BRDA:261,24,0,0
BRDA:261,24,1,0
BRDA:272,25,0,0
BRDA:272,25,1,0
BRDA:300,26,0,0
BRDA:300,26,1,0
BRDA:324,27,0,0
BRDA:324,27,1,0
BRDA:324,28,0,0
BRDA:324,28,1,0
BRDA:329,29,0,0
BRDA:329,29,1,0
BRDA:329,30,0,0
BRDA:329,30,1,0
BRDA:334,31,0,0
BRDA:334,31,1,0
BRDA:339,32,0,0
BRDA:339,32,1,0
BRDA:348,33,0,0
BRDA:348,33,1,0
BRDA:349,34,0,0
BRDA:349,34,1,0
BRDA:358,35,0,0
BRDA:358,35,1,0
BRDA:358,36,0,0
BRDA:358,36,1,0
BRDA:368,37,0,0
BRDA:368,37,1,0
BRDA:377,38,0,0
BRDA:377,38,1,0
BRDA:397,39,0,0
BRDA:397,39,1,0
BRDA:408,40,0,0
BRDA:408,40,1,0
BRDA:419,41,0,0
BRDA:419,41,1,0
BRDA:426,42,0,0
BRDA:426,42,1,0
BRDA:443,43,0,0
BRDA:443,43,1,0
BRDA:443,44,0,0
BRDA:443,44,1,0
BRDA:443,44,2,0
BRDA:452,45,0,0
BRDA:452,45,1,0
BRDA:460,46,0,0
BRDA:460,46,1,0
BRDA:482,47,0,0
BRDA:482,47,1,0
BRDA:501,48,0,0
BRDA:501,48,1,0
BRDA:506,49,0,0
BRDA:506,49,1,0
BRDA:515,50,0,0
BRDA:515,50,1,0
BRDA:523,51,0,0
BRDA:523,51,1,0
BRDA:545,52,0,0
BRDA:545,52,1,0
BRDA:596,53,0,0
BRDA:596,53,1,0
BRDA:704,54,0,0
BRDA:704,54,1,0
BRDA:704,55,0,0
BRDA:704,55,1,0
BRDA:708,56,0,0
BRDA:708,56,1,0
BRDA:708,57,0,0
BRDA:708,57,1,0
BRDA:714,58,0,0
BRDA:714,58,1,0
BRDA:721,59,0,0
BRDA:721,59,1,0
BRDA:726,60,0,0
BRDA:726,60,1,0
BRDA:726,61,0,0
BRDA:726,61,1,0
BRDA:728,62,0,0
BRDA:728,62,1,0
BRF:127
BRH:0
end_of_record
TN:
SF:helpers\jwt.helper.js
FN:4,(anonymous_0)
FN:12,(anonymous_1)
FN:17,(anonymous_2)
FN:22,(anonymous_3)
FN:40,(anonymous_4)
FN:41,(anonymous_5)
FN:42,(anonymous_6)
FN:53,(anonymous_7)
FNF:8
FNH:8
FNDA:7,(anonymous_0)
FNDA:2,(anonymous_1)
FNDA:1,(anonymous_2)
FNDA:1,(anonymous_3)
FNDA:4,(anonymous_4)
FNDA:4,(anonymous_5)
FNDA:4,(anonymous_6)
FNDA:2,(anonymous_7)
DA:1,7
DA:5,7
DA:6,7
DA:7,0
DA:13,2
DA:18,1
DA:23,1
DA:29,1
DA:30,1
DA:32,1
DA:41,4
DA:42,4
DA:43,4
DA:44,3
DA:46,1
DA:54,2
DA:55,2
DA:56,2
DA:63,1
DA:69,7
LF:20
LH:19
BRDA:6,0,0,0
BRDA:6,0,1,7
BRDA:26,1,0,1
BRDA:26,1,1,0
BRDA:43,2,0,3
BRDA:43,2,1,1
BRF:6
BRH:4
end_of_record
TN:
SF:helpers\purchaseHelper.js
FN:11,canUserPurchase
FN:71,createPurchaseWithValidation
FN:151,mergeActivePackages
FN:176,(anonymous_3)
FNF:4
FNH:0
FNDA:0,canUserPurchase
FNDA:0,createPurchaseWithValidation
FNDA:0,mergeActivePackages
FNDA:0,(anonymous_3)
DA:2,1
DA:3,1
DA:12,0
DA:14,0
DA:20,0
DA:21,0
DA:29,0
DA:30,0
DA:38,0
DA:39,0
DA:42,0
DA:43,0
DA:52,0
DA:60,0
DA:61,0
DA:72,0
DA:73,0
DA:75,0
DA:77,0
DA:78,0
DA:82,0
DA:83,0
DA:92,0
DA:93,0
DA:94,0
DA:95,0
DA:105,0
DA:106,0
DA:108,0
DA:109,0
DA:117,0
DA:118,0
DA:119,0
DA:122,0
DA:131,0
DA:137,0
DA:138,0
DA:152,0
DA:153,0
DA:155,0
DA:157,0
DA:163,0
DA:164,0
DA:165,0
DA:173,0
DA:176,0
DA:179,0
DA:180,0
DA:181,0
DA:184,0
DA:185,0
DA:186,0
DA:189,0
DA:191,0
DA:198,0
DA:199,0
DA:200,0
DA:206,0
DA:210,1
LF:59
LH:3
BRDA:11,0,0,0
BRDA:20,1,0,0
BRDA:20,1,1,0
BRDA:29,2,0,0
BRDA:29,2,1,0
BRDA:42,3,0,0
BRDA:42,3,1,0
BRDA:42,4,0,0
BRDA:42,4,1,0
BRDA:71,5,0,0
BRDA:73,6,0,0
BRDA:73,7,0,0
BRDA:77,8,0,0
BRDA:77,8,1,0
BRDA:82,9,0,0
BRDA:82,9,1,0
BRDA:92,10,0,0
BRDA:92,10,1,0
BRDA:94,11,0,0
BRDA:94,11,1,0
BRDA:108,12,0,0
BRDA:108,12,1,0
BRDA:128,13,0,0
BRDA:128,13,1,0
BRDA:163,14,0,0
BRDA:163,14,1,0
BRF:26
BRH:0
end_of_record
TN:
SF:interfaces\api-service.js
FN:5,initializeApiUrl
FN:32,getAuthToken
FN:37,apiCall
FN:75,(anonymous_3)
FN:101,(anonymous_4)
FN:127,(anonymous_5)
FN:131,(anonymous_6)
FN:138,(anonymous_7)
FN:142,(anonymous_8)
FN:145,(anonymous_9)
FN:152,(anonymous_10)
FN:156,(anonymous_11)
FN:163,(anonymous_12)
FN:167,(anonymous_13)
FN:171,(anonymous_14)
FN:178,(anonymous_15)
FN:184,(anonymous_16)
FN:190,(anonymous_17)
FN:193,(anonymous_18)
FN:200,(anonymous_19)
FN:206,(anonymous_20)
FN:210,(anonymous_21)
FN:213,(anonymous_22)
FN:223,(anonymous_23)
FN:229,(anonymous_24)
FN:234,(anonymous_25)
FN:251,displayPackages
FN:259,(anonymous_27)
FN:269,(anonymous_28)
FN:280,displayInstructors
FN:288,(anonymous_30)
FN:308,displayClassTypes
FN:330,(anonymous_32)
FN:349,displayCalendarSessions
FN:385,(anonymous_34)
FN:410,handlePackagePurchase
FN:432,(anonymous_36)
FN:442,(anonymous_37)
FNF:38
FNH:0
FNDA:0,initializeApiUrl
FNDA:0,getAuthToken
FNDA:0,apiCall
FNDA:0,(anonymous_3)
FNDA:0,(anonymous_4)
FNDA:0,(anonymous_5)
FNDA:0,(anonymous_6)
FNDA:0,(anonymous_7)
FNDA:0,(anonymous_8)
FNDA:0,(anonymous_9)
FNDA:0,(anonymous_10)
FNDA:0,(anonymous_11)
FNDA:0,(anonymous_12)
FNDA:0,(anonymous_13)
FNDA:0,(anonymous_14)
FNDA:0,(anonymous_15)
FNDA:0,(anonymous_16)
FNDA:0,(anonymous_17)
FNDA:0,(anonymous_18)
FNDA:0,(anonymous_19)
FNDA:0,(anonymous_20)
FNDA:0,(anonymous_21)
FNDA:0,(anonymous_22)
FNDA:0,(anonymous_23)
FNDA:0,(anonymous_24)
FNDA:0,(anonymous_25)
FNDA:0,displayPackages
FNDA:0,(anonymous_27)
FNDA:0,(anonymous_28)
FNDA:0,displayInstructors
FNDA:0,(anonymous_30)
FNDA:0,displayClassTypes
FNDA:0,(anonymous_32)
FNDA:0,displayCalendarSessions
FNDA:0,(anonymous_34)
FNDA:0,handlePackagePurchase
FNDA:0,(anonymous_36)
FNDA:0,(anonymous_37)
DA:3,0
DA:6,0
DA:8,0
DA:9,0
DA:10,0
DA:11,0
DA:14,0
DA:16,0
DA:17,0
DA:19,0
DA:21,0
DA:23,0
DA:27,0
DA:29,0
DA:33,0
DA:38,0
DA:40,0
DA:47,0
DA:48,0
DA:57,0
DA:58,0
DA:59,0
DA:62,0
DA:64,0
DA:65,0
DA:70,0
DA:76,0
DA:79,0
DA:80,0
DA:85,0
DA:86,0
DA:89,0
DA:94,0
DA:95,0
DA:97,0
DA:98,0
DA:100,0
DA:101,0
DA:102,0
DA:104,0
DA:106,0
DA:107,0
DA:108,0
DA:109,0
DA:110,0
DA:111,0
DA:115,0
DA:118,0
DA:120,0
DA:121,0
DA:128,0
DA:129,0
DA:132,0
DA:139,0
DA:140,0
DA:143,0
DA:146,0
DA:153,0
DA:154,0
DA:157,0
DA:164,0
DA:165,0
DA:168,0
DA:169,0
DA:172,0
DA:179,0
DA:185,0
DA:191,0
DA:194,0
DA:201,0
DA:207,0
DA:208,0
DA:211,0
DA:214,0
DA:224,0
DA:230,0
DA:235,0
DA:236,0
DA:242,0
DA:243,0
DA:252,0
DA:253,0
DA:255,0
DA:256,0
DA:257,0
DA:259,0
DA:269,0
DA:270,0
DA:274,0
DA:275,0
DA:281,0
DA:282,0
DA:284,0
DA:285,0
DA:286,0
DA:288,0
DA:300,0
DA:303,0
DA:309,0
DA:310,0
DA:312,0
DA:313,0
DA:314,0
DA:317,0
DA:330,0
DA:344,0
DA:350,0
DA:351,0
DA:353,0
DA:362,0
DA:364,0
DA:365,0
DA:366,0
DA:368,0
DA:369,0
DA:370,0
DA:372,0
DA:373,0
DA:376,0
DA:380,0
DA:382,0
DA:383,0
DA:384,0
DA:385,0
DA:386,0
DA:387,0
DA:388,0
DA:390,0
DA:400,0
DA:405,0
DA:411,0
DA:413,0
DA:414,0
DA:416,0
DA:417,0
DA:418,0
DA:422,0
DA:423,0
DA:424,0
DA:426,0
DA:431,0
DA:432,0
DA:433,0
DA:437,0
DA:442,0
DA:443,0
DA:445,0
DA:447,0
DA:448,0
DA:452,0
DA:453,0
DA:455,0
DA:456,0
DA:458,0
DA:459,0
LF:155
LH:0
BRDA:16,0,0,0
BRDA:16,0,1,0
BRDA:16,1,0,0
BRDA:16,1,1,0
BRDA:37,2,0,0
BRDA:43,3,0,0
BRDA:43,3,1,0
BRDA:57,4,0,0
BRDA:57,4,1,0
BRDA:59,5,0,0
BRDA:59,5,1,0
BRDA:75,6,0,0
BRDA:85,7,0,0
BRDA:85,7,1,0
BRDA:100,8,0,0
BRDA:100,8,1,0
BRDA:104,9,0,0
BRDA:104,9,1,0
BRDA:104,10,0,0
BRDA:104,10,1,0
BRDA:107,11,0,0
BRDA:107,11,1,0
BRDA:115,12,0,0
BRDA:115,12,1,0
BRDA:127,13,0,0
BRDA:129,14,0,0
BRDA:129,14,1,0
BRDA:138,15,0,0
BRDA:140,16,0,0
BRDA:140,16,1,0
BRDA:152,17,0,0
BRDA:154,18,0,0
BRDA:154,18,1,0
BRDA:163,19,0,0
BRDA:165,20,0,0
BRDA:165,20,1,0
BRDA:167,21,0,0
BRDA:169,22,0,0
BRDA:169,22,1,0
BRDA:206,23,0,0
BRDA:208,24,0,0
BRDA:208,24,1,0
BRDA:234,25,0,0
BRDA:236,26,0,0
BRDA:236,26,1,0
BRDA:242,27,0,0
BRDA:242,27,1,0
BRDA:242,28,0,0
BRDA:242,28,1,0
BRDA:253,29,0,0
BRDA:253,29,1,0
BRDA:282,30,0,0
BRDA:282,30,1,0
BRDA:290,31,0,0
BRDA:290,31,1,0
BRDA:295,32,0,0
BRDA:295,32,1,0
BRDA:310,33,0,0
BRDA:310,33,1,0
BRDA:331,34,0,0
BRDA:331,34,1,0
BRDA:351,35,0,0
BRDA:351,35,1,0
BRDA:370,36,0,0
BRDA:370,36,1,0
BRDA:383,37,0,0
BRDA:383,37,1,0
BRDA:384,38,0,0
BRDA:384,38,1,0
BRDA:392,39,0,0
BRDA:392,39,1,0
BRDA:395,40,0,0
BRDA:395,40,1,0
BRDA:416,41,0,0
BRDA:416,41,1,0
BRDA:437,42,0,0
BRDA:437,42,1,0
BRDA:445,43,0,0
BRDA:445,43,1,0
BRDA:445,43,2,0
BRDA:445,43,3,0
BRDA:445,43,4,0
BRDA:445,43,5,0
BRF:83
BRH:0
end_of_record
TN:
SF:interfaces\dashboard.js
FN:2,getAPIUrl
FN:14,(anonymous_1)
FN:47,loadDashboardData
FN:89,(anonymous_3)
FN:107,updateWelcomeSection
FN:131,getMotivationalMessage
FN:144,updateStatsSection
FN:162,getMonthsDifference
FN:169,updateActivePackages
FN:190,(anonymous_9)
FN:195,(anonymous_10)
FN:311,updateUpcomingReservations
FN:327,(anonymous_12)
FN:333,(anonymous_13)
FN:373,formatDateWithDay
FN:386,formatDate
FN:398,formatTime
FN:407,handleReservation
FN:481,cancelReservation
FN:548,getTimeUntilClass
FN:570,updateClassAvailabilityIndicators
FN:573,(anonymous_21)
FN:594,showLoadingState
FN:600,(anonymous_23)
FN:613,showErrorState
FN:619,(anonymous_25)
FN:632,showNotification
FN:655,(anonymous_27)
FN:657,(anonymous_28)
FN:689,(anonymous_29)
FN:704,isWithin8Hours
FN:713,getMinimumBookingHours
FN:726,isWithinBookingDeadline
FNF:33
FNH:0
FNDA:0,getAPIUrl
FNDA:0,(anonymous_1)
FNDA:0,loadDashboardData
FNDA:0,(anonymous_3)
FNDA:0,updateWelcomeSection
FNDA:0,getMotivationalMessage
FNDA:0,updateStatsSection
FNDA:0,getMonthsDifference
FNDA:0,updateActivePackages
FNDA:0,(anonymous_9)
FNDA:0,(anonymous_10)
FNDA:0,updateUpcomingReservations
FNDA:0,(anonymous_12)
FNDA:0,(anonymous_13)
FNDA:0,formatDateWithDay
FNDA:0,formatDate
FNDA:0,formatTime
FNDA:0,handleReservation
FNDA:0,cancelReservation
FNDA:0,getTimeUntilClass
FNDA:0,updateClassAvailabilityIndicators
FNDA:0,(anonymous_21)
FNDA:0,showLoadingState
FNDA:0,(anonymous_23)
FNDA:0,showErrorState
FNDA:0,(anonymous_25)
FNDA:0,showNotification
FNDA:0,(anonymous_27)
FNDA:0,(anonymous_28)
FNDA:0,(anonymous_29)
FNDA:0,isWithin8Hours
FNDA:0,getMinimumBookingHours
FNDA:0,isWithinBookingDeadline
DA:3,0
DA:4,0
DA:6,0
DA:7,0
DA:8,0
DA:10,0
DA:14,0
DA:16,0
DA:17,0
DA:18,0
DA:19,0
DA:23,0
DA:24,0
DA:25,0
DA:27,0
DA:28,0
DA:29,0
DA:30,0
DA:31,0
DA:32,0
DA:36,0
DA:39,0
DA:41,0
DA:42,0
DA:48,0
DA:50,0
DA:53,0
DA:59,0
DA:62,0
DA:63,0
DA:67,0
DA:68,0
DA:69,0
DA:70,0
DA:71,0
DA:72,0
DA:73,0
DA:74,0
DA:75,0
DA:76,0
DA:80,0
DA:88,0
DA:89,0
DA:92,0
DA:93,0
DA:97,0
DA:98,0
DA:101,0
DA:102,0
DA:108,0
DA:109,0
DA:112,0
DA:114,0
DA:115,0
DA:117,0
DA:118,0
DA:119,0
DA:120,0
DA:121,0
DA:123,0
DA:126,0
DA:127,0
DA:132,0
DA:140,0
DA:146,0
DA:147,0
DA:150,0
DA:151,0
DA:152,0
DA:155,0
DA:156,0
DA:157,0
DA:158,0
DA:163,0
DA:165,0
DA:170,0
DA:173,0
DA:174,0
DA:177,0
DA:178,0
DA:186,0
DA:190,0
DA:193,0
DA:195,0
DA:197,0
DA:198,0
DA:201,0
DA:202,0
DA:203,0
DA:204,0
DA:205,0
DA:207,0
DA:218,0
DA:229,0
DA:230,0
DA:235,0
DA:236,0
DA:239,0
DA:240,0
DA:243,0
DA:244,0
DA:246,0
DA:278,0
DA:279,0
DA:298,0
DA:312,0
DA:314,0
DA:315,0
DA:323,0
DA:327,0
DA:328,0
DA:329,0
DA:330,0
DA:333,0
DA:335,0
DA:336,0
DA:337,0
DA:340,0
DA:343,0
DA:344,0
DA:345,0
DA:346,0
DA:347,0
DA:348,0
DA:349,0
DA:350,0
DA:351,0
DA:356,0
DA:374,0
DA:375,0
DA:378,0
DA:379,0
DA:380,0
DA:382,0
DA:387,0
DA:390,0
DA:391,0
DA:392,0
DA:394,0
DA:399,0
DA:400,0
DA:401,0
DA:402,0
DA:404,0
DA:408,0
DA:409,0
DA:410,0
DA:414,0
DA:415,0
DA:418,0
DA:419,0
DA:420,0
DA:424,0
DA:425,0
DA:426,0
DA:427,0
DA:430,0
DA:431,0
DA:434,0
DA:440,0
DA:442,0
DA:443,0
DA:444,0
DA:448,0
DA:450,0
DA:457,0
DA:458,0
DA:459,0
DA:460,0
DA:461,0
DA:462,0
DA:464,0
DA:468,0
DA:469,0
DA:471,0
DA:475,0
DA:476,0
DA:482,0
DA:484,0
DA:490,0
DA:491,0
DA:494,0
DA:495,0
DA:498,0
DA:500,0
DA:502,0
DA:503,0
DA:506,0
DA:507,0
DA:509,0
DA:514,0
DA:515,0
DA:519,0
DA:526,0
DA:528,0
DA:529,0
DA:531,0
DA:532,0
DA:534,0
DA:535,0
DA:538,0
DA:542,0
DA:543,0
DA:549,0
DA:550,0
DA:551,0
DA:553,0
DA:554,0
DA:555,0
DA:556,0
DA:557,0
DA:558,0
DA:559,0
DA:560,0
DA:561,0
DA:563,0
DA:564,0
DA:565,0
DA:571,0
DA:573,0
DA:574,0
DA:575,0
DA:576,0
DA:578,0
DA:579,0
DA:580,0
DA:583,0
DA:584,0
DA:585,0
DA:586,0
DA:587,0
DA:595,0
DA:600,0
DA:601,0
DA:602,0
DA:603,0
DA:614,0
DA:619,0
DA:620,0
DA:621,0
DA:622,0
DA:634,0
DA:635,0
DA:636,0
DA:640,0
DA:641,0
DA:642,0
DA:650,0
DA:652,0
DA:655,0
DA:656,0
DA:657,0
DA:662,0
DA:663,0
DA:686,0
DA:689,0
DA:690,0
DA:691,0
DA:696,0
DA:705,0
DA:706,0
DA:707,0
DA:708,0
DA:714,0
DA:715,0
DA:718,0
DA:719,0
DA:721,0
DA:727,0
DA:728,0
DA:729,0
DA:730,0
DA:732,0
LF:273
LH:0
BRDA:3,0,0,0
BRDA:3,0,1,0
BRDA:7,1,0,0
BRDA:7,1,1,0
BRDA:7,2,0,0
BRDA:7,2,1,0
BRDA:17,3,0,0
BRDA:17,3,1,0
BRDA:27,4,0,0
BRDA:27,4,1,0
BRDA:59,5,0,0
BRDA:59,5,1,0
BRDA:62,6,0,0
BRDA:62,6,1,0
BRDA:62,7,0,0
BRDA:62,7,1,0
BRDA:67,8,0,0
BRDA:67,8,1,0
BRDA:67,9,0,0
BRDA:67,9,1,0
BRDA:70,10,0,0
BRDA:70,10,1,0
BRDA:70,11,0,0
BRDA:70,11,1,0
BRDA:70,11,2,0
BRDA:72,12,0,0
BRDA:72,12,1,0
BRDA:73,13,0,0
BRDA:73,13,1,0
BRDA:73,14,0,0
BRDA:73,14,1,0
BRDA:75,15,0,0
BRDA:75,15,1,0
BRDA:88,16,0,0
BRDA:88,16,1,0
BRDA:89,17,0,0
BRDA:89,17,1,0
BRDA:118,18,0,0
BRDA:118,18,1,0
BRDA:120,19,0,0
BRDA:120,19,1,0
BRDA:147,20,0,0
BRDA:147,20,1,0
BRDA:151,21,0,0
BRDA:151,21,1,0
BRDA:156,22,0,0
BRDA:156,22,1,0
BRDA:173,23,0,0
BRDA:173,23,1,0
BRDA:173,24,0,0
BRDA:173,24,1,0
BRDA:177,25,0,0
BRDA:177,25,1,0
BRDA:177,26,0,0
BRDA:177,26,1,0
BRDA:190,27,0,0
BRDA:190,27,1,0
BRDA:201,28,0,0
BRDA:201,28,1,0
BRDA:202,29,0,0
BRDA:202,29,1,0
BRDA:202,30,0,0
BRDA:202,30,1,0
BRDA:205,31,0,0
BRDA:205,31,1,0
BRDA:229,32,0,0
BRDA:229,32,1,0
BRDA:230,33,0,0
BRDA:230,33,1,0
BRDA:248,34,0,0
BRDA:248,34,1,0
BRDA:248,35,0,0
BRDA:248,35,1,0
BRDA:251,36,0,0
BRDA:251,36,1,0
BRDA:251,37,0,0
BRDA:251,37,1,0
BRDA:252,38,0,0
BRDA:252,38,1,0
BRDA:278,39,0,0
BRDA:278,39,1,0
BRDA:299,40,0,0
BRDA:299,40,1,0
BRDA:299,41,0,0
BRDA:299,41,1,0
BRDA:314,42,0,0
BRDA:314,42,1,0
BRDA:314,43,0,0
BRDA:314,43,1,0
BRDA:328,44,0,0
BRDA:328,44,1,0
BRDA:329,45,0,0
BRDA:329,45,1,0
BRDA:335,46,0,0
BRDA:335,46,1,0
BRDA:340,47,0,0
BRDA:340,47,1,0
BRDA:344,48,0,0
BRDA:344,48,1,0
BRDA:345,49,0,0
BRDA:345,49,1,0
BRDA:347,50,0,0
BRDA:347,50,1,0
BRDA:348,51,0,0
BRDA:348,51,1,0
BRDA:350,52,0,0
BRDA:350,52,1,0
BRDA:350,53,0,0
BRDA:350,53,1,0
BRDA:351,54,0,0
BRDA:351,54,1,0
BRDA:351,55,0,0
BRDA:351,55,1,0
BRDA:401,56,0,0
BRDA:401,56,1,0
BRDA:402,57,0,0
BRDA:402,57,1,0
BRDA:409,58,0,0
BRDA:409,58,1,0
BRDA:418,59,0,0
BRDA:418,59,1,0
BRDA:424,60,0,0
BRDA:424,60,1,0
BRDA:442,61,0,0
BRDA:442,61,1,0
BRDA:443,62,0,0
BRDA:443,62,1,0
BRDA:448,63,0,0
BRDA:448,63,1,0
BRDA:448,64,0,0
BRDA:448,64,1,0
BRDA:457,65,0,0
BRDA:457,65,1,0
BRDA:464,66,0,0
BRDA:464,66,1,0
BRDA:469,67,0,0
BRDA:469,67,1,0
BRDA:476,68,0,0
BRDA:476,68,1,0
BRDA:490,69,0,0
BRDA:490,69,1,0
BRDA:502,70,0,0
BRDA:502,70,1,0
BRDA:506,71,0,0
BRDA:506,71,1,0
BRDA:514,72,0,0
BRDA:514,72,1,0
BRDA:528,73,0,0
BRDA:528,73,1,0
BRDA:529,74,0,0
BRDA:529,74,1,0
BRDA:531,75,0,0
BRDA:531,75,1,0
BRDA:534,76,0,0
BRDA:534,76,1,0
BRDA:538,77,0,0
BRDA:538,77,1,0
BRDA:543,78,0,0
BRDA:543,78,1,0
BRDA:553,79,0,0
BRDA:553,79,1,0
BRDA:555,80,0,0
BRDA:555,80,1,0
BRDA:558,81,0,0
BRDA:558,81,1,0
BRDA:575,82,0,0
BRDA:575,82,1,0
BRDA:578,83,0,0
BRDA:578,83,1,0
BRDA:602,84,0,0
BRDA:602,84,1,0
BRDA:621,85,0,0
BRDA:621,85,1,0
BRDA:632,86,0,0
BRDA:635,87,0,0
BRDA:635,87,1,0
BRDA:641,88,0,0
BRDA:641,88,1,0
BRDA:690,89,0,0
BRDA:690,89,1,0
BRDA:718,90,0,0
BRDA:718,90,1,0
BRDA:718,91,0,0
BRDA:718,91,1,0
BRF:184
BRH:0
end_of_record
TN:
SF:interfaces\data-display.js
FN:6,displayPackages
FN:15,displayInstructors
FN:23,(anonymous_2)
FN:41,(anonymous_3)
FN:55,displayClassTypes
FN:79,(anonymous_5)
FN:88,(anonymous_6)
FN:116,(anonymous_7)
FN:119,(anonymous_8)
FN:129,displayClassDetail
FN:162,handlePackagePurchase
FN:198,(anonymous_11)
FN:207,displayAvailableSessions
FN:211,(anonymous_13)
FN:229,(anonymous_14)
FNF:15
FNH:0
FNDA:0,displayPackages
FNDA:0,displayInstructors
FNDA:0,(anonymous_2)
FNDA:0,(anonymous_3)
FNDA:0,displayClassTypes
FNDA:0,(anonymous_5)
FNDA:0,(anonymous_6)
FNDA:0,(anonymous_7)
FNDA:0,(anonymous_8)
FNDA:0,displayClassDetail
FNDA:0,handlePackagePurchase
FNDA:0,(anonymous_11)
FNDA:0,displayAvailableSessions
FNDA:0,(anonymous_13)
FNDA:0,(anonymous_14)
DA:9,0
DA:16,0
DA:17,0
DA:19,0
DA:20,0
DA:21,0
DA:23,0
DA:24,0
DA:25,0
DA:27,0
DA:40,0
DA:41,0
DA:42,0
DA:47,0
DA:48,0
DA:56,0
DA:57,0
DA:59,0
DA:60,0
DA:61,0
DA:64,0
DA:78,0
DA:79,0
DA:80,0
DA:81,0
DA:82,0
DA:84,0
DA:88,0
DA:89,0
DA:90,0
DA:104,0
DA:107,0
DA:108,0
DA:116,0
DA:117,0
DA:119,0
DA:120,0
DA:121,0
DA:131,0
DA:132,0
DA:134,0
DA:136,0
DA:138,0
DA:141,0
DA:142,0
DA:144,0
DA:145,0
DA:148,0
DA:151,0
DA:154,0
DA:163,0
DA:165,0
DA:166,0
DA:168,0
DA:170,0
DA:174,0
DA:175,0
DA:178,0
DA:180,0
DA:181,0
DA:184,0
DA:186,0
DA:187,0
DA:188,0
DA:192,0
DA:197,0
DA:198,0
DA:199,0
DA:203,0
DA:209,0
DA:211,0
DA:212,0
DA:213,0
DA:214,0
DA:216,0
DA:229,0
DA:230,0
DA:232,0
DA:234,0
DA:235,0
DA:239,0
DA:241,0
DA:243,0
DA:244,0
DA:246,0
DA:247,0
DA:249,0
DA:250,0
DA:254,0
DA:255,0
DA:256,0
DA:257,0
DA:259,0
DA:261,0
DA:262,0
LF:95
LH:0
BRDA:17,0,0,0
BRDA:17,0,1,0
BRDA:25,1,0,0
BRDA:25,1,1,0
BRDA:40,2,0,0
BRDA:40,2,1,0
BRDA:57,3,0,0
BRDA:57,3,1,0
BRDA:81,4,0,0
BRDA:81,4,1,0
BRDA:91,5,0,0
BRDA:91,5,1,0
BRDA:117,6,0,0
BRDA:117,6,1,0
BRDA:134,7,0,0
BRDA:134,7,1,0
BRDA:144,8,0,0
BRDA:144,8,1,0
BRDA:145,9,0,0
BRDA:145,9,1,0
BRDA:168,10,0,0
BRDA:168,10,1,0
BRDA:186,11,0,0
BRDA:186,11,1,0
BRDA:203,12,0,0
BRDA:203,12,1,0
BRDA:213,13,0,0
BRDA:213,13,1,0
BRDA:232,14,0,0
BRDA:232,14,1,0
BRDA:232,14,2,0
BRDA:232,14,3,0
BRDA:232,14,4,0
BRDA:232,14,5,0
BRDA:232,14,6,0
BRDA:255,15,0,0
BRDA:255,15,1,0
BRDA:255,16,0,0
BRDA:255,16,1,0
BRDA:259,17,0,0
BRDA:259,17,1,0
BRDA:262,18,0,0
BRDA:262,18,1,0
BRF:43
BRH:0
end_of_record
TN:
SF:interfaces\dynamic-navbar.js
FN:4,isUserLoggedIn
FN:19,getUserName
FN:24,handleLogout
FN:32,updateNavbar
FN:36,(anonymous_4)
FN:72,(anonymous_5)
FN:79,(anonymous_6)
FN:83,(anonymous_7)
FN:92,(anonymous_8)
FN:101,updateFooterAuthButtons
FN:122,attachLogoutListeners
FN:123,(anonymous_11)
FN:126,(anonymous_12)
FN:134,(anonymous_13)
FNF:14
FNH:0
FNDA:0,isUserLoggedIn
FNDA:0,getUserName
FNDA:0,handleLogout
FNDA:0,updateNavbar
FNDA:0,(anonymous_4)
FNDA:0,(anonymous_5)
FNDA:0,(anonymous_6)
FNDA:0,(anonymous_7)
FNDA:0,(anonymous_8)
FNDA:0,updateFooterAuthButtons
FNDA:0,attachLogoutListeners
FNDA:0,(anonymous_11)
FNDA:0,(anonymous_12)
FNDA:0,(anonymous_13)
DA:5,0
DA:6,0
DA:8,0
DA:10,0
DA:11,0
DA:12,0
DA:14,0
DA:20,0
DA:25,0
DA:26,0
DA:27,0
DA:28,0
DA:34,0
DA:36,0
DA:37,0
DA:39,0
DA:61,0
DA:68,0
DA:72,0
DA:73,0
DA:76,0
DA:79,0
DA:81,0
DA:82,0
DA:83,0
DA:84,0
DA:85,0
DA:90,0
DA:91,0
DA:92,0
DA:93,0
DA:94,0
DA:102,0
DA:104,0
DA:105,0
DA:107,0
DA:113,0
DA:123,0
DA:124,0
DA:125,0
DA:126,0
DA:127,0
DA:128,0
DA:132,0
DA:133,0
DA:134,0
DA:135,0
DA:136,0
DA:143,0
LF:49
LH:0
BRDA:6,0,0,0
BRDA:6,0,1,0
BRDA:20,1,0,0
BRDA:20,1,1,0
BRDA:37,2,0,0
BRDA:37,2,1,0
BRDA:82,3,0,0
BRDA:82,3,1,0
BRDA:91,4,0,0
BRDA:91,4,1,0
BRDA:104,5,0,0
BRDA:104,5,1,0
BRDA:105,6,0,0
BRDA:105,6,1,0
BRDA:125,7,0,0
BRDA:125,7,1,0
BRDA:133,8,0,0
BRDA:133,8,1,0
BRF:18
BRH:0
end_of_record
TN:
SF:interfaces\reservation-handler.js
FN:2,getAPIUrl
FN:25,(anonymous_1)
FN:38,initializeReservationSystem
FN:66,getUserIdFromToken
FN:80,checkUserActivePackages
FN:107,(anonymous_5)
FN:113,(anonymous_6)
FN:129,initializeCalendar
FN:147,(anonymous_8)
FN:175,generateCalendarDays
FN:181,(anonymous_10)
FN:206,(anonymous_11)
FN:223,loadMonthSessions
FN:237,updateCalendarAvailability
FN:239,(anonymous_14)
FN:253,selectDate
FN:257,(anonymous_16)
FN:261,(anonymous_17)
FN:272,updateClassInfoDisplay
FN:291,loadTimeSlots
FN:301,(anonymous_20)
FN:338,(anonymous_21)
FN:358,(anonymous_22)
FN:363,(anonymous_23)
FN:371,(anonymous_24)
FN:379,(anonymous_25)
FN:394,(anonymous_26)
FN:406,createTimeSlotElement
FN:446,(anonymous_28)
FN:450,(anonymous_29)
FN:460,(anonymous_30)
FN:467,(anonymous_31)
FN:483,updateSessionDetails
FN:509,setupEventListeners
FN:519,addMonthNavigation
FN:532,(anonymous_35)
FN:540,(anonymous_36)
FN:550,changeMonth
FN:576,handleReservation
FN:619,(anonymous_39)
FN:666,cancelReservation
FN:733,getTimeUntilClass
FN:755,updateClassAvailabilityIndicators
FN:758,(anonymous_43)
FN:779,updateReservationUI
FN:797,showAlert
FN:825,(anonymous_46)
FN:828,(anonymous_47)
FN:848,isWithin8Hours
FN:857,getMinimumBookingHours
FN:870,isWithinBookingDeadline
FN:879,processSingleClassPayment
FNF:52
FNH:0
FNDA:0,getAPIUrl
FNDA:0,(anonymous_1)
FNDA:0,initializeReservationSystem
FNDA:0,getUserIdFromToken
FNDA:0,checkUserActivePackages
FNDA:0,(anonymous_5)
FNDA:0,(anonymous_6)
FNDA:0,initializeCalendar
FNDA:0,(anonymous_8)
FNDA:0,generateCalendarDays
FNDA:0,(anonymous_10)
FNDA:0,(anonymous_11)
FNDA:0,loadMonthSessions
FNDA:0,updateCalendarAvailability
FNDA:0,(anonymous_14)
FNDA:0,selectDate
FNDA:0,(anonymous_16)
FNDA:0,(anonymous_17)
FNDA:0,updateClassInfoDisplay
FNDA:0,loadTimeSlots
FNDA:0,(anonymous_20)
FNDA:0,(anonymous_21)
FNDA:0,(anonymous_22)
FNDA:0,(anonymous_23)
FNDA:0,(anonymous_24)
FNDA:0,(anonymous_25)
FNDA:0,(anonymous_26)
FNDA:0,createTimeSlotElement
FNDA:0,(anonymous_28)
FNDA:0,(anonymous_29)
FNDA:0,(anonymous_30)
FNDA:0,(anonymous_31)
FNDA:0,updateSessionDetails
FNDA:0,setupEventListeners
FNDA:0,addMonthNavigation
FNDA:0,(anonymous_35)
FNDA:0,(anonymous_36)
FNDA:0,changeMonth
FNDA:0,handleReservation
FNDA:0,(anonymous_39)
FNDA:0,cancelReservation
FNDA:0,getTimeUntilClass
FNDA:0,updateClassAvailabilityIndicators
FNDA:0,(anonymous_43)
FNDA:0,updateReservationUI
FNDA:0,showAlert
FNDA:0,(anonymous_46)
FNDA:0,(anonymous_47)
FNDA:0,isWithin8Hours
FNDA:0,getMinimumBookingHours
FNDA:0,isWithinBookingDeadline
FNDA:0,processSingleClassPayment
DA:3,0
DA:4,0
DA:6,0
DA:7,0
DA:8,0
DA:10,0
DA:16,0
DA:17,0
DA:18,0
DA:19,0
DA:20,0
DA:21,0
DA:22,0
DA:25,0
DA:26,0
DA:27,0
DA:28,0
DA:30,0
DA:31,0
DA:32,0
DA:33,0
DA:39,0
DA:41,0
DA:42,0
DA:44,0
DA:45,0
DA:47,0
DA:52,0
DA:55,0
DA:58,0
DA:61,0
DA:67,0
DA:68,0
DA:70,0
DA:71,0
DA:72,0
DA:74,0
DA:75,0
DA:81,0
DA:82,0
DA:83,0
DA:84,0
DA:85,0
DA:86,0
DA:90,0
DA:96,0
DA:97,0
DA:98,0
DA:99,0
DA:100,0
DA:103,0
DA:104,0
DA:107,0
DA:108,0
DA:109,0
DA:113,0
DA:115,0
DA:116,0
DA:118,0
DA:121,0
DA:122,0
DA:123,0
DA:124,0
DA:130,0
DA:132,0
DA:133,0
DA:134,0
DA:135,0
DA:136,0
DA:137,0
DA:139,0
DA:142,0
DA:143,0
DA:147,0
DA:148,0
DA:152,0
DA:153,0
DA:154,0
DA:158,0
DA:159,0
DA:160,0
DA:163,0
DA:164,0
DA:165,0
DA:168,0
DA:169,0
DA:170,0
DA:176,0
DA:177,0
DA:179,0
DA:180,0
DA:181,0
DA:183,0
DA:184,0
DA:185,0
DA:186,0
DA:188,0
DA:189,0
DA:190,0
DA:191,0
DA:192,0
DA:195,0
DA:196,0
DA:197,0
DA:198,0
DA:200,0
DA:201,0
DA:203,0
DA:204,0
DA:206,0
DA:207,0
DA:208,0
DA:209,0
DA:214,0
DA:215,0
DA:218,0
DA:224,0
DA:225,0
DA:229,0
DA:230,0
DA:232,0
DA:238,0
DA:239,0
DA:240,0
DA:241,0
DA:242,0
DA:243,0
DA:244,0
DA:245,0
DA:247,0
DA:254,0
DA:255,0
DA:257,0
DA:259,0
DA:260,0
DA:261,0
DA:262,0
DA:263,0
DA:267,0
DA:268,0
DA:273,0
DA:274,0
DA:275,0
DA:276,0
DA:277,0
DA:279,0
DA:284,0
DA:285,0
DA:286,0
DA:292,0
DA:293,0
DA:295,0
DA:297,0
DA:298,0
DA:301,0
DA:302,0
DA:303,0
DA:304,0
DA:308,0
DA:309,0
DA:312,0
DA:313,0
DA:315,0
DA:316,0
DA:317,0
DA:318,0
DA:319,0
DA:320,0
DA:322,0
DA:323,0
DA:325,0
DA:326,0
DA:328,0
DA:332,0
DA:335,0
DA:336,0
DA:338,0
DA:339,0
DA:340,0
DA:343,0
DA:344,0
DA:345,0
DA:349,0
DA:350,0
DA:352,0
DA:358,0
DA:359,0
DA:360,0
DA:361,0
DA:363,0
DA:364,0
DA:365,0
DA:366,0
DA:370,0
DA:371,0
DA:372,0
DA:373,0
DA:378,0
DA:379,0
DA:381,0
DA:382,0
DA:384,0
DA:389,0
DA:391,0
DA:392,0
DA:394,0
DA:396,0
DA:397,0
DA:399,0
DA:407,0
DA:408,0
DA:411,0
DA:412,0
DA:415,0
DA:417,0
DA:423,0
DA:424,0
DA:427,0
DA:428,0
DA:429,0
DA:430,0
DA:431,0
DA:434,0
DA:446,0
DA:447,0
DA:450,0
DA:451,0
DA:455,0
DA:456,0
DA:459,0
DA:460,0
DA:463,0
DA:467,0
DA:468,0
DA:469,0
DA:470,0
DA:474,0
DA:475,0
DA:476,0
DA:484,0
DA:486,0
DA:487,0
DA:488,0
DA:489,0
DA:492,0
DA:493,0
DA:495,0
DA:496,0
DA:497,0
DA:500,0
DA:501,0
DA:502,0
DA:503,0
DA:504,0
DA:510,0
DA:511,0
DA:512,0
DA:515,0
DA:520,0
DA:521,0
DA:523,0
DA:524,0
DA:525,0
DA:526,0
DA:527,0
DA:529,0
DA:530,0
DA:531,0
DA:532,0
DA:534,0
DA:535,0
DA:537,0
DA:538,0
DA:539,0
DA:540,0
DA:542,0
DA:543,0
DA:544,0
DA:545,0
DA:546,0
DA:551,0
DA:553,0
DA:554,0
DA:555,0
DA:556,0
DA:557,0
DA:558,0
DA:561,0
DA:562,0
DA:563,0
DA:564,0
DA:565,0
DA:569,0
DA:570,0
DA:572,0
DA:577,0
DA:578,0
DA:579,0
DA:583,0
DA:584,0
DA:587,0
DA:588,0
DA:589,0
DA:593,0
DA:594,0
DA:595,0
DA:596,0
DA:599,0
DA:600,0
DA:603,0
DA:609,0
DA:611,0
DA:612,0
DA:613,0
DA:617,0
DA:619,0
DA:621,0
DA:623,0
DA:630,0
DA:631,0
DA:634,0
DA:635,0
DA:638,0
DA:639,0
DA:640,0
DA:642,0
DA:647,0
DA:649,0
DA:650,0
DA:651,0
DA:655,0
DA:656,0
DA:657,0
DA:661,0
DA:662,0
DA:667,0
DA:669,0
DA:675,0
DA:676,0
DA:679,0
DA:680,0
DA:683,0
DA:685,0
DA:687,0
DA:688,0
DA:691,0
DA:692,0
DA:694,0
DA:699,0
DA:700,0
DA:704,0
DA:711,0
DA:713,0
DA:714,0
DA:716,0
DA:717,0
DA:719,0
DA:720,0
DA:723,0
DA:727,0
DA:728,0
DA:734,0
DA:735,0
DA:736,0
DA:738,0
DA:739,0
DA:740,0
DA:741,0
DA:742,0
DA:743,0
DA:744,0
DA:745,0
DA:746,0
DA:748,0
DA:749,0
DA:750,0
DA:756,0
DA:758,0
DA:759,0
DA:760,0
DA:761,0
DA:763,0
DA:764,0
DA:765,0
DA:768,0
DA:769,0
DA:770,0
DA:771,0
DA:772,0
DA:780,0
DA:781,0
DA:783,0
DA:785,0
DA:786,0
DA:787,0
DA:789,0
DA:792,0
DA:798,0
DA:799,0
DA:801,0
DA:802,0
DA:803,0
DA:805,0
DA:806,0
DA:807,0
DA:808,0
DA:809,0
DA:810,0
DA:811,0
DA:812,0
DA:815,0
DA:816,0
DA:817,0
DA:818,0
DA:820,0
DA:823,0
DA:825,0
DA:826,0
DA:827,0
DA:828,0
DA:833,0
DA:834,0
DA:844,0
DA:849,0
DA:850,0
DA:851,0
DA:852,0
DA:858,0
DA:859,0
DA:862,0
DA:863,0
DA:865,0
DA:871,0
DA:872,0
DA:873,0
DA:874,0
DA:876,0
DA:880,0
DA:881,0
DA:884,0
DA:890,0
DA:891,0
DA:894,0
DA:895,0
DA:898,0
DA:899,0
DA:902,0
DA:916,0
DA:917,0
DA:918,0
DA:921,0
DA:924,0
DA:927,0
DA:928,0
LF:454
LH:0
BRDA:3,0,0,0
BRDA:3,0,1,0
BRDA:7,1,0,0
BRDA:7,1,1,0
BRDA:7,2,0,0
BRDA:7,2,1,0
BRDA:26,3,0,0
BRDA:26,3,1,0
BRDA:27,4,0,0
BRDA:27,4,1,0
BRDA:32,5,0,0
BRDA:32,5,1,0
BRDA:42,6,0,0
BRDA:42,6,1,0
BRDA:45,7,0,0
BRDA:45,7,1,0
BRDA:68,8,0,0
BRDA:68,8,1,0
BRDA:83,9,0,0
BRDA:83,9,1,0
BRDA:83,10,0,0
BRDA:83,10,1,0
BRDA:96,11,0,0
BRDA:96,11,1,0
BRDA:104,12,0,0
BRDA:104,12,1,0
BRDA:108,13,0,0
BRDA:108,13,1,0
BRDA:133,14,0,0
BRDA:133,14,1,0
BRDA:135,15,0,0
BRDA:135,15,1,0
BRDA:153,16,0,0
BRDA:153,16,1,0
BRDA:159,17,0,0
BRDA:159,17,1,0
BRDA:164,18,0,0
BRDA:164,18,1,0
BRDA:169,19,0,0
BRDA:169,19,1,0
BRDA:177,20,0,0
BRDA:177,20,1,0
BRDA:188,21,0,0
BRDA:188,21,1,0
BRDA:203,22,0,0
BRDA:203,22,1,0
BRDA:208,23,0,0
BRDA:208,23,1,0
BRDA:208,24,0,0
BRDA:208,24,1,0
BRDA:214,25,0,0
BRDA:214,25,1,0
BRDA:229,26,0,0
BRDA:229,26,1,0
BRDA:241,27,0,0
BRDA:241,27,1,0
BRDA:244,28,0,0
BRDA:244,28,1,0
BRDA:244,29,0,0
BRDA:244,29,1,0
BRDA:262,30,0,0
BRDA:262,30,1,0
BRDA:274,31,0,0
BRDA:274,31,1,0
BRDA:275,32,0,0
BRDA:275,32,1,0
BRDA:285,33,0,0
BRDA:285,33,1,0
BRDA:285,34,0,0
BRDA:285,34,1,0
BRDA:295,35,0,0
BRDA:295,35,1,0
BRDA:295,36,0,0
BRDA:295,36,1,0
BRDA:298,37,0,0
BRDA:298,37,1,0
BRDA:315,38,0,0
BRDA:315,38,1,0
BRDA:317,39,0,0
BRDA:317,39,1,0
BRDA:320,40,0,0
BRDA:320,40,1,0
BRDA:320,41,0,0
BRDA:320,41,1,0
BRDA:343,42,0,0
BRDA:343,42,1,0
BRDA:344,43,0,0
BRDA:344,43,1,0
BRDA:344,44,0,0
BRDA:344,44,1,0
BRDA:349,45,0,0
BRDA:349,45,1,0
BRDA:370,46,0,0
BRDA:370,46,1,0
BRDA:378,47,0,0
BRDA:378,47,1,0
BRDA:381,48,0,0
BRDA:381,48,1,0
BRDA:381,49,0,0
BRDA:381,49,1,0
BRDA:389,50,0,0
BRDA:389,50,1,0
BRDA:392,51,0,0
BRDA:392,51,1,0
BRDA:396,52,0,0
BRDA:396,52,1,0
BRDA:396,53,0,0
BRDA:396,53,1,0
BRDA:415,54,0,0
BRDA:415,54,1,0
BRDA:428,55,0,0
BRDA:428,55,1,0
BRDA:430,56,0,0
BRDA:430,56,1,0
BRDA:435,57,0,0
BRDA:435,57,1,0
BRDA:437,58,0,0
BRDA:437,58,1,0
BRDA:447,59,0,0
BRDA:447,59,1,0
BRDA:468,60,0,0
BRDA:468,60,1,0
BRDA:469,61,0,0
BRDA:469,61,1,0
BRDA:475,62,0,0
BRDA:475,62,1,0
BRDA:484,63,0,0
BRDA:484,63,1,0
BRDA:487,64,0,0
BRDA:487,64,1,0
BRDA:487,65,0,0
BRDA:487,65,1,0
BRDA:488,66,0,0
BRDA:488,66,1,0
BRDA:493,67,0,0
BRDA:493,67,1,0
BRDA:495,68,0,0
BRDA:495,68,1,0
BRDA:496,69,0,0
BRDA:496,69,1,0
BRDA:501,70,0,0
BRDA:501,70,1,0
BRDA:511,71,0,0
BRDA:511,71,1,0
BRDA:521,72,0,0
BRDA:521,72,1,0
BRDA:521,73,0,0
BRDA:521,73,1,0
BRDA:553,74,0,0
BRDA:553,74,1,0
BRDA:556,75,0,0
BRDA:556,75,1,0
BRDA:562,76,0,0
BRDA:562,76,1,0
BRDA:562,77,0,0
BRDA:562,77,1,0
BRDA:562,77,2,0
BRDA:578,78,0,0
BRDA:578,78,1,0
BRDA:587,79,0,0
BRDA:587,79,1,0
BRDA:593,80,0,0
BRDA:593,80,1,0
BRDA:611,81,0,0
BRDA:611,81,1,0
BRDA:617,82,0,0
BRDA:617,82,1,0
BRDA:617,83,0,0
BRDA:617,83,1,0
BRDA:621,84,0,0
BRDA:621,84,1,0
BRDA:630,85,0,0
BRDA:630,85,1,0
BRDA:642,86,0,0
BRDA:642,86,1,0
BRDA:649,87,0,0
BRDA:649,87,1,0
BRDA:649,88,0,0
BRDA:649,88,1,0
BRDA:656,89,0,0
BRDA:656,89,1,0
BRDA:675,90,0,0
BRDA:675,90,1,0
BRDA:687,91,0,0
BRDA:687,91,1,0
BRDA:691,92,0,0
BRDA:691,92,1,0
BRDA:699,93,0,0
BRDA:699,93,1,0
BRDA:713,94,0,0
BRDA:713,94,1,0
BRDA:716,95,0,0
BRDA:716,95,1,0
BRDA:719,96,0,0
BRDA:719,96,1,0
BRDA:723,97,0,0
BRDA:723,97,1,0
BRDA:738,98,0,0
BRDA:738,98,1,0
BRDA:740,99,0,0
BRDA:740,99,1,0
BRDA:743,100,0,0
BRDA:743,100,1,0
BRDA:760,101,0,0
BRDA:760,101,1,0
BRDA:763,102,0,0
BRDA:763,102,1,0
BRDA:781,103,0,0
BRDA:781,103,1,0
BRDA:783,104,0,0
BRDA:783,104,1,0
BRDA:786,105,0,0
BRDA:786,105,1,0
BRDA:789,106,0,0
BRDA:789,106,1,0
BRDA:797,107,0,0
BRDA:799,108,0,0
BRDA:799,108,1,0
BRDA:815,109,0,0
BRDA:815,109,1,0
BRDA:817,110,0,0
BRDA:817,110,1,0
BRDA:862,111,0,0
BRDA:862,111,1,0
BRDA:862,112,0,0
BRDA:862,112,1,0
BRDA:890,113,0,0
BRDA:890,113,1,0
BRDA:899,114,0,0
BRDA:899,114,1,0
BRDA:916,115,0,0
BRDA:916,115,1,0
BRDA:918,116,0,0
BRDA:918,116,1,0
BRF:234
BRH:0
end_of_record
TN:
SF:interfaces\script.js
FN:2,(anonymous_0)
FN:17,(anonymous_1)
FN:38,initCarousel
FN:49,calculateVisibleCards
FN:55,updateCarousel
FN:77,goNext
FN:87,goPrev
FN:100,(anonymous_7)
FN:113,initPracticaCarousel
FN:123,updateButtons
FN:132,scrollToIndex
FN:141,goNext
FN:147,goPrev
FN:165,initCalendar
FN:168,(anonymous_14)
FN:169,(anonymous_15)
FN:177,showDay
FN:179,(anonymous_17)
FN:184,(anonymous_18)
FN:211,initFadeAnimations
FN:220,(anonymous_20)
FN:221,(anonymous_21)
FN:228,(anonymous_22)
FN:243,initLoginAnimations
FN:255,(anonymous_24)
FN:256,(anonymous_25)
FN:258,(anonymous_26)
FN:264,(anonymous_27)
FN:265,(anonymous_28)
FN:272,(anonymous_29)
FN:281,initSignUpAnimations
FN:290,(anonymous_31)
FN:291,(anonymous_32)
FN:299,(anonymous_33)
FN:307,validateEmail
FN:312,isStrongPassword
FN:318,initAuthForms
FN:321,(anonymous_37)
FN:346,(anonymous_38)
FN:361,(anonymous_39)
FN:387,(anonymous_40)
FN:400,(anonymous_41)
FN:412,(anonymous_42)
FN:419,validateRegistration
FN:473,showAlert
FN:503,(anonymous_45)
FN:506,(anonymous_46)
FNF:47
FNH:0
FNDA:0,(anonymous_0)
FNDA:0,(anonymous_1)
FNDA:0,initCarousel
FNDA:0,calculateVisibleCards
FNDA:0,updateCarousel
FNDA:0,goNext
FNDA:0,goPrev
FNDA:0,(anonymous_7)
FNDA:0,initPracticaCarousel
FNDA:0,updateButtons
FNDA:0,scrollToIndex
FNDA:0,goNext
FNDA:0,goPrev
FNDA:0,initCalendar
FNDA:0,(anonymous_14)
FNDA:0,(anonymous_15)
FNDA:0,showDay
FNDA:0,(anonymous_17)
FNDA:0,(anonymous_18)
FNDA:0,initFadeAnimations
FNDA:0,(anonymous_20)
FNDA:0,(anonymous_21)
FNDA:0,(anonymous_22)
FNDA:0,initLoginAnimations
FNDA:0,(anonymous_24)
FNDA:0,(anonymous_25)
FNDA:0,(anonymous_26)
FNDA:0,(anonymous_27)
FNDA:0,(anonymous_28)
FNDA:0,(anonymous_29)
FNDA:0,initSignUpAnimations
FNDA:0,(anonymous_31)
FNDA:0,(anonymous_32)
FNDA:0,(anonymous_33)
FNDA:0,validateEmail
FNDA:0,isStrongPassword
FNDA:0,initAuthForms
FNDA:0,(anonymous_37)
FNDA:0,(anonymous_38)
FNDA:0,(anonymous_39)
FNDA:0,(anonymous_40)
FNDA:0,(anonymous_41)
FNDA:0,(anonymous_42)
FNDA:0,validateRegistration
FNDA:0,showAlert
FNDA:0,(anonymous_45)
FNDA:0,(anonymous_46)
DA:2,0
DA:3,0
DA:4,0
DA:6,0
DA:7,0
DA:8,0
DA:10,0
DA:17,0
DA:19,0
DA:22,0
DA:25,0
DA:28,0
DA:31,0
DA:39,0
DA:40,0
DA:41,0
DA:43,0
DA:45,0
DA:46,0
DA:47,0
DA:50,0
DA:51,0
DA:52,0
DA:56,0
DA:57,0
DA:58,0
DA:61,0
DA:62,0
DA:65,0
DA:66,0
DA:69,0
DA:70,0
DA:73,0
DA:74,0
DA:78,0
DA:79,0
DA:81,0
DA:82,0
DA:83,0
DA:88,0
DA:89,0
DA:90,0
DA:95,0
DA:96,0
DA:100,0
DA:101,0
DA:102,0
DA:106,0
DA:114,0
DA:115,0
DA:116,0
DA:118,0
DA:120,0
DA:121,0
DA:124,0
DA:125,0
DA:128,0
DA:129,0
DA:133,0
DA:134,0
DA:138,0
DA:142,0
DA:143,0
DA:148,0
DA:149,0
DA:154,0
DA:155,0
DA:158,0
DA:166,0
DA:168,0
DA:169,0
DA:170,0
DA:171,0
DA:179,0
DA:180,0
DA:184,0
DA:185,0
DA:189,0
DA:190,0
DA:191,0
DA:195,0
DA:197,0
DA:200,0
DA:201,0
DA:202,0
DA:213,0
DA:215,0
DA:220,0
DA:221,0
DA:222,0
DA:223,0
DA:224,0
DA:228,0
DA:229,0
DA:233,0
DA:234,0
DA:238,0
DA:239,0
DA:245,0
DA:255,0
DA:256,0
DA:257,0
DA:258,0
DA:263,0
DA:264,0
DA:265,0
DA:266,0
DA:267,0
DA:268,0
DA:272,0
DA:273,0
DA:274,0
DA:275,0
DA:283,0
DA:285,0
DA:290,0
DA:291,0
DA:292,0
DA:293,0
DA:294,0
DA:299,0
DA:300,0
DA:308,0
DA:309,0
DA:314,0
DA:315,0
DA:320,0
DA:321,0
DA:322,0
DA:324,0
DA:325,0
DA:327,0
DA:328,0
DA:329,0
DA:332,0
DA:333,0
DA:339,0
DA:341,0
DA:342,0
DA:343,0
DA:344,0
DA:345,0
DA:346,0
DA:348,0
DA:351,0
DA:352,0
DA:358,0
DA:359,0
DA:361,0
DA:362,0
DA:365,0
DA:373,0
DA:375,0
DA:376,0
DA:382,0
DA:384,0
DA:385,0
DA:386,0
DA:387,0
DA:389,0
DA:392,0
DA:393,0
DA:398,0
DA:399,0
DA:400,0
DA:401,0
DA:402,0
DA:404,0
DA:405,0
DA:410,0
DA:411,0
DA:412,0
DA:413,0
DA:421,0
DA:422,0
DA:423,0
DA:427,0
DA:428,0
DA:429,0
DA:430,0
DA:434,0
DA:435,0
DA:436,0
DA:440,0
DA:441,0
DA:442,0
DA:446,0
DA:447,0
DA:448,0
DA:452,0
DA:453,0
DA:454,0
DA:455,0
DA:457,0
DA:458,0
DA:461,0
DA:462,0
DA:463,0
DA:466,0
DA:475,0
DA:476,0
DA:479,0
DA:480,0
DA:481,0
DA:484,0
DA:485,0
DA:486,0
DA:487,0
DA:488,0
DA:489,0
DA:490,0
DA:491,0
DA:494,0
DA:495,0
DA:497,0
DA:500,0
DA:503,0
DA:504,0
DA:505,0
DA:506,0
LF:220
LH:0
BRDA:3,0,0,0
BRDA:3,0,1,0
BRDA:7,1,0,0
BRDA:7,1,1,0
BRDA:7,2,0,0
BRDA:7,2,1,0
BRDA:43,3,0,0
BRDA:43,3,1,0
BRDA:43,4,0,0
BRDA:43,4,1,0
BRDA:43,4,2,0
BRDA:52,5,0,0
BRDA:52,5,1,0
BRDA:61,6,0,0
BRDA:61,6,1,0
BRDA:73,7,0,0
BRDA:73,7,1,0
BRDA:74,8,0,0
BRDA:74,8,1,0
BRDA:81,9,0,0
BRDA:81,9,1,0
BRDA:88,10,0,0
BRDA:88,10,1,0
BRDA:118,11,0,0
BRDA:118,11,1,0
BRDA:118,12,0,0
BRDA:118,12,1,0
BRDA:118,12,2,0
BRDA:128,13,0,0
BRDA:128,13,1,0
BRDA:129,14,0,0
BRDA:129,14,1,0
BRDA:142,15,0,0
BRDA:142,15,1,0
BRDA:148,16,0,0
BRDA:148,16,1,0
BRDA:177,17,0,0
BRDA:190,18,0,0
BRDA:190,18,1,0
BRDA:195,19,0,0
BRDA:195,19,1,0
BRDA:201,20,0,0
BRDA:201,20,1,0
BRDA:222,21,0,0
BRDA:222,21,1,0
BRDA:233,22,0,0
BRDA:233,22,1,0
BRDA:238,23,0,0
BRDA:238,23,1,0
BRDA:267,24,0,0
BRDA:267,24,1,0
BRDA:274,25,0,0
BRDA:274,25,1,0
BRDA:292,26,0,0
BRDA:292,26,1,0
BRDA:320,27,0,0
BRDA:320,27,1,0
BRDA:327,28,0,0
BRDA:327,28,1,0
BRDA:327,29,0,0
BRDA:327,29,1,0
BRDA:341,30,0,0
BRDA:341,30,1,0
BRDA:348,31,0,0
BRDA:348,31,1,0
BRDA:358,32,0,0
BRDA:358,32,1,0
BRDA:373,33,0,0
BRDA:373,33,1,0
BRDA:384,34,0,0
BRDA:384,34,1,0
BRDA:389,35,0,0
BRDA:389,35,1,0
BRDA:399,36,0,0
BRDA:399,36,1,0
BRDA:404,37,0,0
BRDA:404,37,1,0
BRDA:405,38,0,0
BRDA:405,38,1,0
BRDA:411,39,0,0
BRDA:411,39,1,0
BRDA:421,40,0,0
BRDA:421,40,1,0
BRDA:421,41,0,0
BRDA:421,41,1,0
BRDA:421,41,2,0
BRDA:421,41,3,0
BRDA:428,42,0,0
BRDA:428,42,1,0
BRDA:434,43,0,0
BRDA:434,43,1,0
BRDA:440,44,0,0
BRDA:440,44,1,0
BRDA:446,45,0,0
BRDA:446,45,1,0
BRDA:457,46,0,0
BRDA:457,46,1,0
BRDA:457,47,0,0
BRDA:457,47,1,0
BRDA:457,47,2,0
BRDA:461,48,0,0
BRDA:461,48,1,0
BRDA:473,49,0,0
BRDA:476,50,0,0
BRDA:476,50,1,0
BRDA:494,51,0,0
BRDA:494,51,1,0
BRF:107
BRH:0
end_of_record
TN:
SF:middleware\auth.middleware.js
FN:3,(anonymous_0)
FN:22,(anonymous_1)
FNF:2
FNH:0
FNDA:0,(anonymous_0)
FNDA:0,(anonymous_1)
DA:1,1
DA:3,1
DA:5,0
DA:8,0
DA:9,0
DA:16,0
DA:19,0
DA:22,0
DA:23,0
DA:24,0
DA:27,0
DA:28,0
DA:29,0
DA:30,0
DA:33,0
DA:40,0
DA:46,0
DA:50,1
LF:18
LH:3
BRDA:8,0,0,0
BRDA:8,0,1,0
BRDA:23,1,0,0
BRDA:23,1,1,0
BRDA:27,2,0,0
BRDA:27,2,1,0
BRDA:29,3,0,0
BRDA:29,3,1,0
BRDA:43,4,0,0
BRDA:43,4,1,0
BRF:10
BRH:0
end_of_record
TN:
SF:routes\admin.routes.js
FN:15,verifyAdmin
FN:57,(anonymous_1)
FN:108,(anonymous_2)
FN:131,(anonymous_3)
FN:150,(anonymous_4)
FN:170,(anonymous_5)
FN:216,(anonymous_6)
FN:228,(anonymous_7)
FN:233,(anonymous_8)
FN:270,(anonymous_9)
FN:294,(anonymous_10)
FN:303,(anonymous_11)
FN:342,(anonymous_12)
FN:387,(anonymous_13)
FN:409,(anonymous_14)
FN:448,(anonymous_15)
FN:487,(anonymous_16)
FNF:17
FNH:0
FNDA:0,verifyAdmin
FNDA:0,(anonymous_1)
FNDA:0,(anonymous_2)
FNDA:0,(anonymous_3)
FNDA:0,(anonymous_4)
FNDA:0,(anonymous_5)
FNDA:0,(anonymous_6)
FNDA:0,(anonymous_7)
FNDA:0,(anonymous_8)
FNDA:0,(anonymous_9)
FNDA:0,(anonymous_10)
FNDA:0,(anonymous_11)
FNDA:0,(anonymous_12)
FNDA:0,(anonymous_13)
FNDA:0,(anonymous_14)
FNDA:0,(anonymous_15)
FNDA:0,(anonymous_16)
DA:1,1
DA:2,1
DA:3,1
DA:4,1
DA:5,1
DA:6,1
DA:7,1
DA:8,1
DA:9,1
DA:12,1
DA:16,0
DA:18,0
DA:19,0
DA:20,0
DA:23,0
DA:26,0
DA:29,0
DA:30,0
DA:34,0
DA:35,0
DA:36,0
DA:40,0
DA:47,0
DA:49,0
DA:50,0
DA:52,0
DA:57,1
DA:58,0
DA:59,0
DA:62,0
DA:63,0
DA:67,0
DA:68,0
DA:69,0
DA:73,0
DA:74,0
DA:75,0
DA:79,0
DA:89,0
DA:100,0
DA:105,1
DA:108,1
DA:109,0
DA:110,0
DA:111,0
DA:112,0
DA:115,0
DA:121,0
DA:122,0
DA:123,0
DA:124,0
DA:126,0
DA:130,0
DA:131,0
DA:134,0
DA:145,0
DA:150,1
DA:151,0
DA:152,0
DA:153,0
DA:155,0
DA:156,0
DA:157,0
DA:163,0
DA:170,0
DA:171,0
DA:174,0
DA:181,0
DA:182,0
DA:184,0
DA:196,0
DA:198,0
DA:211,0
DA:216,1
DA:217,0
DA:218,0
DA:219,0
DA:221,0
DA:224,0
DA:225,0
DA:228,0
DA:229,0
DA:230,0
DA:233,0
DA:236,0
DA:250,0
DA:252,0
DA:265,0
DA:270,1
DA:271,0
DA:272,0
DA:273,0
DA:275,0
DA:278,0
DA:279,0
DA:280,0
DA:281,0
DA:282,0
DA:283,0
DA:284,0
DA:287,0
DA:294,0
DA:295,0
DA:298,0
DA:300,0
DA:302,0
DA:303,0
DA:306,0
DA:322,0
DA:324,0
DA:337,0
DA:342,1
DA:343,0
DA:344,0
DA:348,0
DA:349,0
DA:353,0
DA:354,0
DA:360,0
DA:361,0
DA:368,0
DA:374,0
DA:376,0
DA:382,0
DA:387,1
DA:388,0
DA:389,0
DA:392,0
DA:393,0
DA:394,0
DA:398,0
DA:399,0
DA:403,0
DA:407,0
DA:409,0
DA:413,0
DA:414,0
DA:422,0
DA:425,0
DA:428,0
DA:430,0
DA:442,0
DA:443,0
DA:448,1
DA:449,0
DA:450,0
DA:452,0
DA:453,0
DA:459,0
DA:460,0
DA:461,0
DA:464,0
DA:474,0
DA:482,0
DA:487,1
DA:488,0
DA:489,0
DA:490,0
DA:492,0
DA:493,0
DA:497,0
DA:501,0
DA:502,0
DA:506,0
DA:507,0
DA:508,0
DA:512,0
DA:513,0
DA:517,0
DA:518,0
DA:522,0
DA:523,0
DA:527,0
DA:532,0
DA:533,0
DA:538,0
DA:544,0
DA:550,0
DA:561,0
DA:565,0
DA:576,0
DA:577,0
DA:581,1
LF:183
LH:21
BRDA:19,0,0,0
BRDA:19,0,1,0
BRDA:29,1,0,0
BRDA:29,1,1,0
BRDA:35,2,0,0
BRDA:35,2,1,0
BRDA:49,3,0,0
BRDA:49,3,1,0
BRDA:62,4,0,0
BRDA:62,4,1,0
BRDA:68,5,0,0
BRDA:68,5,1,0
BRDA:74,6,0,0
BRDA:74,6,1,0
BRDA:152,7,0,0
BRDA:152,8,0,0
BRDA:156,9,0,0
BRDA:156,9,1,0
BRDA:186,10,0,0
BRDA:186,10,1,0
BRDA:187,11,0,0
BRDA:187,11,1,0
BRDA:218,12,0,0
BRDA:218,13,0,0
BRDA:218,14,0,0
BRDA:224,15,0,0
BRDA:224,15,1,0
BRDA:229,16,0,0
BRDA:229,16,1,0
BRDA:272,17,0,0
BRDA:272,18,0,0
BRDA:272,19,0,0
BRDA:278,20,0,0
BRDA:278,20,1,0
BRDA:281,21,0,0
BRDA:281,21,1,0
BRDA:283,22,0,0
BRDA:283,22,1,0
BRDA:300,23,0,0
BRDA:300,23,1,0
BRDA:308,24,0,0
BRDA:308,24,1,0
BRDA:348,25,0,0
BRDA:348,25,1,0
BRDA:353,26,0,0
BRDA:353,26,1,0
BRDA:360,27,0,0
BRDA:360,27,1,0
BRDA:360,28,0,0
BRDA:360,28,1,0
BRDA:393,29,0,0
BRDA:393,29,1,0
BRDA:398,30,0,0
BRDA:398,30,1,0
BRDA:452,31,0,0
BRDA:452,31,1,0
BRDA:492,32,0,0
BRDA:492,32,1,0
BRDA:501,33,0,0
BRDA:501,33,1,0
BRDA:507,34,0,0
BRDA:507,34,1,0
BRDA:512,35,0,0
BRDA:512,35,1,0
BRDA:517,36,0,0
BRDA:517,36,1,0
BRDA:522,37,0,0
BRDA:522,37,1,0
BRDA:532,38,0,0
BRDA:532,38,1,0
BRF:70
BRH:0
end_of_record
TN:
SF:routes\classSessions.routes.js
FN:28,requireAdmin
FNF:1
FNH:0
FNDA:0,requireAdmin
DA:1,1
DA:2,1
DA:3,1
DA:4,1
DA:8,1
DA:11,1
DA:14,1
DA:19,1
DA:22,1
DA:25,1
DA:29,0
DA:30,0
DA:32,0
DA:35,1
LF:14
LH:11
BRDA:29,0,0,0
BRDA:29,0,1,0
BRF:2
BRH:0
end_of_record
TN:
SF:routes\classTypes.routes.js
FN:27,requireAdmin
FNF:1
FNH:0
FNDA:0,requireAdmin
DA:1,1
DA:2,1
DA:3,1
DA:4,1
DA:8,1
DA:11,1
DA:14,1
DA:18,1
DA:21,1
DA:24,1
DA:28,0
DA:29,0
DA:31,0
DA:34,1
LF:14
LH:11
BRDA:28,0,0,0
BRDA:28,0,1,0
BRF:2
BRH:0
end_of_record
TN:
SF:routes\instructors.routes.js
FN:34,requireAdmin
FNF:1
FNH:0
FNDA:0,requireAdmin
DA:1,1
DA:2,1
DA:3,1
DA:4,1
DA:8,1
DA:11,1
DA:15,1
DA:19,1
DA:22,1
DA:25,1
DA:28,1
DA:31,1
DA:35,0
DA:36,0
DA:38,0
DA:41,1
LF:16
LH:13
BRDA:35,0,0,0
BRDA:35,0,1,0
BRF:2
BRH:0
end_of_record
TN:
SF:routes\packages.routes.js
FN:34,requireAdmin
FNF:1
FNH:0
FNDA:0,requireAdmin
DA:1,1
DA:2,1
DA:3,1
DA:4,1
DA:8,1
DA:11,1
DA:14,1
DA:17,1
DA:21,1
DA:25,1
DA:28,1
DA:31,1
DA:35,0
DA:36,0
DA:38,0
DA:41,1
LF:16
LH:13
BRDA:35,0,0,0
BRDA:35,0,1,0
BRF:2
BRH:0
end_of_record
TN:
SF:routes\payment.routes.js
FN:19,(anonymous_0)
FN:27,(anonymous_1)
FN:42,(anonymous_2)
FNF:3
FNH:0
FNDA:0,(anonymous_0)
FNDA:0,(anonymous_1)
FNDA:0,(anonymous_2)
DA:1,1
DA:2,1
DA:3,1
DA:6,1
DA:8,1
DA:11,1
DA:12,1
DA:13,1
DA:16,1
DA:19,1
DA:20,0
DA:27,1
DA:29,0
DA:38,0
DA:39,0
DA:42,1
DA:43,0
DA:45,0
DA:46,0
DA:47,0
DA:49,0
DA:50,0
DA:51,0
DA:54,0
DA:63,0
DA:69,0
DA:73,1
LF:27
LH:13
BRDA:50,0,0,0
BRDA:50,0,1,0
BRF:2
BRH:0
end_of_record
TN:
SF:routes\purchases.routes.js
FN:26,(anonymous_0)
FN:62,validateUserAccess
FN:79,requireAdmin
FNF:3
FNH:0
FNDA:0,(anonymous_0)
FNDA:0,validateUserAccess
FNDA:0,requireAdmin
DA:1,1
DA:2,1
DA:3,1
DA:4,1
DA:7,1
DA:11,1
DA:14,1
DA:17,1
DA:20,1
DA:23,1
DA:26,1
DA:27,0
DA:28,0
DA:29,0
DA:32,0
DA:37,0
DA:46,0
DA:47,0
DA:53,1
DA:56,1
DA:59,1
DA:63,0
DA:66,0
DA:67,0
DA:71,0
DA:72,0
DA:75,0
DA:80,0
DA:81,0
DA:83,0
DA:86,1
LF:31
LH:15
BRDA:39,0,0,0
BRDA:39,0,1,0
BRDA:66,1,0,0
BRDA:66,1,1,0
BRDA:71,2,0,0
BRDA:71,2,1,0
BRDA:80,3,0,0
BRDA:80,3,1,0
BRF:8
BRH:0
end_of_record
TN:
SF:routes\reservations.routes.js
FN:31,validateUserAccess
FN:48,requireInstructorOrAdmin
FN:56,requireAdmin
FNF:3
FNH:0
FNDA:0,validateUserAccess
FNDA:0,requireInstructorOrAdmin
FNDA:0,requireAdmin
DA:1,1
DA:2,1
DA:3,1
DA:4,1
DA:7,1
DA:11,1
DA:14,1
DA:17,1
DA:20,1
DA:24,1
DA:28,1
DA:32,0
DA:35,0
DA:36,0
DA:40,0
DA:41,0
DA:44,0
DA:49,0
DA:50,0
DA:52,0
DA:57,0
DA:58,0
DA:60,0
DA:64,1
DA:66,1
LF:25
LH:13
BRDA:35,0,0,0
BRDA:35,0,1,0
BRDA:40,1,0,0
BRDA:40,1,1,0
BRDA:49,2,0,0
BRDA:49,2,1,0
BRDA:49,3,0,0
BRDA:49,3,1,0
BRDA:57,4,0,0
BRDA:57,4,1,0
BRF:10
BRH:0
end_of_record
TN:
SF:routes\user.routes.js
FN:58,validateUserAccess
FN:75,requireAdmin
FNF:2
FNH:0
FNDA:0,validateUserAccess
FNDA:0,requireAdmin
DA:1,1
DA:2,1
DA:3,1
DA:4,1
DA:5,1
DA:8,1
DA:16,1
DA:24,1
DA:27,1
DA:30,1
DA:33,1
DA:36,1
DA:39,1
DA:42,1
DA:45,1
DA:49,1
DA:52,1
DA:55,1
DA:59,0
DA:62,0
DA:63,0
DA:67,0
DA:68,0
DA:71,0
DA:76,0
DA:77,0
DA:79,0
DA:82,1
LF:28
LH:19
BRDA:62,0,0,0
BRDA:62,0,1,0
BRDA:67,1,0,0
BRDA:67,1,1,0
BRDA:76,2,0,0
BRDA:76,2,1,0
BRF:6
BRH:0
end_of_record
TN:
SF:schemas\classSessions.model.js
FNF:0
FNH:0
DA:1,1
DA:2,1
DA:4,1
DA:29,1
LF:4
LH:4
BRF:0
BRH:0
end_of_record
TN:
SF:schemas\classTypes.model.js
FNF:0
FNH:0
DA:1,1
DA:3,1
DA:17,1
LF:3
LH:3
BRF:0
BRH:0
end_of_record
TN:
SF:schemas\instructors.model.js
FNF:0
FNH:0
DA:1,1
DA:3,1
DA:13,1
LF:3
LH:3
BRF:0
BRH:0
end_of_record
TN:
SF:schemas\packages.model.js
FNF:0
FNH:0
DA:1,1
DA:4,1
DA:27,1
LF:3
LH:3
BRF:0
BRH:0
end_of_record
TN:
SF:schemas\purchases.model.js
FNF:0
FNH:0
DA:1,1
DA:2,1
DA:5,1
DA:33,1
DA:34,1
LF:5
LH:5
BRF:0
BRH:0
end_of_record
TN:
SF:schemas\reservations.model.js
FN:18,(anonymous_0)
FN:39,(anonymous_1)
FN:115,(anonymous_2)
FN:126,(anonymous_3)
FN:133,(anonymous_4)
FNF:5
FNH:0
FNDA:0,(anonymous_0)
FNDA:0,(anonymous_1)
FNDA:0,(anonymous_2)
FNDA:0,(anonymous_3)
FNDA:0,(anonymous_4)
DA:1,1
DA:2,1
DA:4,1
DA:19,0
DA:40,0
DA:109,1
DA:110,1
DA:111,1
DA:112,1
DA:115,1
DA:116,0
DA:118,0
DA:119,0
DA:120,0
DA:122,0
DA:126,1
DA:127,0
DA:133,1
DA:134,0
DA:135,0
DA:138,0
DA:139,0
DA:142,0
DA:143,0
DA:144,0
DA:146,0
DA:147,0
DA:150,0
DA:151,0
DA:158,0
DA:165,1
LF:31
LH:11
BRDA:116,0,0,0
BRDA:116,0,1,0
BRDA:116,1,0,0
BRDA:116,1,1,0
BRDA:127,2,0,0
BRDA:127,2,1,0
BRDA:127,2,2,0
BRDA:134,3,0,0
BRDA:134,3,1,0
BRDA:138,4,0,0
BRDA:138,4,1,0
BRDA:138,5,0,0
BRDA:138,5,1,0
BRDA:146,6,0,0
BRDA:146,6,1,0
BRDA:150,7,0,0
BRDA:150,7,1,0
BRF:17
BRH:0
end_of_record
TN:
SF:schemas\user.model.js
FN:28,(anonymous_0)
FN:36,(anonymous_1)
FNF:2
FNH:0
FNDA:0,(anonymous_0)
FNDA:0,(anonymous_1)
DA:1,1
DA:2,1
DA:3,1
DA:6,1
DA:28,1
DA:29,0
DA:30,0
DA:31,0
DA:32,0
DA:36,1
DA:37,0
DA:38,0
DA:40,0
DA:44,1
LF:14
LH:7
BRDA:29,0,0,0
BRDA:29,0,1,0
BRF:2
BRH:0
end_of_record
